Unity Editor version:    2021.3.8f1 (b30333d56e81)
Branch:                  2021.3/staging
Build type:              Release
Batch mode:              YES
macOS version:           Version 12.6 (Build 21G115)
Darwin version:          21.6.0
Architecture:            x86_64
Running under Rosetta:   NO
Available memory:        8192 MB
Using pre-set license
Pro License: YES

COMMAND LINE ARGUMENTS:
/Applications/Unity/Hub/Editor/2021.3.8f1/Unity.app/Contents/MacOS/Unity
-adb2
-batchMode
-noUpm
-name
AssetImportWorker0
-projectPath
/Users/kristijankorunoski/Downloads/CITS3200_14-main/app_version_1.3
-logFile
Logs/AssetImportWorker0.log
-srvPort
53726
Successfully changed project path to: /Users/kristijankorunoski/Downloads/CITS3200_14-main/app_version_1.3
/Users/kristijankorunoski/Downloads/CITS3200_14-main/app_version_1.3
[UnityMemory] Configuration Parameters - Can be set up in boot.config
    "memorysetup-bucket-allocator-granularity=16"
    "memorysetup-bucket-allocator-bucket-count=8"
    "memorysetup-bucket-allocator-block-size=33554432"
    "memorysetup-bucket-allocator-block-count=8"
    "memorysetup-main-allocator-block-size=16777216"
    "memorysetup-thread-allocator-block-size=16777216"
    "memorysetup-gfx-main-allocator-block-size=16777216"
    "memorysetup-gfx-thread-allocator-block-size=16777216"
    "memorysetup-cache-allocator-block-size=4194304"
    "memorysetup-typetree-allocator-block-size=2097152"
    "memorysetup-profiler-bucket-allocator-granularity=16"
    "memorysetup-profiler-bucket-allocator-bucket-count=8"
    "memorysetup-profiler-bucket-allocator-block-size=33554432"
    "memorysetup-profiler-bucket-allocator-block-count=8"
    "memorysetup-profiler-allocator-block-size=16777216"
    "memorysetup-profiler-editor-allocator-block-size=1048576"
    "memorysetup-temp-allocator-size-main=16777216"
    "memorysetup-job-temp-allocator-block-size=2097152"
    "memorysetup-job-temp-allocator-block-size-background=1048576"
    "memorysetup-job-temp-allocator-reduction-small-platforms=262144"
    "memorysetup-temp-allocator-size-background-worker=32768"
    "memorysetup-temp-allocator-size-job-worker=262144"
    "memorysetup-temp-allocator-size-preload-manager=33554432"
    "memorysetup-temp-allocator-size-nav-mesh-worker=65536"
    "memorysetup-temp-allocator-size-audio-worker=65536"
    "memorysetup-temp-allocator-size-cloud-worker=32768"
    "memorysetup-temp-allocator-size-gi-baking-worker=262144"
    "memorysetup-temp-allocator-size-gfx=262144"
Refreshing native plugins compatible for Editor in 690.69 ms, found 8 plugins.
Preloading 0 native plugins for Editor in 0.00 ms.
Initialize engine version: 2021.3.8f1 (b30333d56e81)
[Subsystems] Discovering subsystems at path /Applications/Unity/Hub/Editor/2021.3.8f1/Unity.app/Contents/Resources/UnitySubsystems
[Subsystems] Discovering subsystems at path /Users/kristijankorunoski/Downloads/CITS3200_14-main/app_version_1.3/Assets
GfxDevice: creating device client; threaded=0; jobified=0
ASUS VS247 preferred device: Intel(R) Iris(TM) Graphics 6000 (low power)
Metal devices available: 1
0: Intel(R) Iris(TM) Graphics 6000 (low power)
Using device Intel(R) Iris(TM) Graphics 6000 (low power)
Initializing Metal device caps: Intel(R) Iris(TM) Graphics 6000
Initialize mono
Mono path[0] = '/Applications/Unity/Hub/Editor/2021.3.8f1/Unity.app/Contents/Managed'
Mono path[1] = '/Applications/Unity/Hub/Editor/2021.3.8f1/Unity.app/Contents/MonoBleedingEdge/lib/mono/unityjit-macos'
Mono config path = '/Applications/Unity/Hub/Editor/2021.3.8f1/Unity.app/Contents/MonoBleedingEdge/etc'
Using monoOptions --debugger-agent=transport=dt_socket,embedding=1,server=y,suspend=n,address=127.0.0.1:56570
Begin MonoManager ReloadAssembly
Registering precompiled unity dll's ...
Register platform support module: /Applications/Unity/Hub/Editor/2021.3.8f1/PlaybackEngines/WebGLSupport/UnityEditor.WebGL.Extensions.dll
Register platform support module: /Applications/Unity/Hub/Editor/2021.3.8f1/Unity.app/Contents/PlaybackEngines/MacStandaloneSupport/UnityEditor.OSXStandalone.Extensions.dll
Register platform support module: /Applications/Unity/Hub/Editor/2021.3.8f1/PlaybackEngines/AndroidPlayer/UnityEditor.Android.Extensions.dll
Register platform support module: /Applications/Unity/Hub/Editor/2021.3.8f1/PlaybackEngines/iOSSupport/UnityEditor.iOS.Extensions.dll
Registered in 0.013539 seconds.
[usbmuxd] Start listen thread
[usbmuxd] Listen thread started
[usbmuxd] Send listen message
Native extension for iOS target not found
Native extension for Android target not found
Native extension for OSXStandalone target not found
Native extension for WebGL target not found
Refreshing native plugins compatible for Editor in 438.12 ms, found 8 plugins.
Preloading 0 native plugins for Editor in 0.00 ms.
Mono: successfully reloaded assembly
- Completed reload, in  3.791 seconds
Domain Reload Profiling:
	ReloadAssembly (3793ms)
		BeginReloadAssembly (347ms)
			ExecutionOrderSort (0ms)
			DisableScriptedObjects (0ms)
			BackupInstance (0ms)
			ReleaseScriptingObjects (0ms)
			CreateAndSetChildDomain (2ms)
		EndReloadAssembly (2961ms)
			LoadAssemblies (363ms)
			RebuildTransferFunctionScriptingTraits (0ms)
			SetupTypeCache (822ms)
			ReleaseScriptCaches (0ms)
			RebuildScriptCaches (166ms)
			SetupLoadedEditorAssemblies (1715ms)
				LogAssemblyErrors (0ms)
				InitializePlatformSupportModulesInManaged (386ms)
				SetLoadedEditorAssemblies (4ms)
				RefreshPlugins (438ms)
				BeforeProcessingInitializeOnLoad (6ms)
				ProcessInitializeOnLoadAttributes (652ms)
				ProcessInitializeOnLoadMethodAttributes (229ms)
				AfterProcessingInitializeOnLoad (0ms)
				EditorAssembliesLoaded (0ms)
			ExecutionOrderSort2 (0ms)
			AwakeInstancesAfterBackupRestoration (0ms)
Platform modules already initialized, skipping
Registering precompiled user dll's ...
Registered in 0.086883 seconds.
Android Extension - Scanning For ADB Devices 4714 ms
Begin MonoManager ReloadAssembly
Symbol file LoadedFromMemory doesn't match image /Users/kristijankorunoski/Downloads/CITS3200_14-main/app_version_1.3/Library/PackageCache/com.unity.visualscripting@1.7.8/Editor/VisualScripting.Core/Dependencies/DotNetZip/Unity.VisualScripting.IonicZip.dll
Symbol file LoadedFromMemory doesn't match image /Users/kristijankorunoski/Downloads/CITS3200_14-main/app_version_1.3/Library/PackageCache/com.unity.visualscripting@1.7.8/Editor/VisualScripting.Core/Dependencies/YamlDotNet/Unity.VisualScripting.YamlDotNet.dll
Native extension for iOS target not found
Native extension for Android target not found
Native extension for OSXStandalone target not found
Native extension for WebGL target not found
Refreshing native plugins compatible for Editor in 362.57 ms, found 8 plugins.
Preloading 0 native plugins for Editor in 0.00 ms.
Mono: successfully reloaded assembly
Package Manager log level set to [2]
- Completed reload, in  6.036 seconds
Domain Reload Profiling:
	ReloadAssembly (6042ms)
		BeginReloadAssembly (642ms)
			ExecutionOrderSort (0ms)
			DisableScriptedObjects (34ms)
			BackupInstance (0ms)
			ReleaseScriptingObjects (0ms)
			CreateAndSetChildDomain (110ms)
		EndReloadAssembly (4822ms)
			LoadAssemblies (678ms)
			RebuildTransferFunctionScriptingTraits (0ms)
			SetupTypeCache (1297ms)
			ReleaseScriptCaches (6ms)
			RebuildScriptCaches (362ms)
			SetupLoadedEditorAssemblies (2297ms)
				LogAssemblyErrors (0ms)
				InitializePlatformSupportModulesInManaged (103ms)
				SetLoadedEditorAssemblies (1ms)
				RefreshPlugins (363ms)
				BeforeProcessingInitializeOnLoad (364ms)
				ProcessInitializeOnLoadAttributes (1285ms)
				ProcessInitializeOnLoadMethodAttributes (174ms)
				AfterProcessingInitializeOnLoad (5ms)
				EditorAssembliesLoaded (1ms)
			ExecutionOrderSort2 (0ms)
			AwakeInstancesAfterBackupRestoration (12ms)
Platform modules already initialized, skipping
========================================================================
Worker process is ready to serve import requests
Launching external process: /Applications/Unity/Hub/Editor/2021.3.8f1/Unity.app/Contents/Tools/UnityShaderCompiler
Launched and connected shader compiler UnityShaderCompiler after 0.33 seconds
Refreshing native plugins compatible for Editor in 5.18 ms, found 8 plugins.
Preloading 0 native plugins for Editor in 0.00 ms.
Unloading 4465 Unused Serialized files (Serialized files now loaded: 0)
Unloading 175 unused Assets / (46.4 KB). Loaded Objects now: 4798.
Memory consumption went from 284.4 MB to 284.4 MB.
Total: 10.490058 ms (FindLiveObjects: 0.699692 ms CreateObjectMapping: 1.135629 ms MarkObjects: 7.986815 ms  DeleteObjects: 0.665206 ms)

AssetImportParameters requested are different than current active one (requested -> active):
  custom:video-decoder-ogg-theora: a1e56fd34408186e4bbccfd4996cb3dc -> 
  custom:container-muxer-webm: aa71ff27fc2769a1b78a27578f13a17b -> 
  custom:container-demuxer-webm: 4f35f7cbe854078d1ac9338744f61a02 -> 
  custom:video-encoder-webm-vp8: eb34c28f22e8b96e1ab97ce403110664 -> 
  custom:framework-osx-AVFoundation: e770b220cccbd017edd2c1fefb359320 -> 
  custom:audio-encoder-webm-vorbis: bf7c407c2cedff20999df2af8eb42d56 -> 
  custom:container-demuxer-ogg: 62fdf1f143b41e24485cea50d1cbac27 -> 
  custom:video-decoder-webm-vp8: 9c59270c3fd7afecdb556c50c9e8de78 -> 
  custom:audio-decoder-ogg-vorbis: bf7c407c2cedff20999df2af8eb42d56 -> 
========================================================================
Received Import Request.
  Time since last request: 13517.825863 seconds.
  path: Assets/email.png
  artifactKey: Guid(d3b4934ab45cc4c2682eab9b6fc41c08) Importer(815301076,1909f56bfc062723c751e8b465ee728b)
Start importing Assets/email.png using Guid(d3b4934ab45cc4c2682eab9b6fc41c08) Importer(815301076,1909f56bfc062723c751e8b465ee728b)  -> (artifact id: '268c69c24c3d2bd2b96c26dfd416b56a') in 4.349618 seconds 
========================================================================
Received Import Request.
  Time since last request: 0.007324 seconds.
  path: Assets/noun-search-5100698.png
  artifactKey: Guid(417ea9743c08248f9b585d0cdbd9bcf0) Importer(815301076,1909f56bfc062723c751e8b465ee728b)
Start importing Assets/noun-search-5100698.png using Guid(417ea9743c08248f9b585d0cdbd9bcf0) Importer(815301076,1909f56bfc062723c751e8b465ee728b)  -> (artifact id: '0f83e068a7175db8aa6a19bf91799ebd') in 0.225181 seconds 
========================================================================
Received Import Request.
  Time since last request: 0.000141 seconds.
  path: Assets/noun-home-5095179 1.png
  artifactKey: Guid(0052158877ac74ee98b9922b55e42647) Importer(815301076,1909f56bfc062723c751e8b465ee728b)
Start importing Assets/noun-home-5095179 1.png using Guid(0052158877ac74ee98b9922b55e42647) Importer(815301076,1909f56bfc062723c751e8b465ee728b)  -> (artifact id: '87e2ce271227760f537f84c4e4f415a0') in 0.113478 seconds 
========================================================================
Received Import Request.
  Time since last request: 15.661154 seconds.
  path: Assets/Scenes/Load.unity
  artifactKey: Guid(79e5c3e42a5c14eca8e664b9d9068b76) Importer(815301076,1909f56bfc062723c751e8b465ee728b)
Start importing Assets/Scenes/Load.unity using Guid(79e5c3e42a5c14eca8e664b9d9068b76) Importer(815301076,1909f56bfc062723c751e8b465ee728b)  -> (artifact id: '0bcb52ab842b0fe351a8892a1ef6fc38') in 0.001536 seconds 
========================================================================
Received Import Request.
  Time since last request: 1.995686 seconds.
  path: Assets/Scenes/Main.unity
  artifactKey: Guid(4993e5c7c7bfe41a4b565de1dc7bb665) Importer(815301076,1909f56bfc062723c751e8b465ee728b)
Start importing Assets/Scenes/Main.unity using Guid(4993e5c7c7bfe41a4b565de1dc7bb665) Importer(815301076,1909f56bfc062723c751e8b465ee728b)  -> (artifact id: '2277ce95ef4778567985b387098115a2') in 0.004154 seconds 
========================================================================
Received Prepare
Registering precompiled user dll's ...
Registered in 0.039474 seconds.
Begin MonoManager ReloadAssembly
Symbol file LoadedFromMemory doesn't match image /Users/kristijankorunoski/Downloads/CITS3200_14-main/app_version_1.3/Library/PackageCache/com.unity.visualscripting@1.7.8/Editor/VisualScripting.Core/Dependencies/DotNetZip/Unity.VisualScripting.IonicZip.dll
Symbol file LoadedFromMemory doesn't match image /Users/kristijankorunoski/Downloads/CITS3200_14-main/app_version_1.3/Library/PackageCache/com.unity.visualscripting@1.7.8/Editor/VisualScripting.Core/Dependencies/YamlDotNet/Unity.VisualScripting.YamlDotNet.dll
Native extension for iOS target not found
Native extension for Android target not found
Native extension for OSXStandalone target not found
Native extension for WebGL target not found
Refreshing native plugins compatible for Editor in 2.65 ms, found 8 plugins.
Preloading 0 native plugins for Editor in 0.00 ms.
Mono: successfully reloaded assembly
- Completed reload, in  3.281 seconds
Domain Reload Profiling:
	ReloadAssembly (3283ms)
		BeginReloadAssembly (511ms)
			ExecutionOrderSort (0ms)
			DisableScriptedObjects (17ms)
			BackupInstance (0ms)
			ReleaseScriptingObjects (0ms)
			CreateAndSetChildDomain (237ms)
		EndReloadAssembly (2487ms)
			LoadAssemblies (394ms)
			RebuildTransferFunctionScriptingTraits (0ms)
			SetupTypeCache (838ms)
			ReleaseScriptCaches (3ms)
			RebuildScriptCaches (168ms)
			SetupLoadedEditorAssemblies (1029ms)
				LogAssemblyErrors (0ms)
				InitializePlatformSupportModulesInManaged (81ms)
				SetLoadedEditorAssemblies (2ms)
				RefreshPlugins (3ms)
				BeforeProcessingInitializeOnLoad (168ms)
				ProcessInitializeOnLoadAttributes (653ms)
				ProcessInitializeOnLoadMethodAttributes (120ms)
				AfterProcessingInitializeOnLoad (3ms)
				EditorAssembliesLoaded (1ms)
			ExecutionOrderSort2 (0ms)
			AwakeInstancesAfterBackupRestoration (23ms)
Platform modules already initialized, skipping
Refreshing native plugins compatible for Editor in 87.26 ms, found 8 plugins.
Preloading 0 native plugins for Editor in 0.00 ms.
Unloading 4440 Unused Serialized files (Serialized files now loaded: 0)
Unloading 162 unused Assets / (25.2 KB). Loaded Objects now: 4810.
Memory consumption went from 291.0 MB to 291.0 MB.
Total: 15.221641 ms (FindLiveObjects: 1.925406 ms CreateObjectMapping: 0.797856 ms MarkObjects: 11.709096 ms  DeleteObjects: 0.783520 ms)

AssetImportParameters requested are different than current active one (requested -> active):
  custom:video-decoder-ogg-theora: a1e56fd34408186e4bbccfd4996cb3dc -> 
  custom:container-muxer-webm: aa71ff27fc2769a1b78a27578f13a17b -> 
  custom:container-demuxer-webm: 4f35f7cbe854078d1ac9338744f61a02 -> 
  custom:video-encoder-webm-vp8: eb34c28f22e8b96e1ab97ce403110664 -> 
  custom:framework-osx-AVFoundation: e770b220cccbd017edd2c1fefb359320 -> 
  custom:audio-encoder-webm-vorbis: bf7c407c2cedff20999df2af8eb42d56 -> 
  custom:container-demuxer-ogg: 62fdf1f143b41e24485cea50d1cbac27 -> 
  custom:video-decoder-webm-vp8: 9c59270c3fd7afecdb556c50c9e8de78 -> 
  custom:audio-decoder-ogg-vorbis: bf7c407c2cedff20999df2af8eb42d56 -> 
========================================================================
Received Import Request.
  Time since last request: 1037.218014 seconds.
  path: Assets/AuthManager.cs
  artifactKey: Guid(3f0a385d318ec4df686bba26586f0292) Importer(815301076,1909f56bfc062723c751e8b465ee728b)
Start importing Assets/AuthManager.cs using Guid(3f0a385d318ec4df686bba26586f0292) Importer(815301076,1909f56bfc062723c751e8b465ee728b)  -> (artifact id: '1e90df49b1e660bcaa065908517c83ae') in 0.722778 seconds 
========================================================================
Received Import Request.
  Time since last request: 1.282909 seconds.
  path: Assets/Notifications.cs
  artifactKey: Guid(d7e2974f29d3a44b1bbeb73f9cec51a3) Importer(815301076,1909f56bfc062723c751e8b465ee728b)
Start importing Assets/Notifications.cs using Guid(d7e2974f29d3a44b1bbeb73f9cec51a3) Importer(815301076,1909f56bfc062723c751e8b465ee728b)  -> (artifact id: '0bd034dd6a3e7ed51d6d74687cb7924e') in 0.004068 seconds 
========================================================================
Received Import Request.
  Time since last request: 15.936239 seconds.
  path: Assets/Images
  artifactKey: Guid(31fc582c948104c4a851d235ac43a626) Importer(815301076,1909f56bfc062723c751e8b465ee728b)
Start importing Assets/Images using Guid(31fc582c948104c4a851d235ac43a626) Importer(815301076,1909f56bfc062723c751e8b465ee728b)  -> (artifact id: 'a2d6314c5cdc2f54165eb6f85f5af6b5') in 0.003812 seconds 
========================================================================
Received Prepare
Registering precompiled user dll's ...
Registered in 0.011915 seconds.
Begin MonoManager ReloadAssembly
Symbol file LoadedFromMemory doesn't match image /Users/kristijankorunoski/Downloads/CITS3200_14-main/app_version_1.3/Library/PackageCache/com.unity.visualscripting@1.7.8/Editor/VisualScripting.Core/Dependencies/DotNetZip/Unity.VisualScripting.IonicZip.dll
Symbol file LoadedFromMemory doesn't match image /Users/kristijankorunoski/Downloads/CITS3200_14-main/app_version_1.3/Library/PackageCache/com.unity.visualscripting@1.7.8/Editor/VisualScripting.Core/Dependencies/YamlDotNet/Unity.VisualScripting.YamlDotNet.dll
Native extension for iOS target not found
Native extension for Android target not found
Native extension for OSXStandalone target not found
Native extension for WebGL target not found
Refreshing native plugins compatible for Editor in 3.32 ms, found 8 plugins.
Preloading 0 native plugins for Editor in 0.00 ms.
Mono: successfully reloaded assembly
- Completed reload, in  3.218 seconds
Domain Reload Profiling:
	ReloadAssembly (3222ms)
		BeginReloadAssembly (592ms)
			ExecutionOrderSort (0ms)
			DisableScriptedObjects (32ms)
			BackupInstance (0ms)
			ReleaseScriptingObjects (0ms)
			CreateAndSetChildDomain (268ms)
		EndReloadAssembly (2426ms)
			LoadAssemblies (531ms)
			RebuildTransferFunctionScriptingTraits (0ms)
			SetupTypeCache (740ms)
			ReleaseScriptCaches (3ms)
			RebuildScriptCaches (164ms)
			SetupLoadedEditorAssemblies (939ms)
				LogAssemblyErrors (0ms)
				InitializePlatformSupportModulesInManaged (80ms)
				SetLoadedEditorAssemblies (2ms)
				RefreshPlugins (3ms)
				BeforeProcessingInitializeOnLoad (181ms)
				ProcessInitializeOnLoadAttributes (592ms)
				ProcessInitializeOnLoadMethodAttributes (79ms)
				AfterProcessingInitializeOnLoad (1ms)
				EditorAssembliesLoaded (0ms)
			ExecutionOrderSort2 (0ms)
			AwakeInstancesAfterBackupRestoration (12ms)
Platform modules already initialized, skipping
Refreshing native plugins compatible for Editor in 27.61 ms, found 8 plugins.
Preloading 0 native plugins for Editor in 0.00 ms.
Unloading 4440 Unused Serialized files (Serialized files now loaded: 0)
Unloading 162 unused Assets / (25.1 KB). Loaded Objects now: 4813.
Memory consumption went from 295.5 MB to 295.4 MB.
Total: 11.801395 ms (FindLiveObjects: 0.699040 ms CreateObjectMapping: 0.633565 ms MarkObjects: 10.289678 ms  DeleteObjects: 0.177160 ms)

AssetImportParameters requested are different than current active one (requested -> active):
  custom:video-decoder-ogg-theora: a1e56fd34408186e4bbccfd4996cb3dc -> 
  custom:container-muxer-webm: aa71ff27fc2769a1b78a27578f13a17b -> 
  custom:container-demuxer-webm: 4f35f7cbe854078d1ac9338744f61a02 -> 
  custom:video-encoder-webm-vp8: eb34c28f22e8b96e1ab97ce403110664 -> 
  custom:framework-osx-AVFoundation: e770b220cccbd017edd2c1fefb359320 -> 
  custom:audio-encoder-webm-vorbis: bf7c407c2cedff20999df2af8eb42d56 -> 
  custom:container-demuxer-ogg: 62fdf1f143b41e24485cea50d1cbac27 -> 
  custom:video-decoder-webm-vp8: 9c59270c3fd7afecdb556c50c9e8de78 -> 
  custom:audio-decoder-ogg-vorbis: bf7c407c2cedff20999df2af8eb42d56 -> 
========================================================================
Received Import Request.
  Time since last request: 35.469595 seconds.
  path: Assets/StreamingAssets
  artifactKey: Guid(359eeee9d39f84e5b97ef33e193977e2) Importer(815301076,1909f56bfc062723c751e8b465ee728b)
Start importing Assets/StreamingAssets using Guid(359eeee9d39f84e5b97ef33e193977e2) Importer(815301076,1909f56bfc062723c751e8b465ee728b)  -> (artifact id: '4fbf7ef4230eb575dd20d18d6d41e9cd') in 0.038150 seconds 
========================================================================
Received Import Request.
  Time since last request: 2.639575 seconds.
  path: Assets/google-services.json
  artifactKey: Guid(735bfaf201d0d4f98a3e8613911caffb) Importer(815301076,1909f56bfc062723c751e8b465ee728b)
Start importing Assets/google-services.json using Guid(735bfaf201d0d4f98a3e8613911caffb) Importer(815301076,1909f56bfc062723c751e8b465ee728b)  -> (artifact id: '612202a8e4e2cd75626838cbee0933ae') in 2.157897 seconds 
========================================================================
Received Import Request.
  Time since last request: 0.087044 seconds.
  path: Assets/GoogleService-Info.plist
  artifactKey: Guid(fabcebb4a176a4c42ab8dacda0cea201) Importer(815301076,1909f56bfc062723c751e8b465ee728b)
Start importing Assets/GoogleService-Info.plist using Guid(fabcebb4a176a4c42ab8dacda0cea201) Importer(815301076,1909f56bfc062723c751e8b465ee728b)  -> (artifact id: '4b52e55ac70d8599e6f6150dfa4823ee') in 2.076413 seconds 
========================================================================
Received Import Request.
  Time since last request: 0.159804 seconds.
  path: Assets/StreamingAssets/google-services-desktop.json
  artifactKey: Guid(a3c5792ac87014bf5a9474f88ee63ba1) Importer(815301076,1909f56bfc062723c751e8b465ee728b)
Start importing Assets/StreamingAssets/google-services-desktop.json using Guid(a3c5792ac87014bf5a9474f88ee63ba1) Importer(815301076,1909f56bfc062723c751e8b465ee728b)  -> (artifact id: '12d896dcb7ad350a54cd5c7fb5b1ed3e') in 0.005538 seconds 
========================================================================
Received Import Request.
  Time since last request: 15.809388 seconds.
  path: Assets/Scripts
  artifactKey: Guid(c4e594c07940647aa8f78d8a31c6cdd9) Importer(815301076,1909f56bfc062723c751e8b465ee728b)
Start importing Assets/Scripts using Guid(c4e594c07940647aa8f78d8a31c6cdd9) Importer(815301076,1909f56bfc062723c751e8b465ee728b)  -> (artifact id: '82c6fa76cd74c0e8121e72f2468e9d54') in 0.004130 seconds 
========================================================================
Received Import Request.
  Time since last request: 0.049887 seconds.
  path: Assets/Scripts/absolutvision-82TpEld0_e4-unsplash-modified.png
  artifactKey: Guid(a13c6c1568e2744e993dc22d859fa5a5) Importer(815301076,1909f56bfc062723c751e8b465ee728b)
Start importing Assets/Scripts/absolutvision-82TpEld0_e4-unsplash-modified.png using Guid(a13c6c1568e2744e993dc22d859fa5a5) Importer(815301076,1909f56bfc062723c751e8b465ee728b)  -> (artifact id: 'c3454ec4f78df1a6ab9a18565a29d902') in 1.056329 seconds 
========================================================================
Received Import Request.
  Time since last request: 0.000121 seconds.
  path: Assets/Scripts/LoginButton.png
  artifactKey: Guid(774c17f14689547cfbde05befcebc826) Importer(815301076,1909f56bfc062723c751e8b465ee728b)
Start importing Assets/Scripts/LoginButton.png using Guid(774c17f14689547cfbde05befcebc826) Importer(815301076,1909f56bfc062723c751e8b465ee728b)  -> (artifact id: 'a8f484123aa1599ca0c5ebec71f81ec3') in 0.270330 seconds 
========================================================================
Received Import Request.
  Time since last request: 0.000122 seconds.
  path: Assets/Scripts/Rounded10px@4x.png
  artifactKey: Guid(901012849caaa4c9e8a6123b8d3d3009) Importer(815301076,1909f56bfc062723c751e8b465ee728b)
Start importing Assets/Scripts/Rounded10px@4x.png using Guid(901012849caaa4c9e8a6123b8d3d3009) Importer(815301076,1909f56bfc062723c751e8b465ee728b)  -> (artifact id: 'e088f0e620f232e1ef7537ed629f237d') in 0.077702 seconds 
========================================================================
Received Import Request.
  Time since last request: 0.007940 seconds.
  path: Assets/Scripts/compass.png
  artifactKey: Guid(741199272bb624593b6c8e1f5828bbde) Importer(815301076,1909f56bfc062723c751e8b465ee728b)
Start importing Assets/Scripts/compass.png using Guid(741199272bb624593b6c8e1f5828bbde) Importer(815301076,1909f56bfc062723c751e8b465ee728b)  -> (artifact id: 'bcfccb4fa9a0a706f80fa7e73e523a09') in 0.105573 seconds 
========================================================================
Received Import Request.
  Time since last request: 0.000126 seconds.
  path: Assets/Scripts/noun-profile-icon-638636.png
  artifactKey: Guid(d5f4558e325af41728ae78eb5948ab82) Importer(815301076,1909f56bfc062723c751e8b465ee728b)
Start importing Assets/Scripts/noun-profile-icon-638636.png using Guid(d5f4558e325af41728ae78eb5948ab82) Importer(815301076,1909f56bfc062723c751e8b465ee728b)  -> (artifact id: '276326417064602e608531c9c243a08e') in 0.103965 seconds 
========================================================================
Received Import Request.
  Time since last request: 0.000666 seconds.
  path: Assets/Scripts/left-arrow.png
  artifactKey: Guid(9de74c1523e3f41aea5021d18c78433f) Importer(815301076,1909f56bfc062723c751e8b465ee728b)
Start importing Assets/Scripts/left-arrow.png using Guid(9de74c1523e3f41aea5021d18c78433f) Importer(815301076,1909f56bfc062723c751e8b465ee728b)  -> (artifact id: '9f6ce2266e9c387d70d6f25e1bdf2cd5') in 0.088760 seconds 
========================================================================
Received Import Request.
  Time since last request: 0.000111 seconds.
  path: Assets/Scripts/noun-chat-5117887.png
  artifactKey: Guid(4b247e71766b54c47828e18c3ef4c791) Importer(815301076,1909f56bfc062723c751e8b465ee728b)
Start importing Assets/Scripts/noun-chat-5117887.png using Guid(4b247e71766b54c47828e18c3ef4c791) Importer(815301076,1909f56bfc062723c751e8b465ee728b)  -> (artifact id: 'bfc9cf4f368f264e4bea2d113a5a6444') in 0.163618 seconds 
========================================================================
Received Import Request.
  Time since last request: 0.000962 seconds.
  path: Assets/Scripts/small-modified.png
  artifactKey: Guid(76898ef67e72b445eab7ecc79487e153) Importer(815301076,1909f56bfc062723c751e8b465ee728b)
Start importing Assets/Scripts/small-modified.png using Guid(76898ef67e72b445eab7ecc79487e153) Importer(815301076,1909f56bfc062723c751e8b465ee728b)  -> (artifact id: 'edcb4277aa40308e9f8a45339e66be51') in 0.123278 seconds 
========================================================================
Received Import Request.
  Time since last request: 0.000108 seconds.
  path: Assets/Scripts/Rounded5px@2x.png
  artifactKey: Guid(8495337958bb74a9e8576ec28ba37342) Importer(815301076,1909f56bfc062723c751e8b465ee728b)
Start importing Assets/Scripts/Rounded5px@2x.png using Guid(8495337958bb74a9e8576ec28ba37342) Importer(815301076,1909f56bfc062723c751e8b465ee728b)  -> (artifact id: '0246c8bb0b6169ccd25cee5caa8f75c0') in 0.099969 seconds 
========================================================================
Received Prepare
Registering precompiled user dll's ...
Registered in 0.121467 seconds.
Begin MonoManager ReloadAssembly
Symbol file LoadedFromMemory doesn't match image /Users/kristijankorunoski/Downloads/CITS3200_14-main/app_version_1.3/Library/PackageCache/com.unity.visualscripting@1.7.8/Editor/VisualScripting.Core/Dependencies/DotNetZip/Unity.VisualScripting.IonicZip.dll
Symbol file LoadedFromMemory doesn't match image /Users/kristijankorunoski/Downloads/CITS3200_14-main/app_version_1.3/Library/PackageCache/com.unity.visualscripting@1.7.8/Editor/VisualScripting.Core/Dependencies/YamlDotNet/Unity.VisualScripting.YamlDotNet.dll
Native extension for iOS target not found
Native extension for Android target not found
Native extension for OSXStandalone target not found
Native extension for WebGL target not found
Refreshing native plugins compatible for Editor in 5.31 ms, found 8 plugins.
Preloading 0 native plugins for Editor in 0.00 ms.
Mono: successfully reloaded assembly
- Completed reload, in  4.061 seconds
Domain Reload Profiling:
	ReloadAssembly (4065ms)
		BeginReloadAssembly (668ms)
			ExecutionOrderSort (0ms)
			DisableScriptedObjects (47ms)
			BackupInstance (0ms)
			ReleaseScriptingObjects (0ms)
			CreateAndSetChildDomain (252ms)
		EndReloadAssembly (3025ms)
			LoadAssemblies (588ms)
			RebuildTransferFunctionScriptingTraits (0ms)
			SetupTypeCache (852ms)
			ReleaseScriptCaches (2ms)
			RebuildScriptCaches (130ms)
			SetupLoadedEditorAssemblies (1452ms)
				LogAssemblyErrors (0ms)
				InitializePlatformSupportModulesInManaged (58ms)
				SetLoadedEditorAssemblies (3ms)
				RefreshPlugins (5ms)
				BeforeProcessingInitializeOnLoad (173ms)
				ProcessInitializeOnLoadAttributes (1106ms)
				ProcessInitializeOnLoadMethodAttributes (105ms)
				AfterProcessingInitializeOnLoad (3ms)
				EditorAssembliesLoaded (0ms)
			ExecutionOrderSort2 (0ms)
			AwakeInstancesAfterBackupRestoration (20ms)
Platform modules already initialized, skipping
Refreshing native plugins compatible for Editor in 18.56 ms, found 8 plugins.
Preloading 0 native plugins for Editor in 0.00 ms.
Unloading 4467 Unused Serialized files (Serialized files now loaded: 0)
Unloading 163 unused Assets / (25.2 KB). Loaded Objects now: 4854.
Memory consumption went from 305.2 MB to 305.2 MB.
Total: 6.548425 ms (FindLiveObjects: 0.520099 ms CreateObjectMapping: 0.485264 ms MarkObjects: 5.356525 ms  DeleteObjects: 0.184441 ms)

AssetImportParameters requested are different than current active one (requested -> active):
  custom:video-decoder-ogg-theora: a1e56fd34408186e4bbccfd4996cb3dc -> 
  custom:container-muxer-webm: aa71ff27fc2769a1b78a27578f13a17b -> 
  custom:container-demuxer-webm: 4f35f7cbe854078d1ac9338744f61a02 -> 
  custom:video-encoder-webm-vp8: eb34c28f22e8b96e1ab97ce403110664 -> 
  custom:framework-osx-AVFoundation: e770b220cccbd017edd2c1fefb359320 -> 
  custom:audio-encoder-webm-vorbis: bf7c407c2cedff20999df2af8eb42d56 -> 
  custom:container-demuxer-ogg: 62fdf1f143b41e24485cea50d1cbac27 -> 
  custom:video-decoder-webm-vp8: 9c59270c3fd7afecdb556c50c9e8de78 -> 
  custom:audio-decoder-ogg-vorbis: bf7c407c2cedff20999df2af8eb42d56 -> 
========================================================================
Received Prepare
Registering precompiled user dll's ...
Registered in 0.012133 seconds.
Begin MonoManager ReloadAssembly
Symbol file LoadedFromMemory doesn't match image /Users/kristijankorunoski/Downloads/CITS3200_14-main/app_version_1.3/Library/PackageCache/com.unity.visualscripting@1.7.8/Editor/VisualScripting.Core/Dependencies/DotNetZip/Unity.VisualScripting.IonicZip.dll
Symbol file LoadedFromMemory doesn't match image /Users/kristijankorunoski/Downloads/CITS3200_14-main/app_version_1.3/Library/PackageCache/com.unity.visualscripting@1.7.8/Editor/VisualScripting.Core/Dependencies/YamlDotNet/Unity.VisualScripting.YamlDotNet.dll
Native extension for iOS target not found
Native extension for Android target not found
Native extension for OSXStandalone target not found
Native extension for WebGL target not found
Refreshing native plugins compatible for Editor in 2.37 ms, found 8 plugins.
Preloading 0 native plugins for Editor in 0.00 ms.
Mono: successfully reloaded assembly
- Completed reload, in  2.617 seconds
Domain Reload Profiling:
	ReloadAssembly (2618ms)
		BeginReloadAssembly (266ms)
			ExecutionOrderSort (0ms)
			DisableScriptedObjects (14ms)
			BackupInstance (0ms)
			ReleaseScriptingObjects (0ms)
			CreateAndSetChildDomain (120ms)
		EndReloadAssembly (2094ms)
			LoadAssemblies (163ms)
			RebuildTransferFunctionScriptingTraits (0ms)
			SetupTypeCache (862ms)
			ReleaseScriptCaches (2ms)
			RebuildScriptCaches (109ms)
			SetupLoadedEditorAssemblies (849ms)
				LogAssemblyErrors (0ms)
				InitializePlatformSupportModulesInManaged (59ms)
				SetLoadedEditorAssemblies (1ms)
				RefreshPlugins (2ms)
				BeforeProcessingInitializeOnLoad (202ms)
				ProcessInitializeOnLoadAttributes (513ms)
				ProcessInitializeOnLoadMethodAttributes (69ms)
				AfterProcessingInitializeOnLoad (2ms)
				EditorAssembliesLoaded (0ms)
			ExecutionOrderSort2 (0ms)
			AwakeInstancesAfterBackupRestoration (13ms)
Platform modules already initialized, skipping
Refreshing native plugins compatible for Editor in 18.99 ms, found 8 plugins.
Preloading 0 native plugins for Editor in 0.00 ms.
Unloading 4467 Unused Serialized files (Serialized files now loaded: 0)
Unloading 163 unused Assets / (25.1 KB). Loaded Objects now: 4857.
Memory consumption went from 305.4 MB to 305.4 MB.
Total: 6.463714 ms (FindLiveObjects: 0.493442 ms CreateObjectMapping: 0.589270 ms MarkObjects: 5.256435 ms  DeleteObjects: 0.123001 ms)

AssetImportParameters requested are different than current active one (requested -> active):
  custom:video-decoder-ogg-theora: a1e56fd34408186e4bbccfd4996cb3dc -> 
  custom:container-muxer-webm: aa71ff27fc2769a1b78a27578f13a17b -> 
  custom:container-demuxer-webm: 4f35f7cbe854078d1ac9338744f61a02 -> 
  custom:video-encoder-webm-vp8: eb34c28f22e8b96e1ab97ce403110664 -> 
  custom:framework-osx-AVFoundation: e770b220cccbd017edd2c1fefb359320 -> 
  custom:audio-encoder-webm-vorbis: bf7c407c2cedff20999df2af8eb42d56 -> 
  custom:container-demuxer-ogg: 62fdf1f143b41e24485cea50d1cbac27 -> 
  custom:video-decoder-webm-vp8: 9c59270c3fd7afecdb556c50c9e8de78 -> 
  custom:audio-decoder-ogg-vorbis: bf7c407c2cedff20999df2af8eb42d56 -> 
========================================================================
Received Import Request.
  Time since last request: 966.579042 seconds.
  path: Assets/Scenes/Mainold.unity
  artifactKey: Guid(5f74db349297044bda2ba5b0399103f1) Importer(815301076,1909f56bfc062723c751e8b465ee728b)
Start importing Assets/Scenes/Mainold.unity using Guid(5f74db349297044bda2ba5b0399103f1) Importer(815301076,1909f56bfc062723c751e8b465ee728b)  -> (artifact id: '83d840497539e8f4401718535c424098') in 0.010682 seconds 
========================================================================
Received Import Request.
  Time since last request: 332.185410 seconds.
  path: Assets/Scenes/Main.unity
  artifactKey: Guid(4993e5c7c7bfe41a4b565de1dc7bb665) Importer(815301076,1909f56bfc062723c751e8b465ee728b)
Start importing Assets/Scenes/Main.unity using Guid(4993e5c7c7bfe41a4b565de1dc7bb665) Importer(815301076,1909f56bfc062723c751e8b465ee728b)  -> (artifact id: '9322a6ea7958081dccf4dec16d6e0e87') in 0.005061 seconds 
========================================================================
Received Import Request.
  Time since last request: 76.828005 seconds.
  path: Assets/Scenes/Main.unity
  artifactKey: Guid(4993e5c7c7bfe41a4b565de1dc7bb665) Importer(815301076,1909f56bfc062723c751e8b465ee728b)
Start importing Assets/Scenes/Main.unity using Guid(4993e5c7c7bfe41a4b565de1dc7bb665) Importer(815301076,1909f56bfc062723c751e8b465ee728b)  -> (artifact id: '2328a68238a3f56b7216202de69d5c07') in 0.002536 seconds 
========================================================================
Received Import Request.
  Time since last request: 6.386674 seconds.
  path: Assets/Scenes/Mainold.unity
  artifactKey: Guid(5f74db349297044bda2ba5b0399103f1) Importer(815301076,1909f56bfc062723c751e8b465ee728b)
Start importing Assets/Scenes/Mainold.unity using Guid(5f74db349297044bda2ba5b0399103f1) Importer(815301076,1909f56bfc062723c751e8b465ee728b)  -> (artifact id: 'f117e7b609e57dfd4c000b135d65d1fc') in 0.004414 seconds 
========================================================================
Received Import Request.
  Time since last request: 109.071653 seconds.
  path: Assets/Scenes/Main.unity
  artifactKey: Guid(4993e5c7c7bfe41a4b565de1dc7bb665) Importer(815301076,1909f56bfc062723c751e8b465ee728b)
Start importing Assets/Scenes/Main.unity using Guid(4993e5c7c7bfe41a4b565de1dc7bb665) Importer(815301076,1909f56bfc062723c751e8b465ee728b)  -> (artifact id: 'bf5f0578c7c2a6cc1b3daa1fc7d6ff02') in 0.003618 seconds 
========================================================================
Received Prepare
Registering precompiled user dll's ...
Registered in 0.013956 seconds.
Begin MonoManager ReloadAssembly
Symbol file LoadedFromMemory doesn't match image /Users/kristijankorunoski/Downloads/CITS3200_14-main/app_version_1.3/Library/PackageCache/com.unity.visualscripting@1.7.8/Editor/VisualScripting.Core/Dependencies/DotNetZip/Unity.VisualScripting.IonicZip.dll
Symbol file LoadedFromMemory doesn't match image /Users/kristijankorunoski/Downloads/CITS3200_14-main/app_version_1.3/Library/PackageCache/com.unity.visualscripting@1.7.8/Editor/VisualScripting.Core/Dependencies/YamlDotNet/Unity.VisualScripting.YamlDotNet.dll
Native extension for iOS target not found
Native extension for Android target not found
Native extension for OSXStandalone target not found
Native extension for WebGL target not found
Refreshing native plugins compatible for Editor in 6.00 ms, found 8 plugins.
Preloading 0 native plugins for Editor in 0.00 ms.
Mono: successfully reloaded assembly
- Completed reload, in  7.998 seconds
Domain Reload Profiling:
	ReloadAssembly (8001ms)
		BeginReloadAssembly (541ms)
			ExecutionOrderSort (0ms)
			DisableScriptedObjects (48ms)
			BackupInstance (0ms)
			ReleaseScriptingObjects (0ms)
			CreateAndSetChildDomain (245ms)
		EndReloadAssembly (7171ms)
			LoadAssemblies (587ms)
			RebuildTransferFunctionScriptingTraits (0ms)
			SetupTypeCache (2458ms)
			ReleaseScriptCaches (8ms)
			RebuildScriptCaches (336ms)
			SetupLoadedEditorAssemblies (3275ms)
				LogAssemblyErrors (0ms)
				InitializePlatformSupportModulesInManaged (197ms)
				SetLoadedEditorAssemblies (4ms)
				RefreshPlugins (6ms)
				BeforeProcessingInitializeOnLoad (498ms)
				ProcessInitializeOnLoadAttributes (2214ms)
				ProcessInitializeOnLoadMethodAttributes (346ms)
				AfterProcessingInitializeOnLoad (7ms)
				EditorAssembliesLoaded (4ms)
			ExecutionOrderSort2 (0ms)
			AwakeInstancesAfterBackupRestoration (43ms)
Platform modules already initialized, skipping
Refreshing native plugins compatible for Editor in 76.70 ms, found 8 plugins.
Preloading 0 native plugins for Editor in 0.00 ms.
Unloading 4467 Unused Serialized files (Serialized files now loaded: 0)
Unloading 163 unused Assets / (25.1 KB). Loaded Objects now: 4860.
Memory consumption went from 305.8 MB to 305.8 MB.
Total: 28.163658 ms (FindLiveObjects: 1.812516 ms CreateObjectMapping: 2.779740 ms MarkObjects: 22.710079 ms  DeleteObjects: 0.858878 ms)

AssetImportParameters requested are different than current active one (requested -> active):
  custom:video-decoder-ogg-theora: a1e56fd34408186e4bbccfd4996cb3dc -> 
  custom:container-muxer-webm: aa71ff27fc2769a1b78a27578f13a17b -> 
  custom:container-demuxer-webm: 4f35f7cbe854078d1ac9338744f61a02 -> 
  custom:video-encoder-webm-vp8: eb34c28f22e8b96e1ab97ce403110664 -> 
  custom:framework-osx-AVFoundation: e770b220cccbd017edd2c1fefb359320 -> 
  custom:audio-encoder-webm-vorbis: bf7c407c2cedff20999df2af8eb42d56 -> 
  custom:container-demuxer-ogg: 62fdf1f143b41e24485cea50d1cbac27 -> 
  custom:video-decoder-webm-vp8: 9c59270c3fd7afecdb556c50c9e8de78 -> 
  custom:audio-decoder-ogg-vorbis: bf7c407c2cedff20999df2af8eb42d56 -> 
========================================================================
Received Prepare
Registering precompiled user dll's ...
Registered in 0.012413 seconds.
Begin MonoManager ReloadAssembly
Symbol file LoadedFromMemory doesn't match image /Users/kristijankorunoski/Downloads/CITS3200_14-main/app_version_1.3/Library/PackageCache/com.unity.visualscripting@1.7.8/Editor/VisualScripting.Core/Dependencies/DotNetZip/Unity.VisualScripting.IonicZip.dll
Symbol file LoadedFromMemory doesn't match image /Users/kristijankorunoski/Downloads/CITS3200_14-main/app_version_1.3/Library/PackageCache/com.unity.visualscripting@1.7.8/Editor/VisualScripting.Core/Dependencies/YamlDotNet/Unity.VisualScripting.YamlDotNet.dll
Native extension for iOS target not found
Native extension for Android target not found
Native extension for OSXStandalone target not found
Native extension for WebGL target not found
Refreshing native plugins compatible for Editor in 16.08 ms, found 8 plugins.
Preloading 0 native plugins for Editor in 0.00 ms.
Mono: successfully reloaded assembly
- Completed reload, in  6.597 seconds
Domain Reload Profiling:
	ReloadAssembly (6598ms)
		BeginReloadAssembly (298ms)
			ExecutionOrderSort (0ms)
			DisableScriptedObjects (16ms)
			BackupInstance (0ms)
			ReleaseScriptingObjects (0ms)
			CreateAndSetChildDomain (145ms)
		EndReloadAssembly (6031ms)
			LoadAssemblies (172ms)
			RebuildTransferFunctionScriptingTraits (0ms)
			SetupTypeCache (1118ms)
			ReleaseScriptCaches (14ms)
			RebuildScriptCaches (555ms)
			SetupLoadedEditorAssemblies (3469ms)
				LogAssemblyErrors (0ms)
				InitializePlatformSupportModulesInManaged (153ms)
				SetLoadedEditorAssemblies (1ms)
				RefreshPlugins (16ms)
				BeforeProcessingInitializeOnLoad (645ms)
				ProcessInitializeOnLoadAttributes (2335ms)
				ProcessInitializeOnLoadMethodAttributes (314ms)
				AfterProcessingInitializeOnLoad (3ms)
				EditorAssembliesLoaded (0ms)
			ExecutionOrderSort2 (0ms)
			AwakeInstancesAfterBackupRestoration (99ms)
Platform modules already initialized, skipping
Refreshing native plugins compatible for Editor in 78.59 ms, found 8 plugins.
Preloading 0 native plugins for Editor in 0.00 ms.
Unloading 4467 Unused Serialized files (Serialized files now loaded: 0)
Unloading 163 unused Assets / (291.0 KB). Loaded Objects now: 4863.
Memory consumption went from 306.0 MB to 305.7 MB.
Total: 21.325954 ms (FindLiveObjects: 1.297982 ms CreateObjectMapping: 1.761558 ms MarkObjects: 14.515380 ms  DeleteObjects: 3.742936 ms)

AssetImportParameters requested are different than current active one (requested -> active):
  custom:video-decoder-ogg-theora: a1e56fd34408186e4bbccfd4996cb3dc -> 
  custom:container-muxer-webm: aa71ff27fc2769a1b78a27578f13a17b -> 
  custom:container-demuxer-webm: 4f35f7cbe854078d1ac9338744f61a02 -> 
  custom:video-encoder-webm-vp8: eb34c28f22e8b96e1ab97ce403110664 -> 
  custom:framework-osx-AVFoundation: e770b220cccbd017edd2c1fefb359320 -> 
  custom:audio-encoder-webm-vorbis: bf7c407c2cedff20999df2af8eb42d56 -> 
  custom:container-demuxer-ogg: 62fdf1f143b41e24485cea50d1cbac27 -> 
  custom:video-decoder-webm-vp8: 9c59270c3fd7afecdb556c50c9e8de78 -> 
  custom:audio-decoder-ogg-vorbis: bf7c407c2cedff20999df2af8eb42d56 -> 
========================================================================
Received Prepare
Registering precompiled user dll's ...
Registered in 0.014530 seconds.
Begin MonoManager ReloadAssembly
Symbol file LoadedFromMemory doesn't match image /Users/kristijankorunoski/Downloads/CITS3200_14-main/app_version_1.3/Library/PackageCache/com.unity.visualscripting@1.7.8/Editor/VisualScripting.Core/Dependencies/DotNetZip/Unity.VisualScripting.IonicZip.dll
Symbol file LoadedFromMemory doesn't match image /Users/kristijankorunoski/Downloads/CITS3200_14-main/app_version_1.3/Library/PackageCache/com.unity.visualscripting@1.7.8/Editor/VisualScripting.Core/Dependencies/YamlDotNet/Unity.VisualScripting.YamlDotNet.dll
Native extension for iOS target not found
Native extension for Android target not found
Native extension for OSXStandalone target not found
Native extension for WebGL target not found
Refreshing native plugins compatible for Editor in 3.85 ms, found 8 plugins.
Preloading 0 native plugins for Editor in 0.00 ms.
Mono: successfully reloaded assembly
- Completed reload, in  5.712 seconds
Domain Reload Profiling:
	ReloadAssembly (5721ms)
		BeginReloadAssembly (366ms)
			ExecutionOrderSort (0ms)
			DisableScriptedObjects (16ms)
			BackupInstance (0ms)
			ReleaseScriptingObjects (0ms)
			CreateAndSetChildDomain (153ms)
		EndReloadAssembly (5113ms)
			LoadAssemblies (322ms)
			RebuildTransferFunctionScriptingTraits (0ms)
			SetupTypeCache (991ms)
			ReleaseScriptCaches (14ms)
			RebuildScriptCaches (481ms)
			SetupLoadedEditorAssemblies (2751ms)
				LogAssemblyErrors (0ms)
				InitializePlatformSupportModulesInManaged (171ms)
				SetLoadedEditorAssemblies (5ms)
				RefreshPlugins (4ms)
				BeforeProcessingInitializeOnLoad (175ms)
				ProcessInitializeOnLoadAttributes (2065ms)
				ProcessInitializeOnLoadMethodAttributes (325ms)
				AfterProcessingInitializeOnLoad (4ms)
				EditorAssembliesLoaded (1ms)
			ExecutionOrderSort2 (0ms)
			AwakeInstancesAfterBackupRestoration (64ms)
Platform modules already initialized, skipping
Refreshing native plugins compatible for Editor in 60.37 ms, found 8 plugins.
Preloading 0 native plugins for Editor in 0.00 ms.
Unloading 4467 Unused Serialized files (Serialized files now loaded: 0)
Unloading 163 unused Assets / (25.2 KB). Loaded Objects now: 4866.
Memory consumption went from 306.3 MB to 306.2 MB.
Total: 8.046354 ms (FindLiveObjects: 0.575628 ms CreateObjectMapping: 0.557446 ms MarkObjects: 6.767427 ms  DeleteObjects: 0.143879 ms)

AssetImportParameters requested are different than current active one (requested -> active):
  custom:video-decoder-ogg-theora: a1e56fd34408186e4bbccfd4996cb3dc -> 
  custom:container-muxer-webm: aa71ff27fc2769a1b78a27578f13a17b -> 
  custom:container-demuxer-webm: 4f35f7cbe854078d1ac9338744f61a02 -> 
  custom:video-encoder-webm-vp8: eb34c28f22e8b96e1ab97ce403110664 -> 
  custom:framework-osx-AVFoundation: e770b220cccbd017edd2c1fefb359320 -> 
  custom:audio-encoder-webm-vorbis: bf7c407c2cedff20999df2af8eb42d56 -> 
  custom:container-demuxer-ogg: 62fdf1f143b41e24485cea50d1cbac27 -> 
  custom:video-decoder-webm-vp8: 9c59270c3fd7afecdb556c50c9e8de78 -> 
  custom:audio-decoder-ogg-vorbis: bf7c407c2cedff20999df2af8eb42d56 -> 
========================================================================
Received Prepare
Registering precompiled user dll's ...
Registered in 0.011942 seconds.
Begin MonoManager ReloadAssembly
Symbol file LoadedFromMemory doesn't match image /Users/kristijankorunoski/Downloads/CITS3200_14-main/app_version_1.3/Library/PackageCache/com.unity.visualscripting@1.7.8/Editor/VisualScripting.Core/Dependencies/DotNetZip/Unity.VisualScripting.IonicZip.dll
Symbol file LoadedFromMemory doesn't match image /Users/kristijankorunoski/Downloads/CITS3200_14-main/app_version_1.3/Library/PackageCache/com.unity.visualscripting@1.7.8/Editor/VisualScripting.Core/Dependencies/YamlDotNet/Unity.VisualScripting.YamlDotNet.dll
Native extension for iOS target not found
Native extension for Android target not found
Native extension for OSXStandalone target not found
Native extension for WebGL target not found
Refreshing native plugins compatible for Editor in 3.18 ms, found 8 plugins.
Preloading 0 native plugins for Editor in 0.00 ms.
Mono: successfully reloaded assembly
- Completed reload, in  6.927 seconds
Domain Reload Profiling:
	ReloadAssembly (6934ms)
		BeginReloadAssembly (482ms)
			ExecutionOrderSort (0ms)
			DisableScriptedObjects (33ms)
			BackupInstance (0ms)
			ReleaseScriptingObjects (0ms)
			CreateAndSetChildDomain (216ms)
		EndReloadAssembly (6092ms)
			LoadAssemblies (611ms)
			RebuildTransferFunctionScriptingTraits (0ms)
			SetupTypeCache (2045ms)
			ReleaseScriptCaches (3ms)
			RebuildScriptCaches (128ms)
			SetupLoadedEditorAssemblies (3058ms)
				LogAssemblyErrors (0ms)
				InitializePlatformSupportModulesInManaged (102ms)
				SetLoadedEditorAssemblies (3ms)
				RefreshPlugins (3ms)
				BeforeProcessingInitializeOnLoad (456ms)
				ProcessInitializeOnLoadAttributes (2258ms)
				ProcessInitializeOnLoadMethodAttributes (225ms)
				AfterProcessingInitializeOnLoad (9ms)
				EditorAssembliesLoaded (2ms)
			ExecutionOrderSort2 (0ms)
			AwakeInstancesAfterBackupRestoration (49ms)
Platform modules already initialized, skipping
Refreshing native plugins compatible for Editor in 27.46 ms, found 8 plugins.
Preloading 0 native plugins for Editor in 0.00 ms.
Unloading 4467 Unused Serialized files (Serialized files now loaded: 0)
Unloading 163 unused Assets / (25.0 KB). Loaded Objects now: 4869.
Memory consumption went from 306.5 MB to 306.5 MB.
Total: 14.461400 ms (FindLiveObjects: 0.962100 ms CreateObjectMapping: 0.951074 ms MarkObjects: 10.327022 ms  DeleteObjects: 2.218790 ms)

AssetImportParameters requested are different than current active one (requested -> active):
  custom:video-decoder-ogg-theora: a1e56fd34408186e4bbccfd4996cb3dc -> 
  custom:container-muxer-webm: aa71ff27fc2769a1b78a27578f13a17b -> 
  custom:container-demuxer-webm: 4f35f7cbe854078d1ac9338744f61a02 -> 
  custom:video-encoder-webm-vp8: eb34c28f22e8b96e1ab97ce403110664 -> 
  custom:framework-osx-AVFoundation: e770b220cccbd017edd2c1fefb359320 -> 
  custom:audio-encoder-webm-vorbis: bf7c407c2cedff20999df2af8eb42d56 -> 
  custom:container-demuxer-ogg: 62fdf1f143b41e24485cea50d1cbac27 -> 
  custom:video-decoder-webm-vp8: 9c59270c3fd7afecdb556c50c9e8de78 -> 
  custom:audio-decoder-ogg-vorbis: bf7c407c2cedff20999df2af8eb42d56 -> 
========================================================================
Received Prepare
Registering precompiled user dll's ...
Registered in 0.013301 seconds.
Begin MonoManager ReloadAssembly
Symbol file LoadedFromMemory doesn't match image /Users/kristijankorunoski/Downloads/CITS3200_14-main/app_version_1.3/Library/PackageCache/com.unity.visualscripting@1.7.8/Editor/VisualScripting.Core/Dependencies/DotNetZip/Unity.VisualScripting.IonicZip.dll
Symbol file LoadedFromMemory doesn't match image /Users/kristijankorunoski/Downloads/CITS3200_14-main/app_version_1.3/Library/PackageCache/com.unity.visualscripting@1.7.8/Editor/VisualScripting.Core/Dependencies/YamlDotNet/Unity.VisualScripting.YamlDotNet.dll
Native extension for iOS target not found
Native extension for Android target not found
Native extension for OSXStandalone target not found
Native extension for WebGL target not found
Refreshing native plugins compatible for Editor in 2.37 ms, found 8 plugins.
Preloading 0 native plugins for Editor in 0.00 ms.
Mono: successfully reloaded assembly
- Completed reload, in  3.491 seconds
Domain Reload Profiling:
	ReloadAssembly (3493ms)
		BeginReloadAssembly (286ms)
			ExecutionOrderSort (0ms)
			DisableScriptedObjects (18ms)
			BackupInstance (0ms)
			ReleaseScriptingObjects (0ms)
			CreateAndSetChildDomain (130ms)
		EndReloadAssembly (2954ms)
			LoadAssemblies (162ms)
			RebuildTransferFunctionScriptingTraits (0ms)
			SetupTypeCache (702ms)
			ReleaseScriptCaches (2ms)
			RebuildScriptCaches (113ms)
			SetupLoadedEditorAssemblies (1821ms)
				LogAssemblyErrors (0ms)
				InitializePlatformSupportModulesInManaged (72ms)
				SetLoadedEditorAssemblies (2ms)
				RefreshPlugins (2ms)
				BeforeProcessingInitializeOnLoad (198ms)
				ProcessInitializeOnLoadAttributes (1433ms)
				ProcessInitializeOnLoadMethodAttributes (110ms)
				AfterProcessingInitializeOnLoad (3ms)
				EditorAssembliesLoaded (0ms)
			ExecutionOrderSort2 (0ms)
			AwakeInstancesAfterBackupRestoration (17ms)
Platform modules already initialized, skipping
Refreshing native plugins compatible for Editor in 10.45 ms, found 8 plugins.
Preloading 0 native plugins for Editor in 0.00 ms.
Unloading 4467 Unused Serialized files (Serialized files now loaded: 0)
Unloading 163 unused Assets / (25.1 KB). Loaded Objects now: 4872.
Memory consumption went from 306.7 MB to 306.7 MB.
Total: 6.092725 ms (FindLiveObjects: 0.432280 ms CreateObjectMapping: 0.266670 ms MarkObjects: 5.294691 ms  DeleteObjects: 0.097478 ms)

AssetImportParameters requested are different than current active one (requested -> active):
  custom:video-decoder-ogg-theora: a1e56fd34408186e4bbccfd4996cb3dc -> 
  custom:container-muxer-webm: aa71ff27fc2769a1b78a27578f13a17b -> 
  custom:container-demuxer-webm: 4f35f7cbe854078d1ac9338744f61a02 -> 
  custom:video-encoder-webm-vp8: eb34c28f22e8b96e1ab97ce403110664 -> 
  custom:framework-osx-AVFoundation: e770b220cccbd017edd2c1fefb359320 -> 
  custom:audio-encoder-webm-vorbis: bf7c407c2cedff20999df2af8eb42d56 -> 
  custom:container-demuxer-ogg: 62fdf1f143b41e24485cea50d1cbac27 -> 
  custom:video-decoder-webm-vp8: 9c59270c3fd7afecdb556c50c9e8de78 -> 
  custom:audio-decoder-ogg-vorbis: bf7c407c2cedff20999df2af8eb42d56 -> 
========================================================================
Received Import Request.
  Time since last request: 1080.070143 seconds.
  path: Assets/Scenes/Main.unity
  artifactKey: Guid(4993e5c7c7bfe41a4b565de1dc7bb665) Importer(815301076,1909f56bfc062723c751e8b465ee728b)
Start importing Assets/Scenes/Main.unity using Guid(4993e5c7c7bfe41a4b565de1dc7bb665) Importer(815301076,1909f56bfc062723c751e8b465ee728b)  -> (artifact id: 'bfdacb030c02ab4f73afbbd8fe13ec16') in 0.027657 seconds 
