Unity Editor version:    2021.3.8f1 (b30333d56e81)
Branch:                  2021.3/staging
Build type:              Release
Batch mode:              YES
macOS version:           Version 12.5 (Build 21G72)
Darwin version:          21.6.0
Architecture:            x86_64
Running under Rosetta:   NO
Available memory:        8192 MB
Using pre-set license
Pro License: YES

COMMAND LINE ARGUMENTS:
/Applications/Unity/Hub/Editor/2021.3.8f1/Unity.app/Contents/MacOS/Unity
-adb2
-batchMode
-noUpm
-name
AssetImportWorker0
-projectPath
/Users/kristijankorunoski/Desktop/CITS3200/Project/CITS3200_14/app_version_1.2
-logFile
Logs/AssetImportWorker0.log
-srvPort
53694
Successfully changed project path to: /Users/kristijankorunoski/Desktop/CITS3200/Project/CITS3200_14/app_version_1.2
/Users/kristijankorunoski/Desktop/CITS3200/Project/CITS3200_14/app_version_1.2
[UnityMemory] Configuration Parameters - Can be set up in boot.config
    "memorysetup-bucket-allocator-granularity=16"
    "memorysetup-bucket-allocator-bucket-count=8"
    "memorysetup-bucket-allocator-block-size=33554432"
    "memorysetup-bucket-allocator-block-count=8"
    "memorysetup-main-allocator-block-size=16777216"
    "memorysetup-thread-allocator-block-size=16777216"
    "memorysetup-gfx-main-allocator-block-size=16777216"
    "memorysetup-gfx-thread-allocator-block-size=16777216"
    "memorysetup-cache-allocator-block-size=4194304"
    "memorysetup-typetree-allocator-block-size=2097152"
    "memorysetup-profiler-bucket-allocator-granularity=16"
    "memorysetup-profiler-bucket-allocator-bucket-count=8"
    "memorysetup-profiler-bucket-allocator-block-size=33554432"
    "memorysetup-profiler-bucket-allocator-block-count=8"
    "memorysetup-profiler-allocator-block-size=16777216"
    "memorysetup-profiler-editor-allocator-block-size=1048576"
    "memorysetup-temp-allocator-size-main=16777216"
    "memorysetup-job-temp-allocator-block-size=2097152"
    "memorysetup-job-temp-allocator-block-size-background=1048576"
    "memorysetup-job-temp-allocator-reduction-small-platforms=262144"
    "memorysetup-temp-allocator-size-background-worker=32768"
    "memorysetup-temp-allocator-size-job-worker=262144"
    "memorysetup-temp-allocator-size-preload-manager=33554432"
    "memorysetup-temp-allocator-size-nav-mesh-worker=65536"
    "memorysetup-temp-allocator-size-audio-worker=65536"
    "memorysetup-temp-allocator-size-cloud-worker=32768"
    "memorysetup-temp-allocator-size-gi-baking-worker=262144"
    "memorysetup-temp-allocator-size-gfx=262144"
Refreshing native plugins compatible for Editor in 381.50 ms, found 7 plugins.
Preloading 0 native plugins for Editor in 0.00 ms.
Initialize engine version: 2021.3.8f1 (b30333d56e81)
[Subsystems] Discovering subsystems at path /Applications/Unity/Hub/Editor/2021.3.8f1/Unity.app/Contents/Resources/UnitySubsystems
[Subsystems] Discovering subsystems at path /Users/kristijankorunoski/Desktop/CITS3200/Project/CITS3200_14/app_version_1.2/Assets
GfxDevice: creating device client; threaded=0; jobified=0
Color LCD preferred device: Intel(R) Iris(TM) Graphics 6000 (low power)
Metal devices available: 1
0: Intel(R) Iris(TM) Graphics 6000 (low power)
Using device Intel(R) Iris(TM) Graphics 6000 (low power)
Initializing Metal device caps: Intel(R) Iris(TM) Graphics 6000
Initialize mono
Mono path[0] = '/Applications/Unity/Hub/Editor/2021.3.8f1/Unity.app/Contents/Managed'
Mono path[1] = '/Applications/Unity/Hub/Editor/2021.3.8f1/Unity.app/Contents/MonoBleedingEdge/lib/mono/unityjit-macos'
Mono config path = '/Applications/Unity/Hub/Editor/2021.3.8f1/Unity.app/Contents/MonoBleedingEdge/etc'
Using monoOptions --debugger-agent=transport=dt_socket,embedding=1,server=y,suspend=n,address=127.0.0.1:56781
Begin MonoManager ReloadAssembly
Registering precompiled unity dll's ...
Register platform support module: /Applications/Unity/Hub/Editor/2021.3.8f1/PlaybackEngines/WebGLSupport/UnityEditor.WebGL.Extensions.dll
Register platform support module: /Applications/Unity/Hub/Editor/2021.3.8f1/Unity.app/Contents/PlaybackEngines/MacStandaloneSupport/UnityEditor.OSXStandalone.Extensions.dll
Register platform support module: /Applications/Unity/Hub/Editor/2021.3.8f1/PlaybackEngines/AndroidPlayer/UnityEditor.Android.Extensions.dll
Register platform support module: /Applications/Unity/Hub/Editor/2021.3.8f1/PlaybackEngines/iOSSupport/UnityEditor.iOS.Extensions.dll
Registered in 0.012747 seconds.
[usbmuxd] Start listen thread
[usbmuxd] Listen thread started
[usbmuxd] Send listen message
Native extension for iOS target not found
Native extension for Android target not found
Native extension for OSXStandalone target not found
Native extension for WebGL target not found
Refreshing native plugins compatible for Editor in 248.17 ms, found 7 plugins.
Preloading 0 native plugins for Editor in 0.00 ms.
Mono: successfully reloaded assembly
- Completed reload, in  1.637 seconds
Domain Reload Profiling:
	ReloadAssembly (1638ms)
		BeginReloadAssembly (232ms)
			ExecutionOrderSort (0ms)
			DisableScriptedObjects (0ms)
			BackupInstance (0ms)
			ReleaseScriptingObjects (0ms)
			CreateAndSetChildDomain (1ms)
		EndReloadAssembly (1167ms)
			LoadAssemblies (243ms)
			RebuildTransferFunctionScriptingTraits (0ms)
			SetupTypeCache (234ms)
			ReleaseScriptCaches (0ms)
			RebuildScriptCaches (51ms)
			SetupLoadedEditorAssemblies (783ms)
				LogAssemblyErrors (0ms)
				InitializePlatformSupportModulesInManaged (186ms)
				SetLoadedEditorAssemblies (1ms)
				RefreshPlugins (248ms)
				BeforeProcessingInitializeOnLoad (2ms)
				ProcessInitializeOnLoadAttributes (221ms)
				ProcessInitializeOnLoadMethodAttributes (125ms)
				AfterProcessingInitializeOnLoad (0ms)
				EditorAssembliesLoaded (0ms)
			ExecutionOrderSort2 (0ms)
			AwakeInstancesAfterBackupRestoration (0ms)
Platform modules already initialized, skipping
Registering precompiled user dll's ...
Registered in 0.082563 seconds.
Android Extension - Scanning For ADB Devices 4300 ms
Begin MonoManager ReloadAssembly
Symbol file LoadedFromMemory doesn't match image /Users/kristijankorunoski/Desktop/CITS3200/Project/CITS3200_14/app_version_1.2/Library/PackageCache/com.unity.visualscripting@1.7.8/Editor/VisualScripting.Core/Dependencies/DotNetZip/Unity.VisualScripting.IonicZip.dll
Symbol file LoadedFromMemory doesn't match image /Users/kristijankorunoski/Desktop/CITS3200/Project/CITS3200_14/app_version_1.2/Library/PackageCache/com.unity.visualscripting@1.7.8/Editor/VisualScripting.Core/Dependencies/YamlDotNet/Unity.VisualScripting.YamlDotNet.dll
Native extension for iOS target not found
Native extension for Android target not found
Native extension for OSXStandalone target not found
Native extension for WebGL target not found
Refreshing native plugins compatible for Editor in 175.52 ms, found 7 plugins.
Preloading 0 native plugins for Editor in 0.00 ms.
Mono: successfully reloaded assembly
Package Manager log level set to [2]
- Completed reload, in  3.320 seconds
Domain Reload Profiling:
	ReloadAssembly (3324ms)
		BeginReloadAssembly (439ms)
			ExecutionOrderSort (0ms)
			DisableScriptedObjects (12ms)
			BackupInstance (0ms)
			ReleaseScriptingObjects (0ms)
			CreateAndSetChildDomain (54ms)
		EndReloadAssembly (2457ms)
			LoadAssemblies (594ms)
			RebuildTransferFunctionScriptingTraits (0ms)
			SetupTypeCache (653ms)
			ReleaseScriptCaches (4ms)
			RebuildScriptCaches (116ms)
			SetupLoadedEditorAssemblies (1227ms)
				LogAssemblyErrors (0ms)
				InitializePlatformSupportModulesInManaged (42ms)
				SetLoadedEditorAssemblies (0ms)
				RefreshPlugins (176ms)
				BeforeProcessingInitializeOnLoad (166ms)
				ProcessInitializeOnLoadAttributes (764ms)
				ProcessInitializeOnLoadMethodAttributes (78ms)
				AfterProcessingInitializeOnLoad (2ms)
				EditorAssembliesLoaded (0ms)
			ExecutionOrderSort2 (0ms)
			AwakeInstancesAfterBackupRestoration (6ms)
Platform modules already initialized, skipping
========================================================================
Worker process is ready to serve import requests
Launching external process: /Applications/Unity/Hub/Editor/2021.3.8f1/Unity.app/Contents/Tools/UnityShaderCompiler
Launched and connected shader compiler UnityShaderCompiler after 0.10 seconds
Refreshing native plugins compatible for Editor in 2.27 ms, found 7 plugins.
Preloading 0 native plugins for Editor in 0.00 ms.
Unloading 4533 Unused Serialized files (Serialized files now loaded: 0)
Unloading 221 unused Assets / (46.5 KB). Loaded Objects now: 4821.
Memory consumption went from 287.0 MB to 286.9 MB.
Total: 5.602909 ms (FindLiveObjects: 0.428781 ms CreateObjectMapping: 0.238677 ms MarkObjects: 4.701481 ms  DeleteObjects: 0.232385 ms)

AssetImportParameters requested are different than current active one (requested -> active):
  custom:video-decoder-ogg-theora: a1e56fd34408186e4bbccfd4996cb3dc -> 
  custom:container-muxer-webm: aa71ff27fc2769a1b78a27578f13a17b -> 
  custom:container-demuxer-webm: 4f35f7cbe854078d1ac9338744f61a02 -> 
  custom:video-encoder-webm-vp8: eb34c28f22e8b96e1ab97ce403110664 -> 
  custom:framework-osx-AVFoundation: e770b220cccbd017edd2c1fefb359320 -> 
  custom:audio-encoder-webm-vorbis: bf7c407c2cedff20999df2af8eb42d56 -> 
  custom:container-demuxer-ogg: 62fdf1f143b41e24485cea50d1cbac27 -> 
  custom:video-decoder-webm-vp8: 9c59270c3fd7afecdb556c50c9e8de78 -> 
  custom:audio-decoder-ogg-vorbis: bf7c407c2cedff20999df2af8eb42d56 -> 
========================================================================
Received Import Request.
  Time since last request: 2907650.006833 seconds.
  path: Assets/Plugins/SimpleFileBrowser/Sprites/FileIcons/DriveIcon.png
  artifactKey: Guid(81da6e5b6342f8f47a5a3a24221306c6) Importer(815301076,1909f56bfc062723c751e8b465ee728b)
Start importing Assets/Plugins/SimpleFileBrowser/Sprites/FileIcons/DriveIcon.png using Guid(81da6e5b6342f8f47a5a3a24221306c6) Importer(815301076,1909f56bfc062723c751e8b465ee728b)  -> (artifact id: '83e295f4552e45caf9f09e18cf7001b3') in 1.454841 seconds 
========================================================================
Received Import Request.
  Time since last request: 0.000111 seconds.
  path: Assets/Editor Default Resources/Firebase/fb_analytics.png
  artifactKey: Guid(dc218b335b1d14cd5ae532f65042d829) Importer(815301076,1909f56bfc062723c751e8b465ee728b)
Start importing Assets/Editor Default Resources/Firebase/fb_analytics.png using Guid(dc218b335b1d14cd5ae532f65042d829) Importer(815301076,1909f56bfc062723c751e8b465ee728b)  -> (artifact id: 'd89903a7f6148764bbfe45864b660416') in 0.070485 seconds 
========================================================================
Received Import Request.
  Time since last request: 0.004954 seconds.
  path: Assets/Editor Default Resources/Firebase/fb_database_dark.png
  artifactKey: Guid(9f6bfa9d8aefb40dc92461c372c73b0f) Importer(815301076,1909f56bfc062723c751e8b465ee728b)
Start importing Assets/Editor Default Resources/Firebase/fb_database_dark.png using Guid(9f6bfa9d8aefb40dc92461c372c73b0f) Importer(815301076,1909f56bfc062723c751e8b465ee728b)  -> (artifact id: '54868156fb51d31bc98dc2078cb6f263') in 0.017918 seconds 
========================================================================
Received Import Request.
  Time since last request: 0.000268 seconds.
  path: Assets/Editor Default Resources/Firebase/fb_database.png
  artifactKey: Guid(3eea7b558c67b48e18acf3c278392e3d) Importer(815301076,1909f56bfc062723c751e8b465ee728b)
Start importing Assets/Editor Default Resources/Firebase/fb_database.png using Guid(3eea7b558c67b48e18acf3c278392e3d) Importer(815301076,1909f56bfc062723c751e8b465ee728b)  -> (artifact id: 'd75e8135183de37b9d198cd728409497') in 0.028951 seconds 
========================================================================
Received Import Request.
  Time since last request: 0.000208 seconds.
  path: Assets/Plugins/SimpleFileBrowser/Sprites/SimpleFileBrowserSlicedBackground2.psd
  artifactKey: Guid(6ff773ea42aedd04c8bb96a1fe9a73b8) Importer(815301076,1909f56bfc062723c751e8b465ee728b)
Start importing Assets/Plugins/SimpleFileBrowser/Sprites/SimpleFileBrowserSlicedBackground2.psd using Guid(6ff773ea42aedd04c8bb96a1fe9a73b8) Importer(815301076,1909f56bfc062723c751e8b465ee728b)  -> (artifact id: '9eb7822ce0aad7edacc20ca245ea45fa') in 0.726428 seconds 
========================================================================
Received Import Request.
  Time since last request: 0.000135 seconds.
  path: Assets/Plugins/SimpleFileBrowser/Sprites/FileIcons/ArchiveIcon.png
  artifactKey: Guid(3b2a773e413d3e84f8c7c757734af584) Importer(815301076,1909f56bfc062723c751e8b465ee728b)
Start importing Assets/Plugins/SimpleFileBrowser/Sprites/FileIcons/ArchiveIcon.png using Guid(3b2a773e413d3e84f8c7c757734af584) Importer(815301076,1909f56bfc062723c751e8b465ee728b)  -> (artifact id: 'd7db865ee7ec84d87b71e494057d2acf') in 0.027485 seconds 
========================================================================
Received Import Request.
  Time since last request: 0.000202 seconds.
  path: Assets/Plugins/SimpleFileBrowser/Sprites/ResizeCursor.psd
  artifactKey: Guid(f54814069fd98ae45be23283803a557c) Importer(815301076,1909f56bfc062723c751e8b465ee728b)
Start importing Assets/Plugins/SimpleFileBrowser/Sprites/ResizeCursor.psd using Guid(f54814069fd98ae45be23283803a557c) Importer(815301076,1909f56bfc062723c751e8b465ee728b)  -> (artifact id: '524e0e73dad899cb2f480a67d85ec3d5') in 0.043537 seconds 
========================================================================
Received Import Request.
  Time since last request: 0.000134 seconds.
  path: Assets/Plugins/SimpleFileBrowser/Sprites/FileIcons/PdfFileIcon.png
  artifactKey: Guid(ac5741fcd06d2ce45b9ae2ce9df3c4a1) Importer(815301076,1909f56bfc062723c751e8b465ee728b)
Start importing Assets/Plugins/SimpleFileBrowser/Sprites/FileIcons/PdfFileIcon.png using Guid(ac5741fcd06d2ce45b9ae2ce9df3c4a1) Importer(815301076,1909f56bfc062723c751e8b465ee728b)  -> (artifact id: '3a7e413800498789d5716173e53560db') in 0.035250 seconds 
========================================================================
Received Import Request.
  Time since last request: 0.000223 seconds.
  path: Assets/Editor Default Resources/Firebase/fb_crashlytics.png
  artifactKey: Guid(008a5e76206e49f9b06d8ba144aabb38) Importer(815301076,1909f56bfc062723c751e8b465ee728b)
Start importing Assets/Editor Default Resources/Firebase/fb_crashlytics.png using Guid(008a5e76206e49f9b06d8ba144aabb38) Importer(815301076,1909f56bfc062723c751e8b465ee728b)  -> (artifact id: '924c4ab0bfc0efcf8871d5ff7eb15975') in 0.013049 seconds 
========================================================================
Received Import Request.
  Time since last request: 0.000096 seconds.
  path: Assets/Plugins/SimpleFileBrowser/Sprites/SimpleFileBrowserSlicedBackground3.psd
  artifactKey: Guid(b9c5fedc997f125448c4d8be2fc43bcd) Importer(815301076,1909f56bfc062723c751e8b465ee728b)
Start importing Assets/Plugins/SimpleFileBrowser/Sprites/SimpleFileBrowserSlicedBackground3.psd using Guid(b9c5fedc997f125448c4d8be2fc43bcd) Importer(815301076,1909f56bfc062723c751e8b465ee728b)  -> (artifact id: '9e31d43398fd966ae38106f07f25d116') in 0.030848 seconds 
========================================================================
Received Import Request.
  Time since last request: 0.000635 seconds.
  path: Assets/Editor Default Resources/Firebase/fb_functions_dark.png
  artifactKey: Guid(b5aa3e4f7432e1c5698417cc13f85271) Importer(815301076,1909f56bfc062723c751e8b465ee728b)
Start importing Assets/Editor Default Resources/Firebase/fb_functions_dark.png using Guid(b5aa3e4f7432e1c5698417cc13f85271) Importer(815301076,1909f56bfc062723c751e8b465ee728b)  -> (artifact id: 'abd5f32f9b9f36a4a9db0079a6d8b176') in 0.011303 seconds 
========================================================================
Received Import Request.
  Time since last request: 0.000146 seconds.
  path: Assets/Plugins/SimpleFileBrowser/Sprites/FileIcons/FolderIcon.png
  artifactKey: Guid(27947666271b231439b4409a81cb5d59) Importer(815301076,1909f56bfc062723c751e8b465ee728b)
Start importing Assets/Plugins/SimpleFileBrowser/Sprites/FileIcons/FolderIcon.png using Guid(27947666271b231439b4409a81cb5d59) Importer(815301076,1909f56bfc062723c751e8b465ee728b)  -> (artifact id: '9974d58396bff6e48dd3cc660a3a36be') in 0.031555 seconds 
========================================================================
Received Import Request.
  Time since last request: 0.000315 seconds.
  path: Assets/Plugins/SimpleFileBrowser/Sprites/ForwardArrow.psd
  artifactKey: Guid(130f660889a70c947bff4c8ba8a2c73e) Importer(815301076,1909f56bfc062723c751e8b465ee728b)
Start importing Assets/Plugins/SimpleFileBrowser/Sprites/ForwardArrow.psd using Guid(130f660889a70c947bff4c8ba8a2c73e) Importer(815301076,1909f56bfc062723c751e8b465ee728b)  -> (artifact id: 'a3a83ca0795fd1b10f7cb1c83f62b3a3') in 0.043720 seconds 
========================================================================
Received Import Request.
  Time since last request: 0.000117 seconds.
  path: Assets/TutorialInfo/Icons/Help_Icon.png
  artifactKey: Guid(9266273b8f123004195741f969177dda) Importer(815301076,1909f56bfc062723c751e8b465ee728b)
Start importing Assets/TutorialInfo/Icons/Help_Icon.png using Guid(9266273b8f123004195741f969177dda) Importer(815301076,1909f56bfc062723c751e8b465ee728b)  -> (artifact id: '4107727424d7223b4ad0acf3b03b5d54') in 0.030369 seconds 
========================================================================
Received Import Request.
  Time since last request: 0.012786 seconds.
  path: Assets/Editor Default Resources/Firebase/fb_auth.png
  artifactKey: Guid(394b3ec4d60c24476a12e4ba696d9e5d) Importer(815301076,1909f56bfc062723c751e8b465ee728b)
Start importing Assets/Editor Default Resources/Firebase/fb_auth.png using Guid(394b3ec4d60c24476a12e4ba696d9e5d) Importer(815301076,1909f56bfc062723c751e8b465ee728b)  -> (artifact id: '7b9eb2642cc61f64392631800f542bcb') in 0.050206 seconds 
========================================================================
Received Import Request.
  Time since last request: 0.000246 seconds.
  path: Assets/Editor Default Resources/Firebase/fb_cloud_messaging_dark.png
  artifactKey: Guid(20c5b8a1f82cb4aadb77ca20683d2a6e) Importer(815301076,1909f56bfc062723c751e8b465ee728b)
Start importing Assets/Editor Default Resources/Firebase/fb_cloud_messaging_dark.png using Guid(20c5b8a1f82cb4aadb77ca20683d2a6e) Importer(815301076,1909f56bfc062723c751e8b465ee728b)  -> (artifact id: 'e77b43e15a126ac31b431e26e9e5089d') in 0.017404 seconds 
========================================================================
Received Import Request.
  Time since last request: 0.000103 seconds.
  path: Assets/Plugins/SimpleFileBrowser/Sprites/FileIcons/DefaultFileIcon.png
  artifactKey: Guid(89f87b95a0cf73b4484ab74fe3f9ea26) Importer(815301076,1909f56bfc062723c751e8b465ee728b)
Start importing Assets/Plugins/SimpleFileBrowser/Sprites/FileIcons/DefaultFileIcon.png using Guid(89f87b95a0cf73b4484ab74fe3f9ea26) Importer(815301076,1909f56bfc062723c751e8b465ee728b)  -> (artifact id: '16ecb9fd6d8fea2a98882f6c3fe60b8a') in 0.033611 seconds 
========================================================================
Received Import Request.
  Time since last request: 0.000507 seconds.
  path: Assets/Editor Default Resources/Firebase/fb_dynamic_links.png
  artifactKey: Guid(df6f219c396f4ad9b5048bae6944cb8e) Importer(815301076,1909f56bfc062723c751e8b465ee728b)
Start importing Assets/Editor Default Resources/Firebase/fb_dynamic_links.png using Guid(df6f219c396f4ad9b5048bae6944cb8e) Importer(815301076,1909f56bfc062723c751e8b465ee728b)  -> (artifact id: '82b88c56b9ceadc214576708c58b34f7') in 0.017103 seconds 
========================================================================
Received Import Request.
  Time since last request: 0.000141 seconds.
  path: Assets/TutorialInfo/Icons/Mobile 2D.png
  artifactKey: Guid(eda43ba821d75d046a45209bde150047) Importer(815301076,1909f56bfc062723c751e8b465ee728b)
Start importing Assets/TutorialInfo/Icons/Mobile 2D.png using Guid(eda43ba821d75d046a45209bde150047) Importer(815301076,1909f56bfc062723c751e8b465ee728b)  -> (artifact id: '7ede1c99b49550a10043447ac55d6dd5') in 0.044970 seconds 
========================================================================
Received Import Request.
  Time since last request: 0.000104 seconds.
  path: Assets/Plugins/SimpleFileBrowser/Sprites/SimpleFileBrowserDrag.psd
  artifactKey: Guid(285f1e681b119ce48ae469448241360b) Importer(815301076,1909f56bfc062723c751e8b465ee728b)
Start importing Assets/Plugins/SimpleFileBrowser/Sprites/SimpleFileBrowserDrag.psd using Guid(285f1e681b119ce48ae469448241360b) Importer(815301076,1909f56bfc062723c751e8b465ee728b)  -> (artifact id: 'c52364a84c2f69b153073970bd969d7c') in 0.039700 seconds 
========================================================================
Received Import Request.
  Time since last request: 0.000118 seconds.
  path: Assets/Plugins/SimpleFileBrowser/Sprites/SimpleFileBrowserSlicedBackground5.psd
  artifactKey: Guid(2c46fa192de46b04e8281f225bee0230) Importer(815301076,1909f56bfc062723c751e8b465ee728b)
Start importing Assets/Plugins/SimpleFileBrowser/Sprites/SimpleFileBrowserSlicedBackground5.psd using Guid(2c46fa192de46b04e8281f225bee0230) Importer(815301076,1909f56bfc062723c751e8b465ee728b)  -> (artifact id: '902a4dd29f3106ed35b90a24184086c6') in 0.032783 seconds 
========================================================================
Received Import Request.
  Time since last request: 0.000137 seconds.
  path: Assets/Plugins/SimpleFileBrowser/Sprites/MultiSelectionToggleOff.psd
  artifactKey: Guid(d6beaeac8de2af749a48581db778df3e) Importer(815301076,1909f56bfc062723c751e8b465ee728b)
Start importing Assets/Plugins/SimpleFileBrowser/Sprites/MultiSelectionToggleOff.psd using Guid(d6beaeac8de2af749a48581db778df3e) Importer(815301076,1909f56bfc062723c751e8b465ee728b)  -> (artifact id: 'aab8bff23b2017eb83a225a4189abc58') in 0.036320 seconds 
========================================================================
Received Import Request.
  Time since last request: 0.000162 seconds.
  path: Assets/Plugins/SimpleFileBrowser/Sprites/FileIcons/ImageFileIcon.png
  artifactKey: Guid(93482309cf79cef4a9ed8464c560334b) Importer(815301076,1909f56bfc062723c751e8b465ee728b)
Start importing Assets/Plugins/SimpleFileBrowser/Sprites/FileIcons/ImageFileIcon.png using Guid(93482309cf79cef4a9ed8464c560334b) Importer(815301076,1909f56bfc062723c751e8b465ee728b)  -> (artifact id: '1a50fe5e2de32b7952493c269f3634cc') in 0.038813 seconds 
========================================================================
Received Import Request.
  Time since last request: 0.000095 seconds.
  path: Assets/Editor Default Resources/Firebase/fb_storage.png
  artifactKey: Guid(573eb851c99f948f4bf2de49322bfd53) Importer(815301076,1909f56bfc062723c751e8b465ee728b)
Start importing Assets/Editor Default Resources/Firebase/fb_storage.png using Guid(573eb851c99f948f4bf2de49322bfd53) Importer(815301076,1909f56bfc062723c751e8b465ee728b)  -> (artifact id: '834f681feb20245455253d36fb76d606') in 0.043310 seconds 
========================================================================
Received Import Request.
  Time since last request: 0.000105 seconds.
  path: Assets/Editor Default Resources/Firebase/fb_config_dark.png
  artifactKey: Guid(0ad9ef5fff5524355a9670c90a99cbba) Importer(815301076,1909f56bfc062723c751e8b465ee728b)
Start importing Assets/Editor Default Resources/Firebase/fb_config_dark.png using Guid(0ad9ef5fff5524355a9670c90a99cbba) Importer(815301076,1909f56bfc062723c751e8b465ee728b)  -> (artifact id: '82228e70f39d5c67cd862b8de0ca08ba') in 0.032434 seconds 
========================================================================
Received Import Request.
  Time since last request: 0.000517 seconds.
  path: Assets/Editor Default Resources/Firebase/fb_cloud_messaging.png
  artifactKey: Guid(837e8e1f35e334e81931d0857680cebf) Importer(815301076,1909f56bfc062723c751e8b465ee728b)
Start importing Assets/Editor Default Resources/Firebase/fb_cloud_messaging.png using Guid(837e8e1f35e334e81931d0857680cebf) Importer(815301076,1909f56bfc062723c751e8b465ee728b)  -> (artifact id: '1f54e96c3fa3ce7d3006ad232ab8d2f9') in 0.015030 seconds 
========================================================================
Received Import Request.
  Time since last request: 0.003115 seconds.
  path: Assets/Plugins/SimpleFileBrowser/Sprites/SimpleFileBrowserSlicedBackground1.psd
  artifactKey: Guid(f668f62689b67d242ad33ff665594344) Importer(815301076,1909f56bfc062723c751e8b465ee728b)
Start importing Assets/Plugins/SimpleFileBrowser/Sprites/SimpleFileBrowserSlicedBackground1.psd using Guid(f668f62689b67d242ad33ff665594344) Importer(815301076,1909f56bfc062723c751e8b465ee728b)  -> (artifact id: '6ce10bd4b8c9544154618926f26ba30f') in 0.040899 seconds 
========================================================================
Received Import Request.
  Time since last request: 0.000139 seconds.
  path: Assets/Editor Default Resources/Firebase/fb_crashlytics_dark.png
  artifactKey: Guid(214009068900439da4a9cded17d58090) Importer(815301076,1909f56bfc062723c751e8b465ee728b)
Start importing Assets/Editor Default Resources/Firebase/fb_crashlytics_dark.png using Guid(214009068900439da4a9cded17d58090) Importer(815301076,1909f56bfc062723c751e8b465ee728b)  -> (artifact id: 'ff3c1108cbdc70bbc4e3dc02d3238b4d') in 0.011878 seconds 
========================================================================
Received Import Request.
  Time since last request: 0.000138 seconds.
  path: Assets/Plugins/SimpleFileBrowser/Sprites/FileIcons/VideoFileIcon.png
  artifactKey: Guid(53a62df1d392a10498ec79719f8eef1f) Importer(815301076,1909f56bfc062723c751e8b465ee728b)
Start importing Assets/Plugins/SimpleFileBrowser/Sprites/FileIcons/VideoFileIcon.png using Guid(53a62df1d392a10498ec79719f8eef1f) Importer(815301076,1909f56bfc062723c751e8b465ee728b)  -> (artifact id: 'dce5d1e28e0835ffe5b4c6f8cefbcf64') in 0.050057 seconds 
========================================================================
Received Import Request.
  Time since last request: 0.000115 seconds.
  path: Assets/Editor Default Resources/Firebase/fb_functions.png
  artifactKey: Guid(953367231f9e3e22e70e5d1c91a40fe5) Importer(815301076,1909f56bfc062723c751e8b465ee728b)
Start importing Assets/Editor Default Resources/Firebase/fb_functions.png using Guid(953367231f9e3e22e70e5d1c91a40fe5) Importer(815301076,1909f56bfc062723c751e8b465ee728b)  -> (artifact id: '4cd4244af3aa99b155439e4d01460451') in 0.011812 seconds 
========================================================================
Received Import Request.
  Time since last request: 0.000100 seconds.
  path: Assets/Plugins/SimpleFileBrowser/Sprites/FileIcons/ExecutableIcon.png
  artifactKey: Guid(c1e1f7ef76f59f54bbde5162f2709794) Importer(815301076,1909f56bfc062723c751e8b465ee728b)
Start importing Assets/Plugins/SimpleFileBrowser/Sprites/FileIcons/ExecutableIcon.png using Guid(c1e1f7ef76f59f54bbde5162f2709794) Importer(815301076,1909f56bfc062723c751e8b465ee728b)  -> (artifact id: '851f4f3e878806d5f6ec3e7396a8df07') in 0.027032 seconds 
========================================================================
Received Import Request.
  Time since last request: 0.000098 seconds.
  path: Assets/Editor Default Resources/Firebase/firebase_lockup.png
  artifactKey: Guid(9f058f25e8e2d47cfb894951d4d7e48a) Importer(815301076,1909f56bfc062723c751e8b465ee728b)
Start importing Assets/Editor Default Resources/Firebase/firebase_lockup.png using Guid(9f058f25e8e2d47cfb894951d4d7e48a) Importer(815301076,1909f56bfc062723c751e8b465ee728b)  -> (artifact id: '88fa404d5a1cc7205f3ffc5304f3164c') in 0.026735 seconds 
========================================================================
Received Import Request.
  Time since last request: 0.000117 seconds.
  path: Assets/Plugins/SimpleFileBrowser/Sprites/FileIcons/TextFileIcon.png
  artifactKey: Guid(d06b8cf70dff2fe418249a6276f9ff70) Importer(815301076,1909f56bfc062723c751e8b465ee728b)
Start importing Assets/Plugins/SimpleFileBrowser/Sprites/FileIcons/TextFileIcon.png using Guid(d06b8cf70dff2fe418249a6276f9ff70) Importer(815301076,1909f56bfc062723c751e8b465ee728b)  -> (artifact id: 'b08a270ee6ae9c9b66232c5983172eaa') in 0.020065 seconds 
========================================================================
Received Import Request.
  Time since last request: 0.001807 seconds.
  path: Assets/Editor Default Resources/Firebase/fb_storage_dark.png
  artifactKey: Guid(2955864b938094f579ea9902b65ac10c) Importer(815301076,1909f56bfc062723c751e8b465ee728b)
Start importing Assets/Editor Default Resources/Firebase/fb_storage_dark.png using Guid(2955864b938094f579ea9902b65ac10c) Importer(815301076,1909f56bfc062723c751e8b465ee728b)  -> (artifact id: '959be6de0027bc1d34ab8bf52833d707') in 0.021599 seconds 
========================================================================
Received Import Request.
  Time since last request: 0.000520 seconds.
  path: Assets/Editor Default Resources/Firebase/fb_analytics_dark.png
  artifactKey: Guid(9fe4b3bd3b7d2477dac92fb7429d1d1b) Importer(815301076,1909f56bfc062723c751e8b465ee728b)
Start importing Assets/Editor Default Resources/Firebase/fb_analytics_dark.png using Guid(9fe4b3bd3b7d2477dac92fb7429d1d1b) Importer(815301076,1909f56bfc062723c751e8b465ee728b)  -> (artifact id: 'b5ee69e5f2df324c6791c6702cd2b675') in 0.016266 seconds 
========================================================================
Received Import Request.
  Time since last request: 0.000146 seconds.
  path: Assets/TextMesh Pro/Sprites/EmojiOne.png
  artifactKey: Guid(dffef66376be4fa480fb02b19edbe903) Importer(815301076,1909f56bfc062723c751e8b465ee728b)
Start importing Assets/TextMesh Pro/Sprites/EmojiOne.png using Guid(dffef66376be4fa480fb02b19edbe903) Importer(815301076,1909f56bfc062723c751e8b465ee728b)  -> (artifact id: '023c54081a123064c459c5aecb75dc93') in 0.028648 seconds 
========================================================================
Received Import Request.
  Time since last request: 0.000793 seconds.
  path: Assets/Plugins/SimpleFileBrowser/Sprites/FileIcons/AudioFileIcon.png
  artifactKey: Guid(293ea6a99c4ba134cae49556942ee0ff) Importer(815301076,1909f56bfc062723c751e8b465ee728b)
Start importing Assets/Plugins/SimpleFileBrowser/Sprites/FileIcons/AudioFileIcon.png using Guid(293ea6a99c4ba134cae49556942ee0ff) Importer(815301076,1909f56bfc062723c751e8b465ee728b)  -> (artifact id: '634097a8a92de536d7c8e70d56c9c2de') in 0.017292 seconds 
========================================================================
Received Import Request.
  Time since last request: 0.000340 seconds.
  path: Assets/Plugins/SimpleFileBrowser/Sprites/Checkmark.psd
  artifactKey: Guid(4924b77159e651e4aaa9a22286725d94) Importer(815301076,1909f56bfc062723c751e8b465ee728b)
Start importing Assets/Plugins/SimpleFileBrowser/Sprites/Checkmark.psd using Guid(4924b77159e651e4aaa9a22286725d94) Importer(815301076,1909f56bfc062723c751e8b465ee728b)  -> (artifact id: '1b8c65c0bdd9f983f94d6f03d06c592d') in 0.024809 seconds 
========================================================================
Received Import Request.
  Time since last request: 0.000108 seconds.
  path: Assets/Plugins/SimpleFileBrowser/Sprites/ErrorIcon.psd
  artifactKey: Guid(01b10cc2da49f7442ba6525072e1f86a) Importer(815301076,1909f56bfc062723c751e8b465ee728b)
Start importing Assets/Plugins/SimpleFileBrowser/Sprites/ErrorIcon.psd using Guid(01b10cc2da49f7442ba6525072e1f86a) Importer(815301076,1909f56bfc062723c751e8b465ee728b)  -> (artifact id: '251d59f56b40d60d5a0659fffa545791') in 0.043942 seconds 
========================================================================
Received Import Request.
  Time since last request: 0.000383 seconds.
  path: Assets/Editor Default Resources/Firebase/fb_auth_dark.png
  artifactKey: Guid(3a9e1ef6287664c389bb09e2ac1b23b7) Importer(815301076,1909f56bfc062723c751e8b465ee728b)
Start importing Assets/Editor Default Resources/Firebase/fb_auth_dark.png using Guid(3a9e1ef6287664c389bb09e2ac1b23b7) Importer(815301076,1909f56bfc062723c751e8b465ee728b)  -> (artifact id: '1db1567f87cdfcb072b5afdf54d330b2') in 0.010313 seconds 
========================================================================
Received Import Request.
  Time since last request: 0.000108 seconds.
  path: Assets/Plugins/SimpleFileBrowser/Sprites/SimpleFileBrowserMoreOptions.psd
  artifactKey: Guid(3eb0ab0fddc930a498bef8ce7e149ea0) Importer(815301076,1909f56bfc062723c751e8b465ee728b)
Start importing Assets/Plugins/SimpleFileBrowser/Sprites/SimpleFileBrowserMoreOptions.psd using Guid(3eb0ab0fddc930a498bef8ce7e149ea0) Importer(815301076,1909f56bfc062723c751e8b465ee728b)  -> (artifact id: 'ddba0ae232ecf34863484bab78fcf2b0') in 0.036563 seconds 
========================================================================
Received Import Request.
  Time since last request: 0.001522 seconds.
  path: Assets/Editor Default Resources/Firebase/fb_config.png
  artifactKey: Guid(415eaec414af14d11955222a282aca08) Importer(815301076,1909f56bfc062723c751e8b465ee728b)
Start importing Assets/Editor Default Resources/Firebase/fb_config.png using Guid(415eaec414af14d11955222a282aca08) Importer(815301076,1909f56bfc062723c751e8b465ee728b)  -> (artifact id: '9e3157d0cbe49c21dac908c8f3281ed2') in 0.011172 seconds 
========================================================================
Received Import Request.
  Time since last request: 0.000173 seconds.
  path: Assets/Plugins/SimpleFileBrowser/Sprites/MultiSelectionToggleOn.psd
  artifactKey: Guid(30a2566f94f937b4998542121050e68b) Importer(815301076,1909f56bfc062723c751e8b465ee728b)
Start importing Assets/Plugins/SimpleFileBrowser/Sprites/MultiSelectionToggleOn.psd using Guid(30a2566f94f937b4998542121050e68b) Importer(815301076,1909f56bfc062723c751e8b465ee728b)  -> (artifact id: 'e2c8dc1b9a07ae09ac8d8db06cbca7d3') in 0.024072 seconds 
========================================================================
Received Import Request.
  Time since last request: 0.000574 seconds.
  path: Assets/Plugins/SimpleFileBrowser/Sprites/DropdownArrow.psd
  artifactKey: Guid(f73f38102c749484bbd884d4d8d87440) Importer(815301076,1909f56bfc062723c751e8b465ee728b)
Start importing Assets/Plugins/SimpleFileBrowser/Sprites/DropdownArrow.psd using Guid(f73f38102c749484bbd884d4d8d87440) Importer(815301076,1909f56bfc062723c751e8b465ee728b)  -> (artifact id: '8e4d7889af8afab59bfa2b65e489d442') in 0.038414 seconds 
========================================================================
Received Import Request.
  Time since last request: 0.000098 seconds.
  path: Assets/Plugins/SimpleFileBrowser/Sprites/SimpleFileBrowserSlicedBackground4.psd
  artifactKey: Guid(90bee1ddeeef38a4f860f96b5510c136) Importer(815301076,1909f56bfc062723c751e8b465ee728b)
Start importing Assets/Plugins/SimpleFileBrowser/Sprites/SimpleFileBrowserSlicedBackground4.psd using Guid(90bee1ddeeef38a4f860f96b5510c136) Importer(815301076,1909f56bfc062723c751e8b465ee728b)  -> (artifact id: 'ce71ff49079d286a1563c77b274b03a2') in 0.055691 seconds 
========================================================================
Received Import Request.
  Time since last request: 0.011974 seconds.
  path: Assets/Editor Default Resources/Firebase/fb_dynamic_links_dark.png
  artifactKey: Guid(9355a4671cfe4eef90879863318d1a4b) Importer(815301076,1909f56bfc062723c751e8b465ee728b)
Start importing Assets/Editor Default Resources/Firebase/fb_dynamic_links_dark.png using Guid(9355a4671cfe4eef90879863318d1a4b) Importer(815301076,1909f56bfc062723c751e8b465ee728b)  -> (artifact id: '8f4f2fe589b56932a98b16902790b984') in 0.039743 seconds 
========================================================================
Received Import Request.
  Time since last request: 0.000121 seconds.
  path: Assets/Editor Default Resources/Firebase/firebase_lockup_dark.png
  artifactKey: Guid(b93330fc8ea08407dbc514b5101afa14) Importer(815301076,1909f56bfc062723c751e8b465ee728b)
Start importing Assets/Editor Default Resources/Firebase/firebase_lockup_dark.png using Guid(b93330fc8ea08407dbc514b5101afa14) Importer(815301076,1909f56bfc062723c751e8b465ee728b)  -> (artifact id: 'f63b7cdd3d81974cef9a9203e3f2ffa1') in 0.017484 seconds 
========================================================================
Received Import Request.
  Time since last request: 0.000223 seconds.
  path: Assets/Editor Default Resources/Firebase/fb_invites_dark.png
  artifactKey: Guid(a734ad7414926404e90f8b5be37b7e23) Importer(815301076,1909f56bfc062723c751e8b465ee728b)
Start importing Assets/Editor Default Resources/Firebase/fb_invites_dark.png using Guid(a734ad7414926404e90f8b5be37b7e23) Importer(815301076,1909f56bfc062723c751e8b465ee728b)  -> (artifact id: 'b97bc8e1cd6b0f3b9034ef4808723a8e') in 0.008882 seconds 
========================================================================
Received Import Request.
  Time since last request: 0.000106 seconds.
  path: Assets/Editor Default Resources/Firebase/fb_invites.png
  artifactKey: Guid(741b269777f30488482ef4937b456b28) Importer(815301076,1909f56bfc062723c751e8b465ee728b)
Start importing Assets/Editor Default Resources/Firebase/fb_invites.png using Guid(741b269777f30488482ef4937b456b28) Importer(815301076,1909f56bfc062723c751e8b465ee728b)  -> (artifact id: '175b1edad643b3fb9f496b972bcc9f97') in 0.010711 seconds 
========================================================================
Received Import Request.
  Time since last request: 126.382129 seconds.
  path: Assets/Images/applogo.png
  artifactKey: Guid(d21c6906c816a442297af64dbcbf8d95) Importer(815301076,1909f56bfc062723c751e8b465ee728b)
Start importing Assets/Images/applogo.png using Guid(d21c6906c816a442297af64dbcbf8d95) Importer(815301076,1909f56bfc062723c751e8b465ee728b)  -> (artifact id: 'b3157e2b52cef729532f2daf375a7d63') in 0.053817 seconds 
========================================================================
Received Prepare
Refreshing native plugins compatible for Editor in 70.18 ms, found 7 plugins.
Preloading 0 native plugins for Editor in 0.00 ms.
Unloading 143 Unused Serialized files (Serialized files now loaded: 0)
Unloading 144 unused Assets / (25.0 KB). Loaded Objects now: 4843.
Memory consumption went from 210.1 MB to 210.1 MB.
Total: 7.937959 ms (FindLiveObjects: 0.539675 ms CreateObjectMapping: 0.369058 ms MarkObjects: 6.931211 ms  DeleteObjects: 0.096517 ms)

AssetImportParameters requested are different than current active one (requested -> active):
  custom:video-decoder-ogg-theora: a1e56fd34408186e4bbccfd4996cb3dc -> 
  custom:container-muxer-webm: aa71ff27fc2769a1b78a27578f13a17b -> 
  custom:container-demuxer-webm: 4f35f7cbe854078d1ac9338744f61a02 -> 
  custom:video-encoder-webm-vp8: eb34c28f22e8b96e1ab97ce403110664 -> 
  custom:framework-osx-AVFoundation: e770b220cccbd017edd2c1fefb359320 -> 
  custom:audio-encoder-webm-vorbis: bf7c407c2cedff20999df2af8eb42d56 -> 
  custom:container-demuxer-ogg: 62fdf1f143b41e24485cea50d1cbac27 -> 
  custom:video-decoder-webm-vp8: 9c59270c3fd7afecdb556c50c9e8de78 -> 
  custom:audio-decoder-ogg-vorbis: bf7c407c2cedff20999df2af8eb42d56 -> 
========================================================================
Received Prepare
Refreshing native plugins compatible for Editor in 78.68 ms, found 7 plugins.
Preloading 0 native plugins for Editor in 0.00 ms.
Unloading 143 Unused Serialized files (Serialized files now loaded: 0)
Unloading 143 unused Assets / (25.0 KB). Loaded Objects now: 4843.
Memory consumption went from 210.1 MB to 210.1 MB.
Total: 29.099903 ms (FindLiveObjects: 1.369228 ms CreateObjectMapping: 0.612190 ms MarkObjects: 27.004405 ms  DeleteObjects: 0.112117 ms)

AssetImportParameters requested are different than current active one (requested -> active):
  custom:video-decoder-ogg-theora: a1e56fd34408186e4bbccfd4996cb3dc -> 
  custom:container-muxer-webm: aa71ff27fc2769a1b78a27578f13a17b -> 
  custom:container-demuxer-webm: 4f35f7cbe854078d1ac9338744f61a02 -> 
  custom:video-encoder-webm-vp8: eb34c28f22e8b96e1ab97ce403110664 -> 
  custom:framework-osx-AVFoundation: e770b220cccbd017edd2c1fefb359320 -> 
  custom:audio-encoder-webm-vorbis: bf7c407c2cedff20999df2af8eb42d56 -> 
  custom:container-demuxer-ogg: 62fdf1f143b41e24485cea50d1cbac27 -> 
  custom:video-decoder-webm-vp8: 9c59270c3fd7afecdb556c50c9e8de78 -> 
  custom:audio-decoder-ogg-vorbis: bf7c407c2cedff20999df2af8eb42d56 -> 
========================================================================
Received Import Request.
  Time since last request: 110.602884 seconds.
  path: Assets/Images/absolutvision-82TpEld0_e4-unsplash-modified.png
  artifactKey: Guid(a13c6c1568e2744e993dc22d859fa5a5) Importer(815301076,1909f56bfc062723c751e8b465ee728b)
Start importing Assets/Images/absolutvision-82TpEld0_e4-unsplash-modified.png using Guid(a13c6c1568e2744e993dc22d859fa5a5) Importer(815301076,1909f56bfc062723c751e8b465ee728b) WARNING: RGBA Compressed ASTC6X6 UNorm format is not supported, decompressing texture
 -> (artifact id: 'd74d9541c299ec4d812c3cfabc7a97ef') in 1.019436 seconds 
========================================================================
Received Import Request.
  Time since last request: 0.015034 seconds.
  path: Assets/Images/search-interface-symbol.png
  artifactKey: Guid(ab8c3001a313742cfb3f5605e9519a46) Importer(815301076,1909f56bfc062723c751e8b465ee728b)
Start importing Assets/Images/search-interface-symbol.png using Guid(ab8c3001a313742cfb3f5605e9519a46) Importer(815301076,1909f56bfc062723c751e8b465ee728b) WARNING: RGBA Compressed ASTC6X6 UNorm format is not supported, decompressing texture
 -> (artifact id: 'ecfe9b1405b5502de463bd712603df62') in 0.067206 seconds 
========================================================================
Received Import Request.
  Time since last request: 0.000141 seconds.
  path: Assets/Images/Screen Shot 2022-08-23 at 11.01.51 pm.png
  artifactKey: Guid(e3e5173134f474994a44b90c6228bc1d) Importer(815301076,1909f56bfc062723c751e8b465ee728b)
Start importing Assets/Images/Screen Shot 2022-08-23 at 11.01.51 pm.png using Guid(e3e5173134f474994a44b90c6228bc1d) Importer(815301076,1909f56bfc062723c751e8b465ee728b) WARNING: RGBA Compressed ASTC6X6 UNorm format is not supported, decompressing texture
 -> (artifact id: '3531f71a47ce83b6082a15c378d36cf1') in 0.230838 seconds 
========================================================================
Received Import Request.
  Time since last request: 0.000114 seconds.
  path: Assets/Images/noun-settings-app-icon-780073.png
  artifactKey: Guid(837671c42ca9b40b1804b9e1f556b40b) Importer(815301076,1909f56bfc062723c751e8b465ee728b)
Start importing Assets/Images/noun-settings-app-icon-780073.png using Guid(837671c42ca9b40b1804b9e1f556b40b) Importer(815301076,1909f56bfc062723c751e8b465ee728b) WARNING: RGBA Compressed ASTC6X6 UNorm format is not supported, decompressing texture
 -> (artifact id: 'e1ace14ed84b283617d9f731f9cac006') in 0.065017 seconds 
========================================================================
Received Import Request.
  Time since last request: 0.000121 seconds.
  path: Assets/Images/denys-nevozhai-7nrsVjvALnA-unsplash-modified.png
  artifactKey: Guid(6cd47a605c4ef44a0834cd70a0e9ef06) Importer(815301076,1909f56bfc062723c751e8b465ee728b)
Start importing Assets/Images/denys-nevozhai-7nrsVjvALnA-unsplash-modified.png using Guid(6cd47a605c4ef44a0834cd70a0e9ef06) Importer(815301076,1909f56bfc062723c751e8b465ee728b) WARNING: RGBA Compressed ASTC6X6 UNorm format is not supported, decompressing texture
 -> (artifact id: '769e5cc6df7ed6c95c1ca4200c63edc0') in 0.092267 seconds 
========================================================================
Received Import Request.
  Time since last request: 0.000094 seconds.
  path: Assets/Images/bell.png
  artifactKey: Guid(9f03e61d31d104bd0ab52fc57a5f0e82) Importer(815301076,1909f56bfc062723c751e8b465ee728b)
Start importing Assets/Images/bell.png using Guid(9f03e61d31d104bd0ab52fc57a5f0e82) Importer(815301076,1909f56bfc062723c751e8b465ee728b) WARNING: RGBA Compressed ASTC6X6 UNorm format is not supported, decompressing texture
 -> (artifact id: '6d9103f91ef858e5aedefc532783c664') in 0.033903 seconds 
========================================================================
Received Import Request.
  Time since last request: 0.000088 seconds.
  path: Assets/Images/luiz-cent-ZA6KIwNAJ-A-unsplash-modified.png
  artifactKey: Guid(8fd22aacda427403e93ff553434591b3) Importer(815301076,1909f56bfc062723c751e8b465ee728b)
Start importing Assets/Images/luiz-cent-ZA6KIwNAJ-A-unsplash-modified.png using Guid(8fd22aacda427403e93ff553434591b3) Importer(815301076,1909f56bfc062723c751e8b465ee728b) WARNING: RGBA Compressed ASTC6X6 UNorm format is not supported, decompressing texture
 -> (artifact id: '124b714f3a1529a29116c05fbcd43275') in 0.740241 seconds 
========================================================================
Received Import Request.
  Time since last request: 0.000156 seconds.
  path: Assets/Images/Rounded10px@4x.png
  artifactKey: Guid(901012849caaa4c9e8a6123b8d3d3009) Importer(815301076,1909f56bfc062723c751e8b465ee728b)
Start importing Assets/Images/Rounded10px@4x.png using Guid(901012849caaa4c9e8a6123b8d3d3009) Importer(815301076,1909f56bfc062723c751e8b465ee728b) WARNING: RGBA Compressed ASTC6X6 UNorm format is not supported, decompressing texture
 -> (artifact id: 'eb401b6ae7331fbc15d59176206c3bdc') in 0.018265 seconds 
========================================================================
Received Import Request.
  Time since last request: 0.000092 seconds.
  path: Assets/Images/compass.png
  artifactKey: Guid(741199272bb624593b6c8e1f5828bbde) Importer(815301076,1909f56bfc062723c751e8b465ee728b)
Start importing Assets/Images/compass.png using Guid(741199272bb624593b6c8e1f5828bbde) Importer(815301076,1909f56bfc062723c751e8b465ee728b) WARNING: RGBA Compressed ASTC6X6 UNorm format is not supported, decompressing texture
 -> (artifact id: '285df6c95d127b3b9fb0ad60bf28a586') in 0.033422 seconds 
========================================================================
Received Import Request.
  Time since last request: 0.000093 seconds.
  path: Assets/Images/noun-profile-icon-638636.png
  artifactKey: Guid(d5f4558e325af41728ae78eb5948ab82) Importer(815301076,1909f56bfc062723c751e8b465ee728b)
Start importing Assets/Images/noun-profile-icon-638636.png using Guid(d5f4558e325af41728ae78eb5948ab82) Importer(815301076,1909f56bfc062723c751e8b465ee728b) WARNING: RGBA Compressed ASTC6X6 UNorm format is not supported, decompressing texture
 -> (artifact id: '8efc7478aa5b9d7980ff8a51436a46fd') in 0.046771 seconds 
========================================================================
Received Import Request.
  Time since last request: 0.000087 seconds.
  path: Assets/Images/left-arrow.png
  artifactKey: Guid(9de74c1523e3f41aea5021d18c78433f) Importer(815301076,1909f56bfc062723c751e8b465ee728b)
Start importing Assets/Images/left-arrow.png using Guid(9de74c1523e3f41aea5021d18c78433f) Importer(815301076,1909f56bfc062723c751e8b465ee728b) WARNING: RGBA Compressed ASTC6X6 UNorm format is not supported, decompressing texture
 -> (artifact id: '4340ee050183d6742d015de58b71e3b9') in 0.035376 seconds 
========================================================================
Received Import Request.
  Time since last request: 0.000157 seconds.
  path: Assets/Images/Rounded5px@2x.png
  artifactKey: Guid(8495337958bb74a9e8576ec28ba37342) Importer(815301076,1909f56bfc062723c751e8b465ee728b)
Start importing Assets/Images/Rounded5px@2x.png using Guid(8495337958bb74a9e8576ec28ba37342) Importer(815301076,1909f56bfc062723c751e8b465ee728b) WARNING: RGBA Compressed ASTC6X6 UNorm format is not supported, decompressing texture
 -> (artifact id: '313cfeba02394d7bd157060669122421') in 0.021560 seconds 
========================================================================
Received Import Request.
  Time since last request: 0.000093 seconds.
  path: Assets/Images/WACRH-logo-01.png
  artifactKey: Guid(0da51b84129ab46fba7b5115f85901d5) Importer(815301076,1909f56bfc062723c751e8b465ee728b)
Start importing Assets/Images/WACRH-logo-01.png using Guid(0da51b84129ab46fba7b5115f85901d5) Importer(815301076,1909f56bfc062723c751e8b465ee728b) WARNING: RGBA Compressed ASTC6X6 UNorm format is not supported, decompressing texture
 -> (artifact id: '1a209beced3c19838fe6ee25bbeed84a') in 0.150463 seconds 
========================================================================
Received Import Request.
  Time since last request: 0.000091 seconds.
  path: Assets/Images/applogo.png
  artifactKey: Guid(d21c6906c816a442297af64dbcbf8d95) Importer(815301076,1909f56bfc062723c751e8b465ee728b)
Start importing Assets/Images/applogo.png using Guid(d21c6906c816a442297af64dbcbf8d95) Importer(815301076,1909f56bfc062723c751e8b465ee728b) WARNING: RGBA Compressed ASTC6X6 UNorm format is not supported, decompressing texture
 -> (artifact id: '9becb0c629221e79ebceada487f7627a') in 0.030433 seconds 
========================================================================
Received Import Request.
  Time since last request: 0.000140 seconds.
  path: Assets/Images/noun-search-5100698.png
  artifactKey: Guid(417ea9743c08248f9b585d0cdbd9bcf0) Importer(815301076,1909f56bfc062723c751e8b465ee728b)
Start importing Assets/Images/noun-search-5100698.png using Guid(417ea9743c08248f9b585d0cdbd9bcf0) Importer(815301076,1909f56bfc062723c751e8b465ee728b) WARNING: RGBA Compressed ASTC6X6 UNorm format is not supported, decompressing texture
 -> (artifact id: '3cf03edd59194817d46f57fe85bf70ea') in 0.044638 seconds 
========================================================================
Received Import Request.
  Time since last request: 0.000104 seconds.
  path: Assets/Images/LoginButton.png
  artifactKey: Guid(774c17f14689547cfbde05befcebc826) Importer(815301076,1909f56bfc062723c751e8b465ee728b)
Start importing Assets/Images/LoginButton.png using Guid(774c17f14689547cfbde05befcebc826) Importer(815301076,1909f56bfc062723c751e8b465ee728b) WARNING: RGBA Compressed ASTC6X6 UNorm format is not supported, decompressing texture
 -> (artifact id: '82d0d5417bad6a18d6fa609b9891a4c4') in 0.115622 seconds 
========================================================================
Received Import Request.
  Time since last request: 0.006438 seconds.
  path: Assets/Images/noun-home-5095179 1.png
  artifactKey: Guid(0052158877ac74ee98b9922b55e42647) Importer(815301076,1909f56bfc062723c751e8b465ee728b)
Start importing Assets/Images/noun-home-5095179 1.png using Guid(0052158877ac74ee98b9922b55e42647) Importer(815301076,1909f56bfc062723c751e8b465ee728b) WARNING: RGBA Compressed ASTC6X6 UNorm format is not supported, decompressing texture
 -> (artifact id: '8bf66e2d58448abd428f05ac9b2982b9') in 0.049057 seconds 
========================================================================
Received Import Request.
  Time since last request: 0.000125 seconds.
  path: Assets/Images/noun-chat-5117887.png
  artifactKey: Guid(4b247e71766b54c47828e18c3ef4c791) Importer(815301076,1909f56bfc062723c751e8b465ee728b)
Start importing Assets/Images/noun-chat-5117887.png using Guid(4b247e71766b54c47828e18c3ef4c791) Importer(815301076,1909f56bfc062723c751e8b465ee728b) WARNING: RGBA Compressed ASTC6X6 UNorm format is not supported, decompressing texture
 -> (artifact id: '956c8aa453708c1e6d878fefc43674cb') in 0.062704 seconds 
========================================================================
Received Import Request.
  Time since last request: 0.000124 seconds.
  path: Assets/Images/small-modified.png
  artifactKey: Guid(76898ef67e72b445eab7ecc79487e153) Importer(815301076,1909f56bfc062723c751e8b465ee728b)
Start importing Assets/Images/small-modified.png using Guid(76898ef67e72b445eab7ecc79487e153) Importer(815301076,1909f56bfc062723c751e8b465ee728b) WARNING: RGBA Compressed ASTC6X6 UNorm format is not supported, decompressing texture
 -> (artifact id: 'e433e876a8db6a06f3c82b433f18c38a') in 0.054889 seconds 
========================================================================
Received Import Request.
  Time since last request: 277.659757 seconds.
  path: Assets/Scripts/homeLoad.cs
  artifactKey: Guid(99949d963fa9b4f07b0855fca38c4712) Importer(815301076,1909f56bfc062723c751e8b465ee728b)
Start importing Assets/Scripts/homeLoad.cs using Guid(99949d963fa9b4f07b0855fca38c4712) Importer(815301076,1909f56bfc062723c751e8b465ee728b)  -> (artifact id: 'b9d8b8b08f8f6c6715fed5831aae2673') in 1.053332 seconds 
========================================================================
Received Prepare
Refreshing native plugins compatible for Editor in 99.84 ms, found 7 plugins.
Preloading 0 native plugins for Editor in 0.00 ms.
Unloading 143 Unused Serialized files (Serialized files now loaded: 0)
Unloading 143 unused Assets / (25.0 KB). Loaded Objects now: 4869.
Memory consumption went from 234.4 MB to 234.4 MB.
Total: 53.842232 ms (FindLiveObjects: 0.741231 ms CreateObjectMapping: 0.489048 ms MarkObjects: 52.420145 ms  DeleteObjects: 0.189708 ms)

AssetImportParameters requested are different than current active one (requested -> active):
  custom:video-decoder-ogg-theora: a1e56fd34408186e4bbccfd4996cb3dc -> 
  custom:container-muxer-webm: aa71ff27fc2769a1b78a27578f13a17b -> 
  custom:container-demuxer-webm: 4f35f7cbe854078d1ac9338744f61a02 -> 
  custom:video-encoder-webm-vp8: eb34c28f22e8b96e1ab97ce403110664 -> 
  custom:framework-osx-AVFoundation: e770b220cccbd017edd2c1fefb359320 -> 
  custom:audio-encoder-webm-vorbis: bf7c407c2cedff20999df2af8eb42d56 -> 
  custom:container-demuxer-ogg: 62fdf1f143b41e24485cea50d1cbac27 -> 
  custom:video-decoder-webm-vp8: 9c59270c3fd7afecdb556c50c9e8de78 -> 
  custom:audio-decoder-ogg-vorbis: bf7c407c2cedff20999df2af8eb42d56 -> 
========================================================================
Received Prepare
Registering precompiled user dll's ...
Registered in 0.008384 seconds.
Begin MonoManager ReloadAssembly
Symbol file LoadedFromMemory doesn't match image /Users/kristijankorunoski/Desktop/CITS3200/Project/CITS3200_14/app_version_1.2/Library/PackageCache/com.unity.visualscripting@1.7.8/Editor/VisualScripting.Core/Dependencies/DotNetZip/Unity.VisualScripting.IonicZip.dll
Symbol file LoadedFromMemory doesn't match image /Users/kristijankorunoski/Desktop/CITS3200/Project/CITS3200_14/app_version_1.2/Library/PackageCache/com.unity.visualscripting@1.7.8/Editor/VisualScripting.Core/Dependencies/YamlDotNet/Unity.VisualScripting.YamlDotNet.dll
Native extension for iOS target not found
Native extension for Android target not found
Native extension for OSXStandalone target not found
Native extension for WebGL target not found
Refreshing native plugins compatible for Editor in 2.15 ms, found 7 plugins.
Preloading 0 native plugins for Editor in 0.00 ms.
Mono: successfully reloaded assembly
- Completed reload, in  3.485 seconds
Domain Reload Profiling:
	ReloadAssembly (3487ms)
		BeginReloadAssembly (650ms)
			ExecutionOrderSort (0ms)
			DisableScriptedObjects (26ms)
			BackupInstance (0ms)
			ReleaseScriptingObjects (0ms)
			CreateAndSetChildDomain (370ms)
		EndReloadAssembly (2630ms)
			LoadAssemblies (387ms)
			RebuildTransferFunctionScriptingTraits (0ms)
			SetupTypeCache (867ms)
			ReleaseScriptCaches (2ms)
			RebuildScriptCaches (112ms)
			SetupLoadedEditorAssemblies (1180ms)
				LogAssemblyErrors (0ms)
				InitializePlatformSupportModulesInManaged (86ms)
				SetLoadedEditorAssemblies (1ms)
				RefreshPlugins (2ms)
				BeforeProcessingInitializeOnLoad (152ms)
				ProcessInitializeOnLoadAttributes (848ms)
				ProcessInitializeOnLoadMethodAttributes (75ms)
				AfterProcessingInitializeOnLoad (13ms)
				EditorAssembliesLoaded (2ms)
			ExecutionOrderSort2 (0ms)
			AwakeInstancesAfterBackupRestoration (27ms)
Platform modules already initialized, skipping
Refreshing native plugins compatible for Editor in 11.75 ms, found 7 plugins.
Preloading 0 native plugins for Editor in 0.00 ms.
Unloading 4509 Unused Serialized files (Serialized files now loaded: 0)
Unloading 143 unused Assets / (25.1 KB). Loaded Objects now: 4871.
Memory consumption went from 322.4 MB to 322.4 MB.
Total: 6.454247 ms (FindLiveObjects: 0.488608 ms CreateObjectMapping: 0.431509 ms MarkObjects: 5.430928 ms  DeleteObjects: 0.101826 ms)

AssetImportParameters requested are different than current active one (requested -> active):
  custom:video-decoder-ogg-theora: a1e56fd34408186e4bbccfd4996cb3dc -> 
  custom:container-muxer-webm: aa71ff27fc2769a1b78a27578f13a17b -> 
  custom:container-demuxer-webm: 4f35f7cbe854078d1ac9338744f61a02 -> 
  custom:video-encoder-webm-vp8: eb34c28f22e8b96e1ab97ce403110664 -> 
  custom:framework-osx-AVFoundation: e770b220cccbd017edd2c1fefb359320 -> 
  custom:audio-encoder-webm-vorbis: bf7c407c2cedff20999df2af8eb42d56 -> 
  custom:container-demuxer-ogg: 62fdf1f143b41e24485cea50d1cbac27 -> 
  custom:video-decoder-webm-vp8: 9c59270c3fd7afecdb556c50c9e8de78 -> 
  custom:audio-decoder-ogg-vorbis: bf7c407c2cedff20999df2af8eb42d56 -> 
========================================================================
Received Prepare
Registering precompiled user dll's ...
Registered in 0.008080 seconds.
Begin MonoManager ReloadAssembly
Symbol file LoadedFromMemory doesn't match image /Users/kristijankorunoski/Desktop/CITS3200/Project/CITS3200_14/app_version_1.2/Library/PackageCache/com.unity.visualscripting@1.7.8/Editor/VisualScripting.Core/Dependencies/DotNetZip/Unity.VisualScripting.IonicZip.dll
Symbol file LoadedFromMemory doesn't match image /Users/kristijankorunoski/Desktop/CITS3200/Project/CITS3200_14/app_version_1.2/Library/PackageCache/com.unity.visualscripting@1.7.8/Editor/VisualScripting.Core/Dependencies/YamlDotNet/Unity.VisualScripting.YamlDotNet.dll
Native extension for iOS target not found
Native extension for Android target not found
Native extension for OSXStandalone target not found
Native extension for WebGL target not found
Refreshing native plugins compatible for Editor in 2.29 ms, found 7 plugins.
Preloading 0 native plugins for Editor in 0.00 ms.
Mono: successfully reloaded assembly
- Completed reload, in  2.536 seconds
Domain Reload Profiling:
	ReloadAssembly (2537ms)
		BeginReloadAssembly (318ms)
			ExecutionOrderSort (0ms)
			DisableScriptedObjects (15ms)
			BackupInstance (0ms)
			ReleaseScriptingObjects (0ms)
			CreateAndSetChildDomain (120ms)
		EndReloadAssembly (2029ms)
			LoadAssemblies (222ms)
			RebuildTransferFunctionScriptingTraits (0ms)
			SetupTypeCache (517ms)
			ReleaseScriptCaches (2ms)
			RebuildScriptCaches (97ms)
			SetupLoadedEditorAssemblies (1046ms)
				LogAssemblyErrors (0ms)
				InitializePlatformSupportModulesInManaged (74ms)
				SetLoadedEditorAssemblies (1ms)
				RefreshPlugins (2ms)
				BeforeProcessingInitializeOnLoad (159ms)
				ProcessInitializeOnLoadAttributes (727ms)
				ProcessInitializeOnLoadMethodAttributes (78ms)
				AfterProcessingInitializeOnLoad (4ms)
				EditorAssembliesLoaded (0ms)
			ExecutionOrderSort2 (0ms)
			AwakeInstancesAfterBackupRestoration (22ms)
Platform modules already initialized, skipping
Refreshing native plugins compatible for Editor in 45.17 ms, found 7 plugins.
Preloading 0 native plugins for Editor in 0.00 ms.
Unloading 4509 Unused Serialized files (Serialized files now loaded: 0)
Unloading 143 unused Assets / (26.8 KB). Loaded Objects now: 4874.
Memory consumption went from 322.7 MB to 322.7 MB.
Total: 9.019167 ms (FindLiveObjects: 0.423920 ms CreateObjectMapping: 0.210917 ms MarkObjects: 8.267070 ms  DeleteObjects: 0.115574 ms)

AssetImportParameters requested are different than current active one (requested -> active):
  custom:video-decoder-ogg-theora: a1e56fd34408186e4bbccfd4996cb3dc -> 
  custom:container-muxer-webm: aa71ff27fc2769a1b78a27578f13a17b -> 
  custom:container-demuxer-webm: 4f35f7cbe854078d1ac9338744f61a02 -> 
  custom:video-encoder-webm-vp8: eb34c28f22e8b96e1ab97ce403110664 -> 
  custom:framework-osx-AVFoundation: e770b220cccbd017edd2c1fefb359320 -> 
  custom:audio-encoder-webm-vorbis: bf7c407c2cedff20999df2af8eb42d56 -> 
  custom:container-demuxer-ogg: 62fdf1f143b41e24485cea50d1cbac27 -> 
  custom:video-decoder-webm-vp8: 9c59270c3fd7afecdb556c50c9e8de78 -> 
  custom:audio-decoder-ogg-vorbis: bf7c407c2cedff20999df2af8eb42d56 -> 
========================================================================
Received Prepare
Registering precompiled user dll's ...
Registered in 0.009495 seconds.
Begin MonoManager ReloadAssembly
Symbol file LoadedFromMemory doesn't match image /Users/kristijankorunoski/Desktop/CITS3200/Project/CITS3200_14/app_version_1.2/Library/PackageCache/com.unity.visualscripting@1.7.8/Editor/VisualScripting.Core/Dependencies/DotNetZip/Unity.VisualScripting.IonicZip.dll
Symbol file LoadedFromMemory doesn't match image /Users/kristijankorunoski/Desktop/CITS3200/Project/CITS3200_14/app_version_1.2/Library/PackageCache/com.unity.visualscripting@1.7.8/Editor/VisualScripting.Core/Dependencies/YamlDotNet/Unity.VisualScripting.YamlDotNet.dll
Native extension for iOS target not found
Native extension for Android target not found
Native extension for OSXStandalone target not found
Native extension for WebGL target not found
Refreshing native plugins compatible for Editor in 2.16 ms, found 7 plugins.
Preloading 0 native plugins for Editor in 0.00 ms.
Mono: successfully reloaded assembly
- Completed reload, in  3.179 seconds
Domain Reload Profiling:
	ReloadAssembly (3181ms)
		BeginReloadAssembly (352ms)
			ExecutionOrderSort (0ms)
			DisableScriptedObjects (20ms)
			BackupInstance (0ms)
			ReleaseScriptingObjects (0ms)
			CreateAndSetChildDomain (113ms)
		EndReloadAssembly (2619ms)
			LoadAssemblies (446ms)
			RebuildTransferFunctionScriptingTraits (0ms)
			SetupTypeCache (810ms)
			ReleaseScriptCaches (2ms)
			RebuildScriptCaches (98ms)
			SetupLoadedEditorAssemblies (1228ms)
				LogAssemblyErrors (0ms)
				InitializePlatformSupportModulesInManaged (53ms)
				SetLoadedEditorAssemblies (1ms)
				RefreshPlugins (2ms)
				BeforeProcessingInitializeOnLoad (177ms)
				ProcessInitializeOnLoadAttributes (919ms)
				ProcessInitializeOnLoadMethodAttributes (74ms)
				AfterProcessingInitializeOnLoad (2ms)
				EditorAssembliesLoaded (0ms)
			ExecutionOrderSort2 (0ms)
			AwakeInstancesAfterBackupRestoration (10ms)
Platform modules already initialized, skipping
Refreshing native plugins compatible for Editor in 10.39 ms, found 7 plugins.
Preloading 0 native plugins for Editor in 0.00 ms.
Unloading 4509 Unused Serialized files (Serialized files now loaded: 0)
Unloading 143 unused Assets / (25.1 KB). Loaded Objects now: 4877.
Memory consumption went from 322.9 MB to 322.9 MB.
Total: 6.014869 ms (FindLiveObjects: 0.434248 ms CreateObjectMapping: 0.240778 ms MarkObjects: 5.239076 ms  DeleteObjects: 0.098954 ms)

AssetImportParameters requested are different than current active one (requested -> active):
  custom:video-decoder-ogg-theora: a1e56fd34408186e4bbccfd4996cb3dc -> 
  custom:container-muxer-webm: aa71ff27fc2769a1b78a27578f13a17b -> 
  custom:container-demuxer-webm: 4f35f7cbe854078d1ac9338744f61a02 -> 
  custom:video-encoder-webm-vp8: eb34c28f22e8b96e1ab97ce403110664 -> 
  custom:framework-osx-AVFoundation: e770b220cccbd017edd2c1fefb359320 -> 
  custom:audio-encoder-webm-vorbis: bf7c407c2cedff20999df2af8eb42d56 -> 
  custom:container-demuxer-ogg: 62fdf1f143b41e24485cea50d1cbac27 -> 
  custom:video-decoder-webm-vp8: 9c59270c3fd7afecdb556c50c9e8de78 -> 
  custom:audio-decoder-ogg-vorbis: bf7c407c2cedff20999df2af8eb42d56 -> 
========================================================================
Received Prepare
Registering precompiled user dll's ...
Registered in 0.011937 seconds.
Begin MonoManager ReloadAssembly
Symbol file LoadedFromMemory doesn't match image /Users/kristijankorunoski/Desktop/CITS3200/Project/CITS3200_14/app_version_1.2/Library/PackageCache/com.unity.visualscripting@1.7.8/Editor/VisualScripting.Core/Dependencies/DotNetZip/Unity.VisualScripting.IonicZip.dll
Symbol file LoadedFromMemory doesn't match image /Users/kristijankorunoski/Desktop/CITS3200/Project/CITS3200_14/app_version_1.2/Library/PackageCache/com.unity.visualscripting@1.7.8/Editor/VisualScripting.Core/Dependencies/YamlDotNet/Unity.VisualScripting.YamlDotNet.dll
Native extension for iOS target not found
Native extension for Android target not found
Native extension for OSXStandalone target not found
Native extension for WebGL target not found
Refreshing native plugins compatible for Editor in 6.01 ms, found 7 plugins.
Preloading 0 native plugins for Editor in 0.00 ms.
Mono: successfully reloaded assembly
- Completed reload, in  7.202 seconds
Domain Reload Profiling:
	ReloadAssembly (7230ms)
		BeginReloadAssembly (201ms)
			ExecutionOrderSort (0ms)
			DisableScriptedObjects (13ms)
			BackupInstance (0ms)
			ReleaseScriptingObjects (0ms)
			CreateAndSetChildDomain (87ms)
		EndReloadAssembly (6857ms)
			LoadAssemblies (121ms)
			RebuildTransferFunctionScriptingTraits (0ms)
			SetupTypeCache (801ms)
			ReleaseScriptCaches (5ms)
			RebuildScriptCaches (342ms)
			SetupLoadedEditorAssemblies (4749ms)
				LogAssemblyErrors (0ms)
				InitializePlatformSupportModulesInManaged (257ms)
				SetLoadedEditorAssemblies (8ms)
				RefreshPlugins (6ms)
				BeforeProcessingInitializeOnLoad (540ms)
				ProcessInitializeOnLoadAttributes (3537ms)
				ProcessInitializeOnLoadMethodAttributes (396ms)
				AfterProcessingInitializeOnLoad (5ms)
				EditorAssembliesLoaded (1ms)
			ExecutionOrderSort2 (0ms)
			AwakeInstancesAfterBackupRestoration (87ms)
Platform modules already initialized, skipping
Refreshing native plugins compatible for Editor in 37.52 ms, found 7 plugins.
Preloading 0 native plugins for Editor in 0.00 ms.
Unloading 4509 Unused Serialized files (Serialized files now loaded: 0)
Unloading 143 unused Assets / (25.1 KB). Loaded Objects now: 4880.
Memory consumption went from 323.2 MB to 323.2 MB.
Total: 12.562148 ms (FindLiveObjects: 0.475567 ms CreateObjectMapping: 1.747679 ms MarkObjects: 10.235272 ms  DeleteObjects: 0.101597 ms)

AssetImportParameters requested are different than current active one (requested -> active):
  custom:video-decoder-ogg-theora: a1e56fd34408186e4bbccfd4996cb3dc -> 
  custom:container-muxer-webm: aa71ff27fc2769a1b78a27578f13a17b -> 
  custom:container-demuxer-webm: 4f35f7cbe854078d1ac9338744f61a02 -> 
  custom:video-encoder-webm-vp8: eb34c28f22e8b96e1ab97ce403110664 -> 
  custom:framework-osx-AVFoundation: e770b220cccbd017edd2c1fefb359320 -> 
  custom:audio-encoder-webm-vorbis: bf7c407c2cedff20999df2af8eb42d56 -> 
  custom:container-demuxer-ogg: 62fdf1f143b41e24485cea50d1cbac27 -> 
  custom:video-decoder-webm-vp8: 9c59270c3fd7afecdb556c50c9e8de78 -> 
  custom:audio-decoder-ogg-vorbis: bf7c407c2cedff20999df2af8eb42d56 -> 
========================================================================
Received Prepare
Registering precompiled user dll's ...
Registered in 0.008908 seconds.
Begin MonoManager ReloadAssembly
Symbol file LoadedFromMemory doesn't match image /Users/kristijankorunoski/Desktop/CITS3200/Project/CITS3200_14/app_version_1.2/Library/PackageCache/com.unity.visualscripting@1.7.8/Editor/VisualScripting.Core/Dependencies/DotNetZip/Unity.VisualScripting.IonicZip.dll
Symbol file LoadedFromMemory doesn't match image /Users/kristijankorunoski/Desktop/CITS3200/Project/CITS3200_14/app_version_1.2/Library/PackageCache/com.unity.visualscripting@1.7.8/Editor/VisualScripting.Core/Dependencies/YamlDotNet/Unity.VisualScripting.YamlDotNet.dll
Native extension for iOS target not found
Native extension for Android target not found
Native extension for OSXStandalone target not found
Native extension for WebGL target not found
Refreshing native plugins compatible for Editor in 2.01 ms, found 7 plugins.
Preloading 0 native plugins for Editor in 0.00 ms.
Mono: successfully reloaded assembly
- Completed reload, in  3.074 seconds
Domain Reload Profiling:
	ReloadAssembly (3076ms)
		BeginReloadAssembly (476ms)
			ExecutionOrderSort (0ms)
			DisableScriptedObjects (23ms)
			BackupInstance (0ms)
			ReleaseScriptingObjects (0ms)
			CreateAndSetChildDomain (185ms)
		EndReloadAssembly (2353ms)
			LoadAssemblies (387ms)
			RebuildTransferFunctionScriptingTraits (0ms)
			SetupTypeCache (661ms)
			ReleaseScriptCaches (4ms)
			RebuildScriptCaches (195ms)
			SetupLoadedEditorAssemblies (1059ms)
				LogAssemblyErrors (0ms)
				InitializePlatformSupportModulesInManaged (69ms)
				SetLoadedEditorAssemblies (1ms)
				RefreshPlugins (2ms)
				BeforeProcessingInitializeOnLoad (175ms)
				ProcessInitializeOnLoadAttributes (743ms)
				ProcessInitializeOnLoadMethodAttributes (67ms)
				AfterProcessingInitializeOnLoad (2ms)
				EditorAssembliesLoaded (0ms)
			ExecutionOrderSort2 (0ms)
			AwakeInstancesAfterBackupRestoration (16ms)
Platform modules already initialized, skipping
Refreshing native plugins compatible for Editor in 9.13 ms, found 7 plugins.
Preloading 0 native plugins for Editor in 0.00 ms.
Unloading 4509 Unused Serialized files (Serialized files now loaded: 0)
Unloading 143 unused Assets / (25.1 KB). Loaded Objects now: 4883.
Memory consumption went from 323.5 MB to 323.5 MB.
Total: 5.603599 ms (FindLiveObjects: 0.418305 ms CreateObjectMapping: 0.293663 ms MarkObjects: 4.812634 ms  DeleteObjects: 0.077400 ms)

AssetImportParameters requested are different than current active one (requested -> active):
  custom:video-decoder-ogg-theora: a1e56fd34408186e4bbccfd4996cb3dc -> 
  custom:container-muxer-webm: aa71ff27fc2769a1b78a27578f13a17b -> 
  custom:container-demuxer-webm: 4f35f7cbe854078d1ac9338744f61a02 -> 
  custom:video-encoder-webm-vp8: eb34c28f22e8b96e1ab97ce403110664 -> 
  custom:framework-osx-AVFoundation: e770b220cccbd017edd2c1fefb359320 -> 
  custom:audio-encoder-webm-vorbis: bf7c407c2cedff20999df2af8eb42d56 -> 
  custom:container-demuxer-ogg: 62fdf1f143b41e24485cea50d1cbac27 -> 
  custom:video-decoder-webm-vp8: 9c59270c3fd7afecdb556c50c9e8de78 -> 
  custom:audio-decoder-ogg-vorbis: bf7c407c2cedff20999df2af8eb42d56 -> 
========================================================================
Received Prepare
Registering precompiled user dll's ...
Registered in 0.008212 seconds.
Begin MonoManager ReloadAssembly
Symbol file LoadedFromMemory doesn't match image /Users/kristijankorunoski/Desktop/CITS3200/Project/CITS3200_14/app_version_1.2/Library/PackageCache/com.unity.visualscripting@1.7.8/Editor/VisualScripting.Core/Dependencies/DotNetZip/Unity.VisualScripting.IonicZip.dll
Symbol file LoadedFromMemory doesn't match image /Users/kristijankorunoski/Desktop/CITS3200/Project/CITS3200_14/app_version_1.2/Library/PackageCache/com.unity.visualscripting@1.7.8/Editor/VisualScripting.Core/Dependencies/YamlDotNet/Unity.VisualScripting.YamlDotNet.dll
Native extension for iOS target not found
Native extension for Android target not found
Native extension for OSXStandalone target not found
Native extension for WebGL target not found
Refreshing native plugins compatible for Editor in 3.47 ms, found 7 plugins.
Preloading 0 native plugins for Editor in 0.00 ms.
Mono: successfully reloaded assembly
- Completed reload, in  4.167 seconds
Domain Reload Profiling:
	ReloadAssembly (4170ms)
		BeginReloadAssembly (273ms)
			ExecutionOrderSort (0ms)
			DisableScriptedObjects (18ms)
			BackupInstance (0ms)
			ReleaseScriptingObjects (0ms)
			CreateAndSetChildDomain (135ms)
		EndReloadAssembly (3708ms)
			LoadAssemblies (134ms)
			RebuildTransferFunctionScriptingTraits (0ms)
			SetupTypeCache (652ms)
			ReleaseScriptCaches (2ms)
			RebuildScriptCaches (115ms)
			SetupLoadedEditorAssemblies (2632ms)
				LogAssemblyErrors (0ms)
				InitializePlatformSupportModulesInManaged (96ms)
				SetLoadedEditorAssemblies (1ms)
				RefreshPlugins (4ms)
				BeforeProcessingInitializeOnLoad (292ms)
				ProcessInitializeOnLoadAttributes (2064ms)
				ProcessInitializeOnLoadMethodAttributes (165ms)
				AfterProcessingInitializeOnLoad (9ms)
				EditorAssembliesLoaded (1ms)
			ExecutionOrderSort2 (0ms)
			AwakeInstancesAfterBackupRestoration (35ms)
Platform modules already initialized, skipping
Refreshing native plugins compatible for Editor in 38.94 ms, found 7 plugins.
Preloading 0 native plugins for Editor in 0.00 ms.
Unloading 4509 Unused Serialized files (Serialized files now loaded: 0)
Unloading 143 unused Assets / (25.1 KB). Loaded Objects now: 4886.
Memory consumption went from 323.8 MB to 323.8 MB.
Total: 21.885715 ms (FindLiveObjects: 1.196980 ms CreateObjectMapping: 1.158849 ms MarkObjects: 18.922997 ms  DeleteObjects: 0.602136 ms)

AssetImportParameters requested are different than current active one (requested -> active):
  custom:video-decoder-ogg-theora: a1e56fd34408186e4bbccfd4996cb3dc -> 
  custom:container-muxer-webm: aa71ff27fc2769a1b78a27578f13a17b -> 
  custom:container-demuxer-webm: 4f35f7cbe854078d1ac9338744f61a02 -> 
  custom:video-encoder-webm-vp8: eb34c28f22e8b96e1ab97ce403110664 -> 
  custom:framework-osx-AVFoundation: e770b220cccbd017edd2c1fefb359320 -> 
  custom:audio-encoder-webm-vorbis: bf7c407c2cedff20999df2af8eb42d56 -> 
  custom:container-demuxer-ogg: 62fdf1f143b41e24485cea50d1cbac27 -> 
  custom:video-decoder-webm-vp8: 9c59270c3fd7afecdb556c50c9e8de78 -> 
  custom:audio-decoder-ogg-vorbis: bf7c407c2cedff20999df2af8eb42d56 -> 
========================================================================
Received Prepare
Registering precompiled user dll's ...
Registered in 0.008373 seconds.
Begin MonoManager ReloadAssembly
Symbol file LoadedFromMemory doesn't match image /Users/kristijankorunoski/Desktop/CITS3200/Project/CITS3200_14/app_version_1.2/Library/PackageCache/com.unity.visualscripting@1.7.8/Editor/VisualScripting.Core/Dependencies/DotNetZip/Unity.VisualScripting.IonicZip.dll
Symbol file LoadedFromMemory doesn't match image /Users/kristijankorunoski/Desktop/CITS3200/Project/CITS3200_14/app_version_1.2/Library/PackageCache/com.unity.visualscripting@1.7.8/Editor/VisualScripting.Core/Dependencies/YamlDotNet/Unity.VisualScripting.YamlDotNet.dll
Native extension for iOS target not found
Native extension for Android target not found
Native extension for OSXStandalone target not found
Native extension for WebGL target not found
Refreshing native plugins compatible for Editor in 2.40 ms, found 7 plugins.
Preloading 0 native plugins for Editor in 0.00 ms.
Mono: successfully reloaded assembly
- Completed reload, in  3.036 seconds
Domain Reload Profiling:
	ReloadAssembly (3038ms)
		BeginReloadAssembly (357ms)
			ExecutionOrderSort (0ms)
			DisableScriptedObjects (26ms)
			BackupInstance (0ms)
			ReleaseScriptingObjects (0ms)
			CreateAndSetChildDomain (111ms)
		EndReloadAssembly (2378ms)
			LoadAssemblies (402ms)
			RebuildTransferFunctionScriptingTraits (0ms)
			SetupTypeCache (601ms)
			ReleaseScriptCaches (3ms)
			RebuildScriptCaches (139ms)
			SetupLoadedEditorAssemblies (1141ms)
				LogAssemblyErrors (0ms)
				InitializePlatformSupportModulesInManaged (77ms)
				SetLoadedEditorAssemblies (2ms)
				RefreshPlugins (3ms)
				BeforeProcessingInitializeOnLoad (200ms)
				ProcessInitializeOnLoadAttributes (795ms)
				ProcessInitializeOnLoadMethodAttributes (63ms)
				AfterProcessingInitializeOnLoad (2ms)
				EditorAssembliesLoaded (0ms)
			ExecutionOrderSort2 (0ms)
			AwakeInstancesAfterBackupRestoration (9ms)
Platform modules already initialized, skipping
Refreshing native plugins compatible for Editor in 8.93 ms, found 7 plugins.
Preloading 0 native plugins for Editor in 0.00 ms.
Unloading 4509 Unused Serialized files (Serialized files now loaded: 0)
Unloading 143 unused Assets / (25.2 KB). Loaded Objects now: 4889.
Memory consumption went from 324.0 MB to 324.0 MB.
Total: 6.087365 ms (FindLiveObjects: 0.489830 ms CreateObjectMapping: 0.293232 ms MarkObjects: 5.212294 ms  DeleteObjects: 0.090480 ms)

AssetImportParameters requested are different than current active one (requested -> active):
  custom:video-decoder-ogg-theora: a1e56fd34408186e4bbccfd4996cb3dc -> 
  custom:container-muxer-webm: aa71ff27fc2769a1b78a27578f13a17b -> 
  custom:container-demuxer-webm: 4f35f7cbe854078d1ac9338744f61a02 -> 
  custom:video-encoder-webm-vp8: eb34c28f22e8b96e1ab97ce403110664 -> 
  custom:framework-osx-AVFoundation: e770b220cccbd017edd2c1fefb359320 -> 
  custom:audio-encoder-webm-vorbis: bf7c407c2cedff20999df2af8eb42d56 -> 
  custom:container-demuxer-ogg: 62fdf1f143b41e24485cea50d1cbac27 -> 
  custom:video-decoder-webm-vp8: 9c59270c3fd7afecdb556c50c9e8de78 -> 
  custom:audio-decoder-ogg-vorbis: bf7c407c2cedff20999df2af8eb42d56 -> 
========================================================================
Received Prepare
Registering precompiled user dll's ...
Registered in 0.009543 seconds.
Begin MonoManager ReloadAssembly
Symbol file LoadedFromMemory doesn't match image /Users/kristijankorunoski/Desktop/CITS3200/Project/CITS3200_14/app_version_1.2/Library/PackageCache/com.unity.visualscripting@1.7.8/Editor/VisualScripting.Core/Dependencies/DotNetZip/Unity.VisualScripting.IonicZip.dll
Symbol file LoadedFromMemory doesn't match image /Users/kristijankorunoski/Desktop/CITS3200/Project/CITS3200_14/app_version_1.2/Library/PackageCache/com.unity.visualscripting@1.7.8/Editor/VisualScripting.Core/Dependencies/YamlDotNet/Unity.VisualScripting.YamlDotNet.dll
Native extension for iOS target not found
Native extension for Android target not found
Native extension for OSXStandalone target not found
Native extension for WebGL target not found
Refreshing native plugins compatible for Editor in 2.07 ms, found 7 plugins.
Preloading 0 native plugins for Editor in 0.00 ms.
Mono: successfully reloaded assembly
- Completed reload, in  3.617 seconds
Domain Reload Profiling:
	ReloadAssembly (3626ms)
		BeginReloadAssembly (207ms)
			ExecutionOrderSort (0ms)
			DisableScriptedObjects (13ms)
			BackupInstance (0ms)
			ReleaseScriptingObjects (0ms)
			CreateAndSetChildDomain (85ms)
		EndReloadAssembly (3236ms)
			LoadAssemblies (132ms)
			RebuildTransferFunctionScriptingTraits (0ms)
			SetupTypeCache (612ms)
			ReleaseScriptCaches (2ms)
			RebuildScriptCaches (105ms)
			SetupLoadedEditorAssemblies (2102ms)
				LogAssemblyErrors (0ms)
				InitializePlatformSupportModulesInManaged (54ms)
				SetLoadedEditorAssemblies (1ms)
				RefreshPlugins (2ms)
				BeforeProcessingInitializeOnLoad (126ms)
				ProcessInitializeOnLoadAttributes (1489ms)
				ProcessInitializeOnLoadMethodAttributes (421ms)
				AfterProcessingInitializeOnLoad (7ms)
				EditorAssembliesLoaded (2ms)
			ExecutionOrderSort2 (0ms)
			AwakeInstancesAfterBackupRestoration (90ms)
Platform modules already initialized, skipping
Refreshing native plugins compatible for Editor in 68.81 ms, found 7 plugins.
Preloading 0 native plugins for Editor in 0.00 ms.
Unloading 4509 Unused Serialized files (Serialized files now loaded: 0)
Unloading 143 unused Assets / (25.1 KB). Loaded Objects now: 4892.
Memory consumption went from 324.5 MB to 324.4 MB.
Total: 33.740915 ms (FindLiveObjects: 0.812120 ms CreateObjectMapping: 3.129424 ms MarkObjects: 29.707383 ms  DeleteObjects: 0.090138 ms)

AssetImportParameters requested are different than current active one (requested -> active):
  custom:video-decoder-ogg-theora: a1e56fd34408186e4bbccfd4996cb3dc -> 
  custom:container-muxer-webm: aa71ff27fc2769a1b78a27578f13a17b -> 
  custom:container-demuxer-webm: 4f35f7cbe854078d1ac9338744f61a02 -> 
  custom:video-encoder-webm-vp8: eb34c28f22e8b96e1ab97ce403110664 -> 
  custom:framework-osx-AVFoundation: e770b220cccbd017edd2c1fefb359320 -> 
  custom:audio-encoder-webm-vorbis: bf7c407c2cedff20999df2af8eb42d56 -> 
  custom:container-demuxer-ogg: 62fdf1f143b41e24485cea50d1cbac27 -> 
  custom:video-decoder-webm-vp8: 9c59270c3fd7afecdb556c50c9e8de78 -> 
  custom:audio-decoder-ogg-vorbis: bf7c407c2cedff20999df2af8eb42d56 -> 
========================================================================
Received Prepare
Refreshing native plugins compatible for Editor in 28.46 ms, found 7 plugins.
Preloading 0 native plugins for Editor in 0.00 ms.
Unloading 143 Unused Serialized files (Serialized files now loaded: 0)
Unloading 143 unused Assets / (25.1 KB). Loaded Objects now: 4892.
Memory consumption went from 235.4 MB to 235.4 MB.
Total: 7.105920 ms (FindLiveObjects: 0.487397 ms CreateObjectMapping: 0.300074 ms MarkObjects: 6.235859 ms  DeleteObjects: 0.081321 ms)

AssetImportParameters requested are different than current active one (requested -> active):
  custom:video-decoder-ogg-theora: a1e56fd34408186e4bbccfd4996cb3dc -> 
  custom:container-muxer-webm: aa71ff27fc2769a1b78a27578f13a17b -> 
  custom:container-demuxer-webm: 4f35f7cbe854078d1ac9338744f61a02 -> 
  custom:video-encoder-webm-vp8: eb34c28f22e8b96e1ab97ce403110664 -> 
  custom:framework-osx-AVFoundation: e770b220cccbd017edd2c1fefb359320 -> 
  custom:audio-encoder-webm-vorbis: bf7c407c2cedff20999df2af8eb42d56 -> 
  custom:container-demuxer-ogg: 62fdf1f143b41e24485cea50d1cbac27 -> 
  custom:video-decoder-webm-vp8: 9c59270c3fd7afecdb556c50c9e8de78 -> 
  custom:audio-decoder-ogg-vorbis: bf7c407c2cedff20999df2af8eb42d56 -> 
========================================================================
Received Prepare
Refreshing native plugins compatible for Editor in 30.71 ms, found 7 plugins.
Preloading 0 native plugins for Editor in 0.00 ms.
Unloading 143 Unused Serialized files (Serialized files now loaded: 0)
Unloading 143 unused Assets / (25.1 KB). Loaded Objects now: 4892.
Memory consumption went from 235.4 MB to 235.4 MB.
Total: 16.522819 ms (FindLiveObjects: 0.595350 ms CreateObjectMapping: 0.457654 ms MarkObjects: 15.368983 ms  DeleteObjects: 0.098652 ms)

AssetImportParameters requested are different than current active one (requested -> active):
  custom:video-decoder-ogg-theora: a1e56fd34408186e4bbccfd4996cb3dc -> 
  custom:container-muxer-webm: aa71ff27fc2769a1b78a27578f13a17b -> 
  custom:container-demuxer-webm: 4f35f7cbe854078d1ac9338744f61a02 -> 
  custom:video-encoder-webm-vp8: eb34c28f22e8b96e1ab97ce403110664 -> 
  custom:framework-osx-AVFoundation: e770b220cccbd017edd2c1fefb359320 -> 
  custom:audio-encoder-webm-vorbis: bf7c407c2cedff20999df2af8eb42d56 -> 
  custom:container-demuxer-ogg: 62fdf1f143b41e24485cea50d1cbac27 -> 
  custom:video-decoder-webm-vp8: 9c59270c3fd7afecdb556c50c9e8de78 -> 
  custom:audio-decoder-ogg-vorbis: bf7c407c2cedff20999df2af8eb42d56 -> 
========================================================================
Received Prepare
Refreshing native plugins compatible for Editor in 57.31 ms, found 7 plugins.
Preloading 0 native plugins for Editor in 0.00 ms.
Unloading 143 Unused Serialized files (Serialized files now loaded: 0)
Unloading 143 unused Assets / (25.0 KB). Loaded Objects now: 4892.
Memory consumption went from 235.4 MB to 235.4 MB.
Total: 31.423376 ms (FindLiveObjects: 0.559650 ms CreateObjectMapping: 0.302762 ms MarkObjects: 30.430555 ms  DeleteObjects: 0.128048 ms)

AssetImportParameters requested are different than current active one (requested -> active):
  custom:video-decoder-ogg-theora: a1e56fd34408186e4bbccfd4996cb3dc -> 
  custom:container-muxer-webm: aa71ff27fc2769a1b78a27578f13a17b -> 
  custom:container-demuxer-webm: 4f35f7cbe854078d1ac9338744f61a02 -> 
  custom:video-encoder-webm-vp8: eb34c28f22e8b96e1ab97ce403110664 -> 
  custom:framework-osx-AVFoundation: e770b220cccbd017edd2c1fefb359320 -> 
  custom:audio-encoder-webm-vorbis: bf7c407c2cedff20999df2af8eb42d56 -> 
  custom:container-demuxer-ogg: 62fdf1f143b41e24485cea50d1cbac27 -> 
  custom:video-decoder-webm-vp8: 9c59270c3fd7afecdb556c50c9e8de78 -> 
  custom:audio-decoder-ogg-vorbis: bf7c407c2cedff20999df2af8eb42d56 -> 
========================================================================
Received Prepare
Refreshing native plugins compatible for Editor in 56.36 ms, found 7 plugins.
Preloading 0 native plugins for Editor in 0.00 ms.
Unloading 143 Unused Serialized files (Serialized files now loaded: 0)
Unloading 143 unused Assets / (25.0 KB). Loaded Objects now: 4892.
Memory consumption went from 235.4 MB to 235.4 MB.
Total: 6.003304 ms (FindLiveObjects: 0.429265 ms CreateObjectMapping: 0.444484 ms MarkObjects: 5.039121 ms  DeleteObjects: 0.089263 ms)

AssetImportParameters requested are different than current active one (requested -> active):
  custom:video-decoder-ogg-theora: a1e56fd34408186e4bbccfd4996cb3dc -> 
  custom:container-muxer-webm: aa71ff27fc2769a1b78a27578f13a17b -> 
  custom:container-demuxer-webm: 4f35f7cbe854078d1ac9338744f61a02 -> 
  custom:video-encoder-webm-vp8: eb34c28f22e8b96e1ab97ce403110664 -> 
  custom:framework-osx-AVFoundation: e770b220cccbd017edd2c1fefb359320 -> 
  custom:audio-encoder-webm-vorbis: bf7c407c2cedff20999df2af8eb42d56 -> 
  custom:container-demuxer-ogg: 62fdf1f143b41e24485cea50d1cbac27 -> 
  custom:video-decoder-webm-vp8: 9c59270c3fd7afecdb556c50c9e8de78 -> 
  custom:audio-decoder-ogg-vorbis: bf7c407c2cedff20999df2af8eb42d56 -> 
========================================================================
Received Prepare
Refreshing native plugins compatible for Editor in 40.85 ms, found 7 plugins.
Preloading 0 native plugins for Editor in 0.00 ms.
Unloading 143 Unused Serialized files (Serialized files now loaded: 0)
Unloading 143 unused Assets / (25.1 KB). Loaded Objects now: 4892.
Memory consumption went from 235.4 MB to 235.4 MB.
Total: 11.072671 ms (FindLiveObjects: 0.556997 ms CreateObjectMapping: 0.782798 ms MarkObjects: 9.597936 ms  DeleteObjects: 0.133124 ms)

AssetImportParameters requested are different than current active one (requested -> active):
  custom:video-decoder-ogg-theora: a1e56fd34408186e4bbccfd4996cb3dc -> 
  custom:container-muxer-webm: aa71ff27fc2769a1b78a27578f13a17b -> 
  custom:container-demuxer-webm: 4f35f7cbe854078d1ac9338744f61a02 -> 
  custom:video-encoder-webm-vp8: eb34c28f22e8b96e1ab97ce403110664 -> 
  custom:framework-osx-AVFoundation: e770b220cccbd017edd2c1fefb359320 -> 
  custom:audio-encoder-webm-vorbis: bf7c407c2cedff20999df2af8eb42d56 -> 
  custom:container-demuxer-ogg: 62fdf1f143b41e24485cea50d1cbac27 -> 
  custom:video-decoder-webm-vp8: 9c59270c3fd7afecdb556c50c9e8de78 -> 
  custom:audio-decoder-ogg-vorbis: bf7c407c2cedff20999df2af8eb42d56 -> 
========================================================================
Received Prepare
Registering precompiled user dll's ...
Registered in 0.009211 seconds.
Begin MonoManager ReloadAssembly
Symbol file LoadedFromMemory doesn't match image /Users/kristijankorunoski/Desktop/CITS3200/Project/CITS3200_14/app_version_1.2/Library/PackageCache/com.unity.visualscripting@1.7.8/Editor/VisualScripting.Core/Dependencies/DotNetZip/Unity.VisualScripting.IonicZip.dll
Symbol file LoadedFromMemory doesn't match image /Users/kristijankorunoski/Desktop/CITS3200/Project/CITS3200_14/app_version_1.2/Library/PackageCache/com.unity.visualscripting@1.7.8/Editor/VisualScripting.Core/Dependencies/YamlDotNet/Unity.VisualScripting.YamlDotNet.dll
Native extension for iOS target not found
Native extension for Android target not found
Native extension for OSXStandalone target not found
Native extension for WebGL target not found
Refreshing native plugins compatible for Editor in 2.08 ms, found 7 plugins.
Preloading 0 native plugins for Editor in 0.00 ms.
Mono: successfully reloaded assembly
- Completed reload, in  3.621 seconds
Domain Reload Profiling:
	ReloadAssembly (3624ms)
		BeginReloadAssembly (577ms)
			ExecutionOrderSort (0ms)
			DisableScriptedObjects (31ms)
			BackupInstance (0ms)
			ReleaseScriptingObjects (0ms)
			CreateAndSetChildDomain (311ms)
		EndReloadAssembly (2799ms)
			LoadAssemblies (363ms)
			RebuildTransferFunctionScriptingTraits (0ms)
			SetupTypeCache (829ms)
			ReleaseScriptCaches (2ms)
			RebuildScriptCaches (116ms)
			SetupLoadedEditorAssemblies (1451ms)
				LogAssemblyErrors (0ms)
				InitializePlatformSupportModulesInManaged (59ms)
				SetLoadedEditorAssemblies (1ms)
				RefreshPlugins (2ms)
				BeforeProcessingInitializeOnLoad (131ms)
				ProcessInitializeOnLoadAttributes (1147ms)
				ProcessInitializeOnLoadMethodAttributes (106ms)
				AfterProcessingInitializeOnLoad (4ms)
				EditorAssembliesLoaded (1ms)
			ExecutionOrderSort2 (0ms)
			AwakeInstancesAfterBackupRestoration (15ms)
Platform modules already initialized, skipping
Refreshing native plugins compatible for Editor in 23.30 ms, found 7 plugins.
Preloading 0 native plugins for Editor in 0.00 ms.
Unloading 4509 Unused Serialized files (Serialized files now loaded: 0)
Unloading 143 unused Assets / (25.1 KB). Loaded Objects now: 4895.
Memory consumption went from 324.6 MB to 324.6 MB.
Total: 6.345076 ms (FindLiveObjects: 0.440270 ms CreateObjectMapping: 0.218348 ms MarkObjects: 5.558599 ms  DeleteObjects: 0.126061 ms)

AssetImportParameters requested are different than current active one (requested -> active):
  custom:video-decoder-ogg-theora: a1e56fd34408186e4bbccfd4996cb3dc -> 
  custom:container-muxer-webm: aa71ff27fc2769a1b78a27578f13a17b -> 
  custom:container-demuxer-webm: 4f35f7cbe854078d1ac9338744f61a02 -> 
  custom:video-encoder-webm-vp8: eb34c28f22e8b96e1ab97ce403110664 -> 
  custom:framework-osx-AVFoundation: e770b220cccbd017edd2c1fefb359320 -> 
  custom:audio-encoder-webm-vorbis: bf7c407c2cedff20999df2af8eb42d56 -> 
  custom:container-demuxer-ogg: 62fdf1f143b41e24485cea50d1cbac27 -> 
  custom:video-decoder-webm-vp8: 9c59270c3fd7afecdb556c50c9e8de78 -> 
  custom:audio-decoder-ogg-vorbis: bf7c407c2cedff20999df2af8eb42d56 -> 
========================================================================
Received Prepare
Refreshing native plugins compatible for Editor in 56.86 ms, found 7 plugins.
Preloading 0 native plugins for Editor in 0.00 ms.
Unloading 143 Unused Serialized files (Serialized files now loaded: 0)
Unloading 143 unused Assets / (25.0 KB). Loaded Objects now: 4895.
Memory consumption went from 235.7 MB to 235.7 MB.
Total: 6.301026 ms (FindLiveObjects: 0.710441 ms CreateObjectMapping: 0.723197 ms MarkObjects: 4.787946 ms  DeleteObjects: 0.077537 ms)

AssetImportParameters requested are different than current active one (requested -> active):
  custom:video-decoder-ogg-theora: a1e56fd34408186e4bbccfd4996cb3dc -> 
  custom:container-muxer-webm: aa71ff27fc2769a1b78a27578f13a17b -> 
  custom:container-demuxer-webm: 4f35f7cbe854078d1ac9338744f61a02 -> 
  custom:video-encoder-webm-vp8: eb34c28f22e8b96e1ab97ce403110664 -> 
  custom:framework-osx-AVFoundation: e770b220cccbd017edd2c1fefb359320 -> 
  custom:audio-encoder-webm-vorbis: bf7c407c2cedff20999df2af8eb42d56 -> 
  custom:container-demuxer-ogg: 62fdf1f143b41e24485cea50d1cbac27 -> 
  custom:video-decoder-webm-vp8: 9c59270c3fd7afecdb556c50c9e8de78 -> 
  custom:audio-decoder-ogg-vorbis: bf7c407c2cedff20999df2af8eb42d56 -> 
========================================================================
Received Prepare
Refreshing native plugins compatible for Editor in 106.43 ms, found 7 plugins.
Preloading 0 native plugins for Editor in 0.00 ms.
Unloading 143 Unused Serialized files (Serialized files now loaded: 0)
Unloading 143 unused Assets / (25.0 KB). Loaded Objects now: 4895.
Memory consumption went from 235.7 MB to 235.7 MB.
Total: 19.553076 ms (FindLiveObjects: 0.611732 ms CreateObjectMapping: 0.686087 ms MarkObjects: 18.134760 ms  DeleteObjects: 0.119077 ms)

AssetImportParameters requested are different than current active one (requested -> active):
  custom:video-decoder-ogg-theora: a1e56fd34408186e4bbccfd4996cb3dc -> 
  custom:container-muxer-webm: aa71ff27fc2769a1b78a27578f13a17b -> 
  custom:container-demuxer-webm: 4f35f7cbe854078d1ac9338744f61a02 -> 
  custom:video-encoder-webm-vp8: eb34c28f22e8b96e1ab97ce403110664 -> 
  custom:framework-osx-AVFoundation: e770b220cccbd017edd2c1fefb359320 -> 
  custom:audio-encoder-webm-vorbis: bf7c407c2cedff20999df2af8eb42d56 -> 
  custom:container-demuxer-ogg: 62fdf1f143b41e24485cea50d1cbac27 -> 
  custom:video-decoder-webm-vp8: 9c59270c3fd7afecdb556c50c9e8de78 -> 
  custom:audio-decoder-ogg-vorbis: bf7c407c2cedff20999df2af8eb42d56 -> 
========================================================================
Received Prepare
Refreshing native plugins compatible for Editor in 62.06 ms, found 7 plugins.
Preloading 0 native plugins for Editor in 0.00 ms.
Unloading 143 Unused Serialized files (Serialized files now loaded: 0)
Unloading 143 unused Assets / (25.1 KB). Loaded Objects now: 4895.
Memory consumption went from 235.7 MB to 235.7 MB.
Total: 31.177625 ms (FindLiveObjects: 1.121722 ms CreateObjectMapping: 0.315825 ms MarkObjects: 29.600613 ms  DeleteObjects: 0.137686 ms)

AssetImportParameters requested are different than current active one (requested -> active):
  custom:video-decoder-ogg-theora: a1e56fd34408186e4bbccfd4996cb3dc -> 
  custom:container-muxer-webm: aa71ff27fc2769a1b78a27578f13a17b -> 
  custom:container-demuxer-webm: 4f35f7cbe854078d1ac9338744f61a02 -> 
  custom:video-encoder-webm-vp8: eb34c28f22e8b96e1ab97ce403110664 -> 
  custom:framework-osx-AVFoundation: e770b220cccbd017edd2c1fefb359320 -> 
  custom:audio-encoder-webm-vorbis: bf7c407c2cedff20999df2af8eb42d56 -> 
  custom:container-demuxer-ogg: 62fdf1f143b41e24485cea50d1cbac27 -> 
  custom:video-decoder-webm-vp8: 9c59270c3fd7afecdb556c50c9e8de78 -> 
  custom:audio-decoder-ogg-vorbis: bf7c407c2cedff20999df2af8eb42d56 -> 
