Using pre-set license
Built from '2021.3/staging' branch; Version is '2021.3.8f1 (b30333d56e81) revision 11731763'; Using compiler version '192829333'; Build Type 'Release'
OS: 'Windows 11  (10.0.22000) 64bit Core' Language: 'en' Physical Memory: 16239 MB
BatchMode: 1, IsHumanControllingUs: 0, StartBugReporterOnCrash: 0, Is64bit: 1, IsPro: 1

COMMAND LINE ARGUMENTS:
C:\Program Files\Unity\Hub\Editor\2021.3.8f1\Editor\Unity.exe
-adb2
-batchMode
-noUpm
-name
AssetImportWorker7
-projectPath
C:/Users/kwanj/Documents/GitHub/CITS3200_14/app_version_1.1
-logFile
Logs/AssetImportWorker7.log
-srvPort
55218
Successfully changed project path to: C:/Users/kwanj/Documents/GitHub/CITS3200_14/app_version_1.1
C:/Users/kwanj/Documents/GitHub/CITS3200_14/app_version_1.1
[UnityMemory] Configuration Parameters - Can be set up in boot.config
    "memorysetup-bucket-allocator-granularity=16"
    "memorysetup-bucket-allocator-bucket-count=8"
    "memorysetup-bucket-allocator-block-size=33554432"
    "memorysetup-bucket-allocator-block-count=8"
    "memorysetup-main-allocator-block-size=16777216"
    "memorysetup-thread-allocator-block-size=16777216"
    "memorysetup-gfx-main-allocator-block-size=16777216"
    "memorysetup-gfx-thread-allocator-block-size=16777216"
    "memorysetup-cache-allocator-block-size=4194304"
    "memorysetup-typetree-allocator-block-size=2097152"
    "memorysetup-profiler-bucket-allocator-granularity=16"
    "memorysetup-profiler-bucket-allocator-bucket-count=8"
    "memorysetup-profiler-bucket-allocator-block-size=33554432"
    "memorysetup-profiler-bucket-allocator-block-count=8"
    "memorysetup-profiler-allocator-block-size=16777216"
    "memorysetup-profiler-editor-allocator-block-size=1048576"
    "memorysetup-temp-allocator-size-main=16777216"
    "memorysetup-job-temp-allocator-block-size=2097152"
    "memorysetup-job-temp-allocator-block-size-background=1048576"
    "memorysetup-job-temp-allocator-reduction-small-platforms=262144"
    "memorysetup-temp-allocator-size-background-worker=32768"
    "memorysetup-temp-allocator-size-job-worker=262144"
    "memorysetup-temp-allocator-size-preload-manager=33554432"
    "memorysetup-temp-allocator-size-nav-mesh-worker=65536"
    "memorysetup-temp-allocator-size-audio-worker=65536"
    "memorysetup-temp-allocator-size-cloud-worker=32768"
    "memorysetup-temp-allocator-size-gi-baking-worker=262144"
    "memorysetup-temp-allocator-size-gfx=262144"
Refreshing native plugins compatible for Editor in 251.55 ms, found 7 plugins.
Preloading 0 native plugins for Editor in 0.00 ms.
Initialize engine version: 2021.3.8f1 (b30333d56e81)
[Subsystems] Discovering subsystems at path C:/Program Files/Unity/Hub/Editor/2021.3.8f1/Editor/Data/Resources/UnitySubsystems
[Subsystems] Discovering subsystems at path C:/Users/kwanj/Documents/GitHub/CITS3200_14/app_version_1.1/Assets
GfxDevice: creating device client; threaded=0; jobified=0
Direct3D:
    Version:  Direct3D 11.0 [level 11.1]
    Renderer: NVIDIA GeForce RTX 2060 (ID=0x1f11)
    Vendor:   NVIDIA
    VRAM:     5980 MB
    Driver:   30.0.15.1289
Initialize mono
Mono path[0] = 'C:/Program Files/Unity/Hub/Editor/2021.3.8f1/Editor/Data/Managed'
Mono path[1] = 'C:/Program Files/Unity/Hub/Editor/2021.3.8f1/Editor/Data/MonoBleedingEdge/lib/mono/unityjit-win32'
Mono config path = 'C:/Program Files/Unity/Hub/Editor/2021.3.8f1/Editor/Data/MonoBleedingEdge/etc'
Using monoOptions --debugger-agent=transport=dt_socket,embedding=1,server=y,suspend=n,address=127.0.0.1:56212
Begin MonoManager ReloadAssembly
Registering precompiled unity dll's ...
Register platform support module: C:/Program Files/Unity/Hub/Editor/2021.3.8f1/Editor/Data/PlaybackEngines/AndroidPlayer/UnityEditor.Android.Extensions.dll
Register platform support module: C:/Program Files/Unity/Hub/Editor/2021.3.8f1/Editor/Data/PlaybackEngines/WindowsStandaloneSupport/UnityEditor.WindowsStandalone.Extensions.dll
Registered in 0.008730 seconds.
Native extension for WindowsStandalone target not found
Native extension for Android target not found
Refreshing native plugins compatible for Editor in 194.43 ms, found 7 plugins.
Preloading 0 native plugins for Editor in 0.00 ms.
Mono: successfully reloaded assembly
- Completed reload, in  1.570 seconds
Domain Reload Profiling:
	ReloadAssembly (1571ms)
		BeginReloadAssembly (138ms)
			ExecutionOrderSort (0ms)
			DisableScriptedObjects (0ms)
			BackupInstance (0ms)
			ReleaseScriptingObjects (0ms)
			CreateAndSetChildDomain (1ms)
		EndReloadAssembly (1198ms)
			LoadAssemblies (135ms)
			RebuildTransferFunctionScriptingTraits (0ms)
			SetupTypeCache (318ms)
			ReleaseScriptCaches (0ms)
			RebuildScriptCaches (72ms)
			SetupLoadedEditorAssemblies (678ms)
				LogAssemblyErrors (0ms)
				InitializePlatformSupportModulesInManaged (106ms)
				SetLoadedEditorAssemblies (1ms)
				RefreshPlugins (195ms)
				BeforeProcessingInitializeOnLoad (2ms)
				ProcessInitializeOnLoadAttributes (204ms)
				ProcessInitializeOnLoadMethodAttributes (170ms)
				AfterProcessingInitializeOnLoad (0ms)
				EditorAssembliesLoaded (0ms)
			ExecutionOrderSort2 (0ms)
			AwakeInstancesAfterBackupRestoration (0ms)
Platform modules already initialized, skipping
Registering precompiled user dll's ...
Registered in 0.054559 seconds.
Android Extension - Scanning For ADB Devices 8171 ms
Begin MonoManager ReloadAssembly
Symbol file LoadedFromMemory doesn't match image C:\Users\kwanj\Documents\GitHub\CITS3200_14\app_version_1.1\Library\PackageCache\com.unity.visualscripting@1.7.8\Editor\VisualScripting.Core\Dependencies\DotNetZip\Unity.VisualScripting.IonicZip.dll
Symbol file LoadedFromMemory doesn't match image C:\Users\kwanj\Documents\GitHub\CITS3200_14\app_version_1.1\Library\PackageCache\com.unity.visualscripting@1.7.8\Editor\VisualScripting.Core\Dependencies\YamlDotNet\Unity.VisualScripting.YamlDotNet.dll
Native extension for WindowsStandalone target not found
Native extension for Android target not found
Refreshing native plugins compatible for Editor in 232.75 ms, found 7 plugins.
Preloading 0 native plugins for Editor in 0.00 ms.
Unable to write to 'ProjectSettings\GvhProjectSettings.xml' (System.IO.IOException: Sharing violation on path C:\Users\kwanj\Documents\GitHub\CITS3200_14\app_version_1.1\ProjectSettings\GvhProjectSettings.xml
  at System.IO.FileStream..ctor (System.String path, System.IO.FileMode mode, System.IO.FileAccess access, System.IO.FileShare share, System.Int32 bufferSize, System.Boolean anonymous, System.IO.FileOptions options) [0x0019e] in <c2a97e0383e8404c9fc0ae19d58f57f1>:0 
  at System.IO.FileStream..ctor (System.String path, System.IO.FileMode mode, System.IO.FileAccess access, System.IO.FileShare share, System.Int32 bufferSize, System.IO.FileOptions options) [0x00000] in <c2a97e0383e8404c9fc0ae19d58f57f1>:0 
  at System.IO.FileStream..ctor (System.String path, System.IO.FileMode mode, System.IO.FileAccess access, System.IO.FileShare share, System.Int32 bufferSize, System.Boolean useAsync) [0x00000] in <c2a97e0383e8404c9fc0ae19d58f57f1>:0 
  at (wrapper remoting-invoke-with-check) System.IO.FileStream..ctor(string,System.IO.FileMode,System.IO.FileAccess,System.IO.FileShare,int,bool)
  at System.Xml.XmlWriterSettings.CreateWriter (System.String outputFileName) [0x00051] in <06d4f84f93654a40b99ad3980ea716bc>:0 
  at System.Xml.XmlWriter.Create (System.String outputFileName, System.Xml.XmlWriterSettings settings) [0x0000a] in <06d4f84f93654a40b99ad3980ea716bc>:0 
  at Google.ProjectSettings.Save () [0x0006d] in /Users/chkuang/Workspace/git/unity-jar-resolver/source/VersionHandlerImpl/src/ProjectSettings.cs:821 , Project settings were not saved!
0x00007ff6fed2f07d (Unity) StackWalker::GetCurrentCallstack
0x00007ff6fed35d59 (Unity) StackWalker::ShowCallstack
0x00007ff6ffca55f3 (Unity) GetStacktrace
0x00007ff70033cbfd (Unity) DebugStringToFile
0x00007ff6fdeaf482 (Unity) DebugLogHandler_CUSTOM_Internal_Log
0x0000017936d2c813 (Mono JIT Code) (wrapper managed-to-native) UnityEngine.DebugLogHandler:Internal_Log (UnityEngine.LogType,UnityEngine.LogOption,string,UnityEngine.Object)
0x0000017936d2c41b (Mono JIT Code) UnityEngine.DebugLogHandler:LogFormat (UnityEngine.LogType,UnityEngine.Object,string,object[])
0x0000017936d2bf40 (Mono JIT Code) UnityEngine.Logger:Log (UnityEngine.LogType,object)
0x0000017936d2be05 (Mono JIT Code) UnityEngine.Debug:LogError (object)
0x0000017936d2bb6b (Mono JIT Code) [Logger.cs:137] Google.Logger:Log (string,Google.LogLevel) 
0x000001793829ee4b (Mono JIT Code) [ProjectSettings.cs:847] Google.ProjectSettings:Save () 
0x000001793829e5db (Mono JIT Code) [ProjectSettings.cs:485] Google.ProjectSettings:SetBool (string,bool,Google.SettingsLocation) 
0x000001793829e4d3 (Mono JIT Code) [ProjectSettings.cs:498] Google.ProjectSettings:SetBool (string,bool) 
0x000001793829e433 (Mono JIT Code) [IOSResolver.cs:1008] Google.IOSResolver:set_VerboseLoggingEnabled (bool) 
0x0000017936e951ab (Mono JIT Code) [IOSResolver.cs:707] Google.IOSResolver:.cctor () 
0x0000017936e956f5 (Mono JIT Code) (wrapper runtime-invoke) object:runtime_invoke_void (object,intptr,intptr,intptr)
0x00007ffb5f96fe24 (mono-2.0-bdwgc) [mini-runtime.c:3445] mono_jit_runtime_invoke 
0x00007ffb5f8ae764 (mono-2.0-bdwgc) [object.c:3066] do_runtime_invoke 
0x00007ffb5f8a9810 (mono-2.0-bdwgc) [object.c:563] mono_runtime_class_init_full 
0x00007ffb5f816290 (mono-2.0-bdwgc) [icall-def.h:751] ves_icall_System_Runtime_CompilerServices_RuntimeHelpers_RunClassConstructor_raw 
0x0000017936e943ea (Mono JIT Code) (wrapper managed-to-native) System.Runtime.CompilerServices.RuntimeHelpers:RunClassConstructor (intptr)
0x0000017936e942db (Mono JIT Code) System.Runtime.CompilerServices.RuntimeHelpers:RunClassConstructor (System.RuntimeTypeHandle)
0x0000017936e930e3 (Mono JIT Code) UnityEditor.EditorAssemblies:ProcessInitializeOnLoadAttributes (System.Type[])
0x0000017936d12ef8 (Mono JIT Code) (wrapper runtime-invoke) <Module>:runtime_invoke_void_object (object,intptr,intptr,intptr)
0x00007ffb5f96fe24 (mono-2.0-bdwgc) [mini-runtime.c:3445] mono_jit_runtime_invoke 
0x00007ffb5f8ae764 (mono-2.0-bdwgc) [object.c:3066] do_runtime_invoke 
0x00007ffb5f8ae8fc (mono-2.0-bdwgc) [object.c:3113] mono_runtime_invoke 
0x00007ff6fec53354 (Unity) scripting_method_invoke
0x00007ff6fec32be4 (Unity) ScriptingInvocation::Invoke
0x00007ff6fec2d7f5 (Unity) ScriptingInvocation::Invoke<void>
0x00007ff6fed871c3 (Unity) Scripting::UnityEditor::EditorAssembliesProxy::ProcessInitializeOnLoadAttributes
0x00007ff6fec27a9b (Unity) MonoManager::SetupLoadedEditorAssemblies
0x00007ff6fec1d77d (Unity) MonoManager::EndReloadAssembly
0x00007ff6fec25118 (Unity) MonoManager::ReloadAssembly
0x00007ff6ffb601d2 (Unity) LoadDomainAndUserAssemblies
0x00007ff6ffb60904 (Unity) LoadUserAssemblies
0x00007ff6ff852413 (Unity) Application::InitializeProject
0x00007ff6ffcafd38 (Unity) WinMain
0x00007ff7010364ae (Unity) __scrt_common_main_seh
0x00007ffbe28254e0 (KERNEL32) BaseThreadInitThunk
0x00007ffbe31c485b (ntdll) RtlUserThreadStart

Mono: successfully reloaded assembly
Package Manager log level set to [2]
- Completed reload, in 13.275 seconds
Domain Reload Profiling:
	ReloadAssembly (13278ms)
		BeginReloadAssembly (318ms)
			ExecutionOrderSort (0ms)
			DisableScriptedObjects (13ms)
			BackupInstance (0ms)
			ReleaseScriptingObjects (0ms)
			CreateAndSetChildDomain (47ms)
		EndReloadAssembly (12678ms)
			LoadAssemblies (5784ms)
			RebuildTransferFunctionScriptingTraits (0ms)
			SetupTypeCache (1873ms)
			ReleaseScriptCaches (1ms)
			RebuildScriptCaches (139ms)
			SetupLoadedEditorAssemblies (4695ms)
				LogAssemblyErrors (0ms)
				InitializePlatformSupportModulesInManaged (35ms)
				SetLoadedEditorAssemblies (0ms)
				RefreshPlugins (233ms)
				BeforeProcessingInitializeOnLoad (311ms)
				ProcessInitializeOnLoadAttributes (1490ms)
				ProcessInitializeOnLoadMethodAttributes (2605ms)
				AfterProcessingInitializeOnLoad (21ms)
				EditorAssembliesLoaded (1ms)
			ExecutionOrderSort2 (0ms)
			AwakeInstancesAfterBackupRestoration (21ms)
Platform modules already initialized, skipping
========================================================================
Worker process is ready to serve import requests
Launched and connected shader compiler UnityShaderCompiler.exe after 0.17 seconds
Refreshing native plugins compatible for Editor in 3.70 ms, found 7 plugins.
Preloading 0 native plugins for Editor in 0.00 ms.
Unloading 4423 Unused Serialized files (Serialized files now loaded: 0)
Unloading 143 unused Assets / (56.7 KB). Loaded Objects now: 4789.
Memory consumption went from 164.0 MB to 164.0 MB.
Total: 12.614700 ms (FindLiveObjects: 0.635400 ms CreateObjectMapping: 0.842900 ms MarkObjects: 10.849200 ms  DeleteObjects: 0.285200 ms)

AssetImportParameters requested are different than current active one (requested -> active):
  custom:video-decoder-ogg-theora: a1e56fd34408186e4bbccfd4996cb3dc -> 
  custom:container-muxer-webm: aa71ff27fc2769a1b78a27578f13a17b -> 
  custom:container-demuxer-webm: 4f35f7cbe854078d1ac9338744f61a02 -> 
  custom:video-encoder-webm-vp8: eb34c28f22e8b96e1ab97ce403110664 -> 
  custom:audio-encoder-webm-vorbis: bf7c407c2cedff20999df2af8eb42d56 -> 
  custom:framework-win-MediaFoundation: 216162199b28c13a410421893ffa2e32 -> 
  custom:container-demuxer-ogg: 62fdf1f143b41e24485cea50d1cbac27 -> 
  custom:video-decoder-webm-vp8: 9c59270c3fd7afecdb556c50c9e8de78 -> 
  custom:audio-decoder-ogg-vorbis: bf7c407c2cedff20999df2af8eb42d56 -> 
========================================================================
Received Prepare
Registering precompiled user dll's ...
Registered in 0.065954 seconds.
Begin MonoManager ReloadAssembly
Symbol file LoadedFromMemory doesn't match image C:\Users\kwanj\Documents\GitHub\CITS3200_14\app_version_1.1\Library\PackageCache\com.unity.visualscripting@1.7.8\Editor\VisualScripting.Core\Dependencies\DotNetZip\Unity.VisualScripting.IonicZip.dll
Symbol file LoadedFromMemory doesn't match image C:\Users\kwanj\Documents\GitHub\CITS3200_14\app_version_1.1\Library\PackageCache\com.unity.visualscripting@1.7.8\Editor\VisualScripting.Core\Dependencies\YamlDotNet\Unity.VisualScripting.YamlDotNet.dll
Native extension for WindowsStandalone target not found
Native extension for Android target not found
Refreshing native plugins compatible for Editor in 2.89 ms, found 7 plugins.
Preloading 0 native plugins for Editor in 0.00 ms.
Unable to write to 'ProjectSettings\GvhProjectSettings.xml' (System.IO.IOException: Sharing violation on path C:\Users\kwanj\Documents\GitHub\CITS3200_14\app_version_1.1\ProjectSettings\GvhProjectSettings.xml
  at System.IO.FileStream..ctor (System.String path, System.IO.FileMode mode, System.IO.FileAccess access, System.IO.FileShare share, System.Int32 bufferSize, System.Boolean anonymous, System.IO.FileOptions options) [0x0019e] in <c2a97e0383e8404c9fc0ae19d58f57f1>:0 
  at System.IO.FileStream..ctor (System.String path, System.IO.FileMode mode, System.IO.FileAccess access, System.IO.FileShare share, System.Int32 bufferSize, System.IO.FileOptions options) [0x00000] in <c2a97e0383e8404c9fc0ae19d58f57f1>:0 
  at System.IO.FileStream..ctor (System.String path, System.IO.FileMode mode, System.IO.FileAccess access, System.IO.FileShare share, System.Int32 bufferSize, System.Boolean useAsync) [0x00000] in <c2a97e0383e8404c9fc0ae19d58f57f1>:0 
  at (wrapper remoting-invoke-with-check) System.IO.FileStream..ctor(string,System.IO.FileMode,System.IO.FileAccess,System.IO.FileShare,int,bool)
  at System.Xml.XmlWriterSettings.CreateWriter (System.String outputFileName) [0x00051] in <06d4f84f93654a40b99ad3980ea716bc>:0 
  at System.Xml.XmlWriter.Create (System.String outputFileName, System.Xml.XmlWriterSettings settings) [0x0000a] in <06d4f84f93654a40b99ad3980ea716bc>:0 
  at Google.ProjectSettings.Save () [0x0006d] in /Users/chkuang/Workspace/git/unity-jar-resolver/source/VersionHandlerImpl/src/ProjectSettings.cs:821 , Project settings were not saved!
0x00007ff6fed2f07d (Unity) StackWalker::GetCurrentCallstack
0x00007ff6fed35d59 (Unity) StackWalker::ShowCallstack
0x00007ff6ffca55f3 (Unity) GetStacktrace
0x00007ff70033cbfd (Unity) DebugStringToFile
0x00007ff6fdeaf482 (Unity) DebugLogHandler_CUSTOM_Internal_Log
0x0000017940058333 (Mono JIT Code) (wrapper managed-to-native) UnityEngine.DebugLogHandler:Internal_Log (UnityEngine.LogType,UnityEngine.LogOption,string,UnityEngine.Object)
0x0000017940057fdb (Mono JIT Code) UnityEngine.DebugLogHandler:LogFormat (UnityEngine.LogType,UnityEngine.Object,string,object[])
0x0000017940057d20 (Mono JIT Code) UnityEngine.Logger:Log (UnityEngine.LogType,object)
0x0000017940057be5 (Mono JIT Code) UnityEngine.Debug:LogError (object)
0x00000179400579db (Mono JIT Code) [Logger.cs:137] Google.Logger:Log (string,Google.LogLevel) 
0x0000017940e4b94b (Mono JIT Code) [ProjectSettings.cs:847] Google.ProjectSettings:Save () 
0x0000017940e4b0db (Mono JIT Code) [ProjectSettings.cs:485] Google.ProjectSettings:SetBool (string,bool,Google.SettingsLocation) 
0x0000017940e4afd3 (Mono JIT Code) [ProjectSettings.cs:498] Google.ProjectSettings:SetBool (string,bool) 
0x0000017940e4af33 (Mono JIT Code) [IOSResolver.cs:1008] Google.IOSResolver:set_VerboseLoggingEnabled (bool) 
0x000001794006fc3b (Mono JIT Code) [IOSResolver.cs:707] Google.IOSResolver:.cctor () 
0x0000017940070155 (Mono JIT Code) (wrapper runtime-invoke) object:runtime_invoke_void (object,intptr,intptr,intptr)
0x00007ffb5f96fe24 (mono-2.0-bdwgc) [mini-runtime.c:3445] mono_jit_runtime_invoke 
0x00007ffb5f8ae764 (mono-2.0-bdwgc) [object.c:3066] do_runtime_invoke 
0x00007ffb5f8a9810 (mono-2.0-bdwgc) [object.c:563] mono_runtime_class_init_full 
0x00007ffb5f816290 (mono-2.0-bdwgc) [icall-def.h:751] ves_icall_System_Runtime_CompilerServices_RuntimeHelpers_RunClassConstructor_raw 
0x000001794006ee7a (Mono JIT Code) (wrapper managed-to-native) System.Runtime.CompilerServices.RuntimeHelpers:RunClassConstructor (intptr)
0x000001794006ed6b (Mono JIT Code) System.Runtime.CompilerServices.RuntimeHelpers:RunClassConstructor (System.RuntimeTypeHandle)
0x000001794006db73 (Mono JIT Code) UnityEditor.EditorAssemblies:ProcessInitializeOnLoadAttributes (System.Type[])
0x0000017937ec2ef8 (Mono JIT Code) (wrapper runtime-invoke) <Module>:runtime_invoke_void_object (object,intptr,intptr,intptr)
0x00007ffb5f96fe24 (mono-2.0-bdwgc) [mini-runtime.c:3445] mono_jit_runtime_invoke 
0x00007ffb5f8ae764 (mono-2.0-bdwgc) [object.c:3066] do_runtime_invoke 
0x00007ffb5f8ae8fc (mono-2.0-bdwgc) [object.c:3113] mono_runtime_invoke 
0x00007ff6fec53354 (Unity) scripting_method_invoke
0x00007ff6fec32be4 (Unity) ScriptingInvocation::Invoke
0x00007ff6fec2d7f5 (Unity) ScriptingInvocation::Invoke<void>
0x00007ff6fed871c3 (Unity) Scripting::UnityEditor::EditorAssembliesProxy::ProcessInitializeOnLoadAttributes
0x00007ff6fec27a9b (Unity) MonoManager::SetupLoadedEditorAssemblies
0x00007ff6fec1d77d (Unity) MonoManager::EndReloadAssembly
0x00007ff6fec25118 (Unity) MonoManager::ReloadAssembly
0x00007ff6ffb601d2 (Unity) LoadDomainAndUserAssemblies
0x00007ff6ffb60904 (Unity) LoadUserAssemblies
0x00007ff70005196f (Unity) <lambda_fd5b5f9f09edde8cbb0f784a99c7df3e>::operator()
0x00007ff700091222 (Unity) asio::detail::completion_handler<core::mutable_function<void __cdecl(void)>,asio::io_context::basic_executor_type<std::allocator<void>,0> >::do_complete
0x00007ff70007d10e (Unity) asio::detail::win_iocp_io_context::do_one
0x00007ff70007ed74 (Unity) asio::detail::win_iocp_io_context::run
0x00007ff70008f60e (Unity) IOService::Run
0x00007ff70006239f (Unity) AssetImportWorkerClient::Run
0x00007ff70002c943 (Unity) RunAssetImportWorkerClientV2
0x00007ff70002c9cb (Unity) RunAssetImporterV2
0x00007ff6ff852418 (Unity) Application::InitializeProject
0x00007ff6ffcafd38 (Unity) WinMain
0x00007ff7010364ae (Unity) __scrt_common_main_seh
0x00007ffbe28254e0 (KERNEL32) BaseThreadInitThunk
0x00007ffbe31c485b (ntdll) RtlUserThreadStart

Mono: successfully reloaded assembly
- Completed reload, in  3.578 seconds
Domain Reload Profiling:
	ReloadAssembly (3580ms)
		BeginReloadAssembly (351ms)
			ExecutionOrderSort (0ms)
			DisableScriptedObjects (19ms)
			BackupInstance (0ms)
			ReleaseScriptingObjects (0ms)
			CreateAndSetChildDomain (105ms)
		EndReloadAssembly (2892ms)
			LoadAssemblies (260ms)
			RebuildTransferFunctionScriptingTraits (0ms)
			SetupTypeCache (929ms)
			ReleaseScriptCaches (3ms)
			RebuildScriptCaches (141ms)
			SetupLoadedEditorAssemblies (1432ms)
				LogAssemblyErrors (0ms)
				InitializePlatformSupportModulesInManaged (69ms)
				SetLoadedEditorAssemblies (2ms)
				RefreshPlugins (3ms)
				BeforeProcessingInitializeOnLoad (257ms)
				ProcessInitializeOnLoadAttributes (982ms)
				ProcessInitializeOnLoadMethodAttributes (97ms)
				AfterProcessingInitializeOnLoad (21ms)
				EditorAssembliesLoaded (0ms)
			ExecutionOrderSort2 (0ms)
			AwakeInstancesAfterBackupRestoration (23ms)
Platform modules already initialized, skipping
Refreshing native plugins compatible for Editor in 19.72 ms, found 7 plugins.
Preloading 0 native plugins for Editor in 0.00 ms.
Unloading 4399 Unused Serialized files (Serialized files now loaded: 0)
Unloading 72 unused Assets / (26.0 KB). Loaded Objects now: 4792.
Memory consumption went from 162.0 MB to 161.9 MB.
Total: 11.653700 ms (FindLiveObjects: 0.698300 ms CreateObjectMapping: 0.461200 ms MarkObjects: 10.401200 ms  DeleteObjects: 0.091400 ms)

AssetImportParameters requested are different than current active one (requested -> active):
  custom:video-decoder-ogg-theora: a1e56fd34408186e4bbccfd4996cb3dc -> 
  custom:container-muxer-webm: aa71ff27fc2769a1b78a27578f13a17b -> 
  custom:container-demuxer-webm: 4f35f7cbe854078d1ac9338744f61a02 -> 
  custom:video-encoder-webm-vp8: eb34c28f22e8b96e1ab97ce403110664 -> 
  custom:audio-encoder-webm-vorbis: bf7c407c2cedff20999df2af8eb42d56 -> 
  custom:framework-win-MediaFoundation: 216162199b28c13a410421893ffa2e32 -> 
  custom:container-demuxer-ogg: 62fdf1f143b41e24485cea50d1cbac27 -> 
  custom:video-decoder-webm-vp8: 9c59270c3fd7afecdb556c50c9e8de78 -> 
  custom:audio-decoder-ogg-vorbis: bf7c407c2cedff20999df2af8eb42d56 -> 
========================================================================
Received Import Request.
  Time since last request: 181233.307763 seconds.
  path: Assets/Scripts/WACRH-logo-01.png
  artifactKey: Guid(0da51b84129ab46fba7b5115f85901d5) Importer(815301076,1909f56bfc062723c751e8b465ee728b)
Start importing Assets/Scripts/WACRH-logo-01.png using Guid(0da51b84129ab46fba7b5115f85901d5) Importer(815301076,1909f56bfc062723c751e8b465ee728b)  -> (artifact id: 'd4da50a98a91d38278d61683eec4b34a') in 0.589734 seconds 
========================================================================
Received Import Request.
  Time since last request: 0.000040 seconds.
  path: Assets/Scripts/denys-nevozhai-7nrsVjvALnA-unsplash-modified.png
  artifactKey: Guid(6cd47a605c4ef44a0834cd70a0e9ef06) Importer(815301076,1909f56bfc062723c751e8b465ee728b)
Start importing Assets/Scripts/denys-nevozhai-7nrsVjvALnA-unsplash-modified.png using Guid(6cd47a605c4ef44a0834cd70a0e9ef06) Importer(815301076,1909f56bfc062723c751e8b465ee728b)  -> (artifact id: '443e1701e3d3a6d72183d5488851c7ee') in 0.167487 seconds 
========================================================================
Received Import Request.
  Time since last request: 0.000085 seconds.
  path: Assets/Scripts/luiz-cent-ZA6KIwNAJ-A-unsplash-modified.png
  artifactKey: Guid(8fd22aacda427403e93ff553434591b3) Importer(815301076,1909f56bfc062723c751e8b465ee728b)
Start importing Assets/Scripts/luiz-cent-ZA6KIwNAJ-A-unsplash-modified.png using Guid(8fd22aacda427403e93ff553434591b3) Importer(815301076,1909f56bfc062723c751e8b465ee728b)  -> (artifact id: 'dfad472d36425069648c4ab74a7292eb') in 1.149566 seconds 
========================================================================
Received Prepare
Registering precompiled user dll's ...
Registered in 0.046288 seconds.
Begin MonoManager ReloadAssembly
Symbol file LoadedFromMemory doesn't match image C:\Users\kwanj\Documents\GitHub\CITS3200_14\app_version_1.1\Library\PackageCache\com.unity.visualscripting@1.7.8\Editor\VisualScripting.Core\Dependencies\DotNetZip\Unity.VisualScripting.IonicZip.dll
Symbol file LoadedFromMemory doesn't match image C:\Users\kwanj\Documents\GitHub\CITS3200_14\app_version_1.1\Library\PackageCache\com.unity.visualscripting@1.7.8\Editor\VisualScripting.Core\Dependencies\YamlDotNet\Unity.VisualScripting.YamlDotNet.dll
Native extension for WindowsStandalone target not found
Native extension for Android target not found
Refreshing native plugins compatible for Editor in 2.77 ms, found 7 plugins.
Preloading 0 native plugins for Editor in 0.00 ms.
Unable to write to 'ProjectSettings\GvhProjectSettings.xml' (System.IO.IOException: Sharing violation on path C:\Users\kwanj\Documents\GitHub\CITS3200_14\app_version_1.1\ProjectSettings\GvhProjectSettings.xml
  at System.IO.FileStream..ctor (System.String path, System.IO.FileMode mode, System.IO.FileAccess access, System.IO.FileShare share, System.Int32 bufferSize, System.Boolean anonymous, System.IO.FileOptions options) [0x0019e] in <c2a97e0383e8404c9fc0ae19d58f57f1>:0 
  at System.IO.FileStream..ctor (System.String path, System.IO.FileMode mode, System.IO.FileAccess access, System.IO.FileShare share, System.Int32 bufferSize, System.IO.FileOptions options) [0x00000] in <c2a97e0383e8404c9fc0ae19d58f57f1>:0 
  at System.IO.FileStream..ctor (System.String path, System.IO.FileMode mode, System.IO.FileAccess access, System.IO.FileShare share, System.Int32 bufferSize, System.Boolean useAsync) [0x00000] in <c2a97e0383e8404c9fc0ae19d58f57f1>:0 
  at (wrapper remoting-invoke-with-check) System.IO.FileStream..ctor(string,System.IO.FileMode,System.IO.FileAccess,System.IO.FileShare,int,bool)
  at System.Xml.XmlWriterSettings.CreateWriter (System.String outputFileName) [0x00051] in <06d4f84f93654a40b99ad3980ea716bc>:0 
  at System.Xml.XmlWriter.Create (System.String outputFileName, System.Xml.XmlWriterSettings settings) [0x0000a] in <06d4f84f93654a40b99ad3980ea716bc>:0 
  at Google.ProjectSettings.Save () [0x0006d] in /Users/chkuang/Workspace/git/unity-jar-resolver/source/VersionHandlerImpl/src/ProjectSettings.cs:821 , Project settings were not saved!
0x00007ff6fed2f07d (Unity) StackWalker::GetCurrentCallstack
0x00007ff6fed35d59 (Unity) StackWalker::ShowCallstack
0x00007ff6ffca55f3 (Unity) GetStacktrace
0x00007ff70033cbfd (Unity) DebugStringToFile
0x00007ff6fdeaf482 (Unity) DebugLogHandler_CUSTOM_Internal_Log
0x0000017940078333 (Mono JIT Code) (wrapper managed-to-native) UnityEngine.DebugLogHandler:Internal_Log (UnityEngine.LogType,UnityEngine.LogOption,string,UnityEngine.Object)
0x0000017940077fdb (Mono JIT Code) UnityEngine.DebugLogHandler:LogFormat (UnityEngine.LogType,UnityEngine.Object,string,object[])
0x0000017940077d20 (Mono JIT Code) UnityEngine.Logger:Log (UnityEngine.LogType,object)
0x0000017940077be5 (Mono JIT Code) UnityEngine.Debug:LogError (object)
0x00000179400779db (Mono JIT Code) [Logger.cs:137] Google.Logger:Log (string,Google.LogLevel) 
0x00000179422fb94b (Mono JIT Code) [ProjectSettings.cs:847] Google.ProjectSettings:Save () 
0x00000179422fb0db (Mono JIT Code) [ProjectSettings.cs:485] Google.ProjectSettings:SetBool (string,bool,Google.SettingsLocation) 
0x00000179422fafd3 (Mono JIT Code) [ProjectSettings.cs:498] Google.ProjectSettings:SetBool (string,bool) 
0x00000179422faf33 (Mono JIT Code) [IOSResolver.cs:1008] Google.IOSResolver:set_VerboseLoggingEnabled (bool) 
0x000001793e8cfcdb (Mono JIT Code) [IOSResolver.cs:707] Google.IOSResolver:.cctor () 
0x000001793fe90135 (Mono JIT Code) (wrapper runtime-invoke) object:runtime_invoke_void (object,intptr,intptr,intptr)
0x00007ffb5f96fe24 (mono-2.0-bdwgc) [mini-runtime.c:3445] mono_jit_runtime_invoke 
0x00007ffb5f8ae764 (mono-2.0-bdwgc) [object.c:3066] do_runtime_invoke 
0x00007ffb5f8a9810 (mono-2.0-bdwgc) [object.c:563] mono_runtime_class_init_full 
0x00007ffb5f816290 (mono-2.0-bdwgc) [icall-def.h:751] ves_icall_System_Runtime_CompilerServices_RuntimeHelpers_RunClassConstructor_raw 
0x000001793e8cef1a (Mono JIT Code) (wrapper managed-to-native) System.Runtime.CompilerServices.RuntimeHelpers:RunClassConstructor (intptr)
0x000001793e8cee0b (Mono JIT Code) System.Runtime.CompilerServices.RuntimeHelpers:RunClassConstructor (System.RuntimeTypeHandle)
0x000001793e8cdc13 (Mono JIT Code) UnityEditor.EditorAssemblies:ProcessInitializeOnLoadAttributes (System.Type[])
0x0000017936d02ef8 (Mono JIT Code) (wrapper runtime-invoke) <Module>:runtime_invoke_void_object (object,intptr,intptr,intptr)
0x00007ffb5f96fe24 (mono-2.0-bdwgc) [mini-runtime.c:3445] mono_jit_runtime_invoke 
0x00007ffb5f8ae764 (mono-2.0-bdwgc) [object.c:3066] do_runtime_invoke 
0x00007ffb5f8ae8fc (mono-2.0-bdwgc) [object.c:3113] mono_runtime_invoke 
0x00007ff6fec53354 (Unity) scripting_method_invoke
0x00007ff6fec32be4 (Unity) ScriptingInvocation::Invoke
0x00007ff6fec2d7f5 (Unity) ScriptingInvocation::Invoke<void>
0x00007ff6fed871c3 (Unity) Scripting::UnityEditor::EditorAssembliesProxy::ProcessInitializeOnLoadAttributes
0x00007ff6fec27a9b (Unity) MonoManager::SetupLoadedEditorAssemblies
0x00007ff6fec1d77d (Unity) MonoManager::EndReloadAssembly
0x00007ff6fec25118 (Unity) MonoManager::ReloadAssembly
0x00007ff6ffb601d2 (Unity) LoadDomainAndUserAssemblies
0x00007ff6ffb60904 (Unity) LoadUserAssemblies
0x00007ff70005196f (Unity) <lambda_fd5b5f9f09edde8cbb0f784a99c7df3e>::operator()
0x00007ff700091222 (Unity) asio::detail::completion_handler<core::mutable_function<void __cdecl(void)>,asio::io_context::basic_executor_type<std::allocator<void>,0> >::do_complete
0x00007ff70007d10e (Unity) asio::detail::win_iocp_io_context::do_one
0x00007ff70007ed74 (Unity) asio::detail::win_iocp_io_context::run
0x00007ff70008f60e (Unity) IOService::Run
0x00007ff70006239f (Unity) AssetImportWorkerClient::Run
0x00007ff70002c943 (Unity) RunAssetImportWorkerClientV2
0x00007ff70002c9cb (Unity) RunAssetImporterV2
0x00007ff6ff852418 (Unity) Application::InitializeProject
0x00007ff6ffcafd38 (Unity) WinMain
0x00007ff7010364ae (Unity) __scrt_common_main_seh
0x00007ffbe28254e0 (KERNEL32) BaseThreadInitThunk
0x00007ffbe31c485b (ntdll) RtlUserThreadStart

Mono: successfully reloaded assembly
- Completed reload, in  3.447 seconds
Domain Reload Profiling:
	ReloadAssembly (3449ms)
		BeginReloadAssembly (344ms)
			ExecutionOrderSort (0ms)
			DisableScriptedObjects (15ms)
			BackupInstance (0ms)
			ReleaseScriptingObjects (0ms)
			CreateAndSetChildDomain (108ms)
		EndReloadAssembly (2813ms)
			LoadAssemblies (261ms)
			RebuildTransferFunctionScriptingTraits (0ms)
			SetupTypeCache (828ms)
			ReleaseScriptCaches (3ms)
			RebuildScriptCaches (124ms)
			SetupLoadedEditorAssemblies (1459ms)
				LogAssemblyErrors (0ms)
				InitializePlatformSupportModulesInManaged (56ms)
				SetLoadedEditorAssemblies (1ms)
				RefreshPlugins (3ms)
				BeforeProcessingInitializeOnLoad (214ms)
				ProcessInitializeOnLoadAttributes (1014ms)
				ProcessInitializeOnLoadMethodAttributes (153ms)
				AfterProcessingInitializeOnLoad (18ms)
				EditorAssembliesLoaded (0ms)
			ExecutionOrderSort2 (0ms)
			AwakeInstancesAfterBackupRestoration (22ms)
Platform modules already initialized, skipping
Refreshing native plugins compatible for Editor in 20.38 ms, found 7 plugins.
Preloading 0 native plugins for Editor in 0.00 ms.
Unloading 4399 Unused Serialized files (Serialized files now loaded: 0)
Unloading 72 unused Assets / (26.1 KB). Loaded Objects now: 4807.
Memory consumption went from 166.3 MB to 166.3 MB.
Total: 7.588100 ms (FindLiveObjects: 0.552100 ms CreateObjectMapping: 0.325700 ms MarkObjects: 6.626800 ms  DeleteObjects: 0.081900 ms)

AssetImportParameters requested are different than current active one (requested -> active):
  custom:video-decoder-ogg-theora: a1e56fd34408186e4bbccfd4996cb3dc -> 
  custom:container-muxer-webm: aa71ff27fc2769a1b78a27578f13a17b -> 
  custom:container-demuxer-webm: 4f35f7cbe854078d1ac9338744f61a02 -> 
  custom:video-encoder-webm-vp8: eb34c28f22e8b96e1ab97ce403110664 -> 
  custom:audio-encoder-webm-vorbis: bf7c407c2cedff20999df2af8eb42d56 -> 
  custom:framework-win-MediaFoundation: 216162199b28c13a410421893ffa2e32 -> 
  custom:container-demuxer-ogg: 62fdf1f143b41e24485cea50d1cbac27 -> 
  custom:video-decoder-webm-vp8: 9c59270c3fd7afecdb556c50c9e8de78 -> 
  custom:audio-decoder-ogg-vorbis: bf7c407c2cedff20999df2af8eb42d56 -> 
========================================================================
Received Import Request.
  Time since last request: 39.800136 seconds.
  path: Assets/Scripts/EmailHandler.cs
  artifactKey: Guid(b914e7147452b0445987fb166ad7663c) Importer(815301076,1909f56bfc062723c751e8b465ee728b)
Start importing Assets/Scripts/EmailHandler.cs using Guid(b914e7147452b0445987fb166ad7663c) Importer(815301076,1909f56bfc062723c751e8b465ee728b)  -> (artifact id: '1d95e545dc8007d909970fc0782c6131') in 0.023789 seconds 
========================================================================
Received Prepare
Registering precompiled user dll's ...
Registered in 0.025031 seconds.
Begin MonoManager ReloadAssembly
Symbol file LoadedFromMemory doesn't match image C:\Users\kwanj\Documents\GitHub\CITS3200_14\app_version_1.1\Library\PackageCache\com.unity.visualscripting@1.7.8\Editor\VisualScripting.Core\Dependencies\DotNetZip\Unity.VisualScripting.IonicZip.dll
Symbol file LoadedFromMemory doesn't match image C:\Users\kwanj\Documents\GitHub\CITS3200_14\app_version_1.1\Library\PackageCache\com.unity.visualscripting@1.7.8\Editor\VisualScripting.Core\Dependencies\YamlDotNet\Unity.VisualScripting.YamlDotNet.dll
Native extension for WindowsStandalone target not found
Native extension for Android target not found
Refreshing native plugins compatible for Editor in 2.19 ms, found 7 plugins.
Preloading 0 native plugins for Editor in 0.00 ms.
Unable to write to 'ProjectSettings\GvhProjectSettings.xml' (System.IO.IOException: Sharing violation on path C:\Users\kwanj\Documents\GitHub\CITS3200_14\app_version_1.1\ProjectSettings\GvhProjectSettings.xml
  at System.IO.FileStream..ctor (System.String path, System.IO.FileMode mode, System.IO.FileAccess access, System.IO.FileShare share, System.Int32 bufferSize, System.Boolean anonymous, System.IO.FileOptions options) [0x0019e] in <c2a97e0383e8404c9fc0ae19d58f57f1>:0 
  at System.IO.FileStream..ctor (System.String path, System.IO.FileMode mode, System.IO.FileAccess access, System.IO.FileShare share, System.Int32 bufferSize, System.IO.FileOptions options) [0x00000] in <c2a97e0383e8404c9fc0ae19d58f57f1>:0 
  at System.IO.FileStream..ctor (System.String path, System.IO.FileMode mode, System.IO.FileAccess access, System.IO.FileShare share, System.Int32 bufferSize, System.Boolean useAsync) [0x00000] in <c2a97e0383e8404c9fc0ae19d58f57f1>:0 
  at (wrapper remoting-invoke-with-check) System.IO.FileStream..ctor(string,System.IO.FileMode,System.IO.FileAccess,System.IO.FileShare,int,bool)
  at System.Xml.XmlWriterSettings.CreateWriter (System.String outputFileName) [0x00051] in <06d4f84f93654a40b99ad3980ea716bc>:0 
  at System.Xml.XmlWriter.Create (System.String outputFileName, System.Xml.XmlWriterSettings settings) [0x0000a] in <06d4f84f93654a40b99ad3980ea716bc>:0 
  at Google.ProjectSettings.Save () [0x0006d] in /Users/chkuang/Workspace/git/unity-jar-resolver/source/VersionHandlerImpl/src/ProjectSettings.cs:821 , Project settings were not saved!
0x00007ff6fed2f07d (Unity) StackWalker::GetCurrentCallstack
0x00007ff6fed35d59 (Unity) StackWalker::ShowCallstack
0x00007ff6ffca55f3 (Unity) GetStacktrace
0x00007ff70033cbfd (Unity) DebugStringToFile
0x00007ff6fdeaf482 (Unity) DebugLogHandler_CUSTOM_Internal_Log
0x0000017940018333 (Mono JIT Code) (wrapper managed-to-native) UnityEngine.DebugLogHandler:Internal_Log (UnityEngine.LogType,UnityEngine.LogOption,string,UnityEngine.Object)
0x0000017940017fdb (Mono JIT Code) UnityEngine.DebugLogHandler:LogFormat (UnityEngine.LogType,UnityEngine.Object,string,object[])
0x0000017940017d20 (Mono JIT Code) UnityEngine.Logger:Log (UnityEngine.LogType,object)
0x0000017940017be5 (Mono JIT Code) UnityEngine.Debug:LogError (object)
0x00000179400179db (Mono JIT Code) [Logger.cs:137] Google.Logger:Log (string,Google.LogLevel) 
0x0000017937ecb94b (Mono JIT Code) [ProjectSettings.cs:847] Google.ProjectSettings:Save () 
0x0000017937ecb0db (Mono JIT Code) [ProjectSettings.cs:485] Google.ProjectSettings:SetBool (string,bool,Google.SettingsLocation) 
0x0000017937ecafd3 (Mono JIT Code) [ProjectSettings.cs:498] Google.ProjectSettings:SetBool (string,bool) 
0x0000017937ecaf33 (Mono JIT Code) [IOSResolver.cs:1008] Google.IOSResolver:set_VerboseLoggingEnabled (bool) 
0x0000017936dffc3b (Mono JIT Code) [IOSResolver.cs:707] Google.IOSResolver:.cctor () 
0x0000017938290155 (Mono JIT Code) (wrapper runtime-invoke) object:runtime_invoke_void (object,intptr,intptr,intptr)
0x00007ffb5f96fe24 (mono-2.0-bdwgc) [mini-runtime.c:3445] mono_jit_runtime_invoke 
0x00007ffb5f8ae764 (mono-2.0-bdwgc) [object.c:3066] do_runtime_invoke 
0x00007ffb5f8a9810 (mono-2.0-bdwgc) [object.c:563] mono_runtime_class_init_full 
0x00007ffb5f816290 (mono-2.0-bdwgc) [icall-def.h:751] ves_icall_System_Runtime_CompilerServices_RuntimeHelpers_RunClassConstructor_raw 
0x0000017936dfee7a (Mono JIT Code) (wrapper managed-to-native) System.Runtime.CompilerServices.RuntimeHelpers:RunClassConstructor (intptr)
0x0000017936dfed6b (Mono JIT Code) System.Runtime.CompilerServices.RuntimeHelpers:RunClassConstructor (System.RuntimeTypeHandle)
0x0000017936dfdb73 (Mono JIT Code) UnityEditor.EditorAssemblies:ProcessInitializeOnLoadAttributes (System.Type[])
0x00000179422f2ef8 (Mono JIT Code) (wrapper runtime-invoke) <Module>:runtime_invoke_void_object (object,intptr,intptr,intptr)
0x00007ffb5f96fe24 (mono-2.0-bdwgc) [mini-runtime.c:3445] mono_jit_runtime_invoke 
0x00007ffb5f8ae764 (mono-2.0-bdwgc) [object.c:3066] do_runtime_invoke 
0x00007ffb5f8ae8fc (mono-2.0-bdwgc) [object.c:3113] mono_runtime_invoke 
0x00007ff6fec53354 (Unity) scripting_method_invoke
0x00007ff6fec32be4 (Unity) ScriptingInvocation::Invoke
0x00007ff6fec2d7f5 (Unity) ScriptingInvocation::Invoke<void>
0x00007ff6fed871c3 (Unity) Scripting::UnityEditor::EditorAssembliesProxy::ProcessInitializeOnLoadAttributes
0x00007ff6fec27a9b (Unity) MonoManager::SetupLoadedEditorAssemblies
0x00007ff6fec1d77d (Unity) MonoManager::EndReloadAssembly
0x00007ff6fec25118 (Unity) MonoManager::ReloadAssembly
0x00007ff6ffb601d2 (Unity) LoadDomainAndUserAssemblies
0x00007ff6ffb60904 (Unity) LoadUserAssemblies
0x00007ff70005196f (Unity) <lambda_fd5b5f9f09edde8cbb0f784a99c7df3e>::operator()
0x00007ff700091222 (Unity) asio::detail::completion_handler<core::mutable_function<void __cdecl(void)>,asio::io_context::basic_executor_type<std::allocator<void>,0> >::do_complete
0x00007ff70007d10e (Unity) asio::detail::win_iocp_io_context::do_one
0x00007ff70007ed74 (Unity) asio::detail::win_iocp_io_context::run
0x00007ff70008f60e (Unity) IOService::Run
0x00007ff70006239f (Unity) AssetImportWorkerClient::Run
0x00007ff70002c943 (Unity) RunAssetImportWorkerClientV2
0x00007ff70002c9cb (Unity) RunAssetImporterV2
0x00007ff6ff852418 (Unity) Application::InitializeProject
0x00007ff6ffcafd38 (Unity) WinMain
0x00007ff7010364ae (Unity) __scrt_common_main_seh
0x00007ffbe28254e0 (KERNEL32) BaseThreadInitThunk
0x00007ffbe31c485b (ntdll) RtlUserThreadStart

Mono: successfully reloaded assembly
- Completed reload, in  2.803 seconds
Domain Reload Profiling:
	ReloadAssembly (2805ms)
		BeginReloadAssembly (280ms)
			ExecutionOrderSort (0ms)
			DisableScriptedObjects (21ms)
			BackupInstance (0ms)
			ReleaseScriptingObjects (0ms)
			CreateAndSetChildDomain (80ms)
		EndReloadAssembly (2327ms)
			LoadAssemblies (203ms)
			RebuildTransferFunctionScriptingTraits (0ms)
			SetupTypeCache (701ms)
			ReleaseScriptCaches (3ms)
			RebuildScriptCaches (133ms)
			SetupLoadedEditorAssemblies (1156ms)
				LogAssemblyErrors (0ms)
				InitializePlatformSupportModulesInManaged (52ms)
				SetLoadedEditorAssemblies (2ms)
				RefreshPlugins (2ms)
				BeforeProcessingInitializeOnLoad (209ms)
				ProcessInitializeOnLoadAttributes (782ms)
				ProcessInitializeOnLoadMethodAttributes (95ms)
				AfterProcessingInitializeOnLoad (13ms)
				EditorAssembliesLoaded (0ms)
			ExecutionOrderSort2 (0ms)
			AwakeInstancesAfterBackupRestoration (20ms)
Platform modules already initialized, skipping
Refreshing native plugins compatible for Editor in 15.63 ms, found 7 plugins.
Preloading 0 native plugins for Editor in 0.00 ms.
Unloading 4399 Unused Serialized files (Serialized files now loaded: 0)
Unloading 72 unused Assets / (26.0 KB). Loaded Objects now: 4810.
Memory consumption went from 166.4 MB to 166.3 MB.
Total: 10.196800 ms (FindLiveObjects: 0.622300 ms CreateObjectMapping: 0.452600 ms MarkObjects: 8.998700 ms  DeleteObjects: 0.122000 ms)

AssetImportParameters requested are different than current active one (requested -> active):
  custom:video-decoder-ogg-theora: a1e56fd34408186e4bbccfd4996cb3dc -> 
  custom:container-muxer-webm: aa71ff27fc2769a1b78a27578f13a17b -> 
  custom:container-demuxer-webm: 4f35f7cbe854078d1ac9338744f61a02 -> 
  custom:video-encoder-webm-vp8: eb34c28f22e8b96e1ab97ce403110664 -> 
  custom:audio-encoder-webm-vorbis: bf7c407c2cedff20999df2af8eb42d56 -> 
  custom:framework-win-MediaFoundation: 216162199b28c13a410421893ffa2e32 -> 
  custom:container-demuxer-ogg: 62fdf1f143b41e24485cea50d1cbac27 -> 
  custom:video-decoder-webm-vp8: 9c59270c3fd7afecdb556c50c9e8de78 -> 
  custom:audio-decoder-ogg-vorbis: bf7c407c2cedff20999df2af8eb42d56 -> 
========================================================================
Received Prepare
Registering precompiled user dll's ...
Registered in 0.048014 seconds.
Begin MonoManager ReloadAssembly
Symbol file LoadedFromMemory doesn't match image C:\Users\kwanj\Documents\GitHub\CITS3200_14\app_version_1.1\Library\PackageCache\com.unity.visualscripting@1.7.8\Editor\VisualScripting.Core\Dependencies\DotNetZip\Unity.VisualScripting.IonicZip.dll
Symbol file LoadedFromMemory doesn't match image C:\Users\kwanj\Documents\GitHub\CITS3200_14\app_version_1.1\Library\PackageCache\com.unity.visualscripting@1.7.8\Editor\VisualScripting.Core\Dependencies\YamlDotNet\Unity.VisualScripting.YamlDotNet.dll
Native extension for WindowsStandalone target not found
Native extension for Android target not found
Refreshing native plugins compatible for Editor in 2.79 ms, found 7 plugins.
Preloading 0 native plugins for Editor in 0.00 ms.
Unable to write to 'ProjectSettings\GvhProjectSettings.xml' (System.IO.IOException: Sharing violation on path C:\Users\kwanj\Documents\GitHub\CITS3200_14\app_version_1.1\ProjectSettings\GvhProjectSettings.xml
  at System.IO.FileStream..ctor (System.String path, System.IO.FileMode mode, System.IO.FileAccess access, System.IO.FileShare share, System.Int32 bufferSize, System.Boolean anonymous, System.IO.FileOptions options) [0x0019e] in <c2a97e0383e8404c9fc0ae19d58f57f1>:0 
  at System.IO.FileStream..ctor (System.String path, System.IO.FileMode mode, System.IO.FileAccess access, System.IO.FileShare share, System.Int32 bufferSize, System.IO.FileOptions options) [0x00000] in <c2a97e0383e8404c9fc0ae19d58f57f1>:0 
  at System.IO.FileStream..ctor (System.String path, System.IO.FileMode mode, System.IO.FileAccess access, System.IO.FileShare share, System.Int32 bufferSize, System.Boolean useAsync) [0x00000] in <c2a97e0383e8404c9fc0ae19d58f57f1>:0 
  at (wrapper remoting-invoke-with-check) System.IO.FileStream..ctor(string,System.IO.FileMode,System.IO.FileAccess,System.IO.FileShare,int,bool)
  at System.Xml.XmlWriterSettings.CreateWriter (System.String outputFileName) [0x00051] in <06d4f84f93654a40b99ad3980ea716bc>:0 
  at System.Xml.XmlWriter.Create (System.String outputFileName, System.Xml.XmlWriterSettings settings) [0x0000a] in <06d4f84f93654a40b99ad3980ea716bc>:0 
  at Google.ProjectSettings.Save () [0x0006d] in /Users/chkuang/Workspace/git/unity-jar-resolver/source/VersionHandlerImpl/src/ProjectSettings.cs:821 , Project settings were not saved!
0x00007ff6fed2f07d (Unity) StackWalker::GetCurrentCallstack
0x00007ff6fed35d59 (Unity) StackWalker::ShowCallstack
0x00007ff6ffca55f3 (Unity) GetStacktrace
0x00007ff70033cbfd (Unity) DebugStringToFile
0x00007ff6fdeaf482 (Unity) DebugLogHandler_CUSTOM_Internal_Log
0x000001793c368333 (Mono JIT Code) (wrapper managed-to-native) UnityEngine.DebugLogHandler:Internal_Log (UnityEngine.LogType,UnityEngine.LogOption,string,UnityEngine.Object)
0x000001793c367fdb (Mono JIT Code) UnityEngine.DebugLogHandler:LogFormat (UnityEngine.LogType,UnityEngine.Object,string,object[])
0x000001793c367d20 (Mono JIT Code) UnityEngine.Logger:Log (UnityEngine.LogType,object)
0x000001793c367be5 (Mono JIT Code) UnityEngine.Debug:LogError (object)
0x000001793c3679db (Mono JIT Code) [Logger.cs:137] Google.Logger:Log (string,Google.LogLevel) 
0x000001793c35b94b (Mono JIT Code) [ProjectSettings.cs:847] Google.ProjectSettings:Save () 
0x000001793c35b0db (Mono JIT Code) [ProjectSettings.cs:485] Google.ProjectSettings:SetBool (string,bool,Google.SettingsLocation) 
0x000001793c35afd3 (Mono JIT Code) [ProjectSettings.cs:498] Google.ProjectSettings:SetBool (string,bool) 
0x000001793c35af33 (Mono JIT Code) [IOSResolver.cs:1008] Google.IOSResolver:set_VerboseLoggingEnabled (bool) 
0x0000017937edfc3b (Mono JIT Code) [IOSResolver.cs:707] Google.IOSResolver:.cctor () 
0x0000017937ee0155 (Mono JIT Code) (wrapper runtime-invoke) object:runtime_invoke_void (object,intptr,intptr,intptr)
0x00007ffb5f96fe24 (mono-2.0-bdwgc) [mini-runtime.c:3445] mono_jit_runtime_invoke 
0x00007ffb5f8ae764 (mono-2.0-bdwgc) [object.c:3066] do_runtime_invoke 
0x00007ffb5f8a9810 (mono-2.0-bdwgc) [object.c:563] mono_runtime_class_init_full 
0x00007ffb5f816290 (mono-2.0-bdwgc) [icall-def.h:751] ves_icall_System_Runtime_CompilerServices_RuntimeHelpers_RunClassConstructor_raw 
0x0000017937edee7a (Mono JIT Code) (wrapper managed-to-native) System.Runtime.CompilerServices.RuntimeHelpers:RunClassConstructor (intptr)
0x0000017937eded6b (Mono JIT Code) System.Runtime.CompilerServices.RuntimeHelpers:RunClassConstructor (System.RuntimeTypeHandle)
0x0000017937eddb73 (Mono JIT Code) UnityEditor.EditorAssemblies:ProcessInitializeOnLoadAttributes (System.Type[])
0x0000017940022ef8 (Mono JIT Code) (wrapper runtime-invoke) <Module>:runtime_invoke_void_object (object,intptr,intptr,intptr)
0x00007ffb5f96fe24 (mono-2.0-bdwgc) [mini-runtime.c:3445] mono_jit_runtime_invoke 
0x00007ffb5f8ae764 (mono-2.0-bdwgc) [object.c:3066] do_runtime_invoke 
0x00007ffb5f8ae8fc (mono-2.0-bdwgc) [object.c:3113] mono_runtime_invoke 
0x00007ff6fec53354 (Unity) scripting_method_invoke
0x00007ff6fec32be4 (Unity) ScriptingInvocation::Invoke
0x00007ff6fec2d7f5 (Unity) ScriptingInvocation::Invoke<void>
0x00007ff6fed871c3 (Unity) Scripting::UnityEditor::EditorAssembliesProxy::ProcessInitializeOnLoadAttributes
0x00007ff6fec27a9b (Unity) MonoManager::SetupLoadedEditorAssemblies
0x00007ff6fec1d77d (Unity) MonoManager::EndReloadAssembly
0x00007ff6fec25118 (Unity) MonoManager::ReloadAssembly
0x00007ff6ffb601d2 (Unity) LoadDomainAndUserAssemblies
0x00007ff6ffb60904 (Unity) LoadUserAssemblies
0x00007ff70005196f (Unity) <lambda_fd5b5f9f09edde8cbb0f784a99c7df3e>::operator()
0x00007ff700091222 (Unity) asio::detail::completion_handler<core::mutable_function<void __cdecl(void)>,asio::io_context::basic_executor_type<std::allocator<void>,0> >::do_complete
0x00007ff70007d10e (Unity) asio::detail::win_iocp_io_context::do_one
0x00007ff70007ed74 (Unity) asio::detail::win_iocp_io_context::run
0x00007ff70008f60e (Unity) IOService::Run
0x00007ff70006239f (Unity) AssetImportWorkerClient::Run
0x00007ff70002c943 (Unity) RunAssetImportWorkerClientV2
0x00007ff70002c9cb (Unity) RunAssetImporterV2
0x00007ff6ff852418 (Unity) Application::InitializeProject
0x00007ff6ffcafd38 (Unity) WinMain
0x00007ff7010364ae (Unity) __scrt_common_main_seh
0x00007ffbe28254e0 (KERNEL32) BaseThreadInitThunk
0x00007ffbe31c485b (ntdll) RtlUserThreadStart

Mono: successfully reloaded assembly
- Completed reload, in  2.664 seconds
Domain Reload Profiling:
	ReloadAssembly (2665ms)
		BeginReloadAssembly (291ms)
			ExecutionOrderSort (0ms)
			DisableScriptedObjects (18ms)
			BackupInstance (0ms)
			ReleaseScriptingObjects (0ms)
			CreateAndSetChildDomain (93ms)
		EndReloadAssembly (2114ms)
			LoadAssemblies (193ms)
			RebuildTransferFunctionScriptingTraits (0ms)
			SetupTypeCache (573ms)
			ReleaseScriptCaches (2ms)
			RebuildScriptCaches (116ms)
			SetupLoadedEditorAssemblies (1131ms)
				LogAssemblyErrors (0ms)
				InitializePlatformSupportModulesInManaged (49ms)
				SetLoadedEditorAssemblies (3ms)
				RefreshPlugins (3ms)
				BeforeProcessingInitializeOnLoad (200ms)
				ProcessInitializeOnLoadAttributes (782ms)
				ProcessInitializeOnLoadMethodAttributes (83ms)
				AfterProcessingInitializeOnLoad (11ms)
				EditorAssembliesLoaded (0ms)
			ExecutionOrderSort2 (0ms)
			AwakeInstancesAfterBackupRestoration (16ms)
Platform modules already initialized, skipping
Refreshing native plugins compatible for Editor in 14.02 ms, found 7 plugins.
Preloading 0 native plugins for Editor in 0.00 ms.
Unloading 4399 Unused Serialized files (Serialized files now loaded: 0)
Unloading 72 unused Assets / (26.0 KB). Loaded Objects now: 4813.
Memory consumption went from 166.4 MB to 166.4 MB.
Total: 6.109400 ms (FindLiveObjects: 0.399200 ms CreateObjectMapping: 0.321200 ms MarkObjects: 5.332400 ms  DeleteObjects: 0.055100 ms)

AssetImportParameters requested are different than current active one (requested -> active):
  custom:video-decoder-ogg-theora: a1e56fd34408186e4bbccfd4996cb3dc -> 
  custom:container-muxer-webm: aa71ff27fc2769a1b78a27578f13a17b -> 
  custom:container-demuxer-webm: 4f35f7cbe854078d1ac9338744f61a02 -> 
  custom:video-encoder-webm-vp8: eb34c28f22e8b96e1ab97ce403110664 -> 
  custom:audio-encoder-webm-vorbis: bf7c407c2cedff20999df2af8eb42d56 -> 
  custom:framework-win-MediaFoundation: 216162199b28c13a410421893ffa2e32 -> 
  custom:container-demuxer-ogg: 62fdf1f143b41e24485cea50d1cbac27 -> 
  custom:video-decoder-webm-vp8: 9c59270c3fd7afecdb556c50c9e8de78 -> 
  custom:audio-decoder-ogg-vorbis: bf7c407c2cedff20999df2af8eb42d56 -> 
========================================================================
Received Prepare
Registering precompiled user dll's ...
Registered in 0.025238 seconds.
Begin MonoManager ReloadAssembly
Symbol file LoadedFromMemory doesn't match image C:\Users\kwanj\Documents\GitHub\CITS3200_14\app_version_1.1\Library\PackageCache\com.unity.visualscripting@1.7.8\Editor\VisualScripting.Core\Dependencies\DotNetZip\Unity.VisualScripting.IonicZip.dll
Symbol file LoadedFromMemory doesn't match image C:\Users\kwanj\Documents\GitHub\CITS3200_14\app_version_1.1\Library\PackageCache\com.unity.visualscripting@1.7.8\Editor\VisualScripting.Core\Dependencies\YamlDotNet\Unity.VisualScripting.YamlDotNet.dll
Native extension for WindowsStandalone target not found
Native extension for Android target not found
Refreshing native plugins compatible for Editor in 1.63 ms, found 7 plugins.
Preloading 0 native plugins for Editor in 0.00 ms.
Mono: successfully reloaded assembly
- Completed reload, in  2.190 seconds
Domain Reload Profiling:
	ReloadAssembly (2191ms)
		BeginReloadAssembly (219ms)
			ExecutionOrderSort (0ms)
			DisableScriptedObjects (14ms)
			BackupInstance (0ms)
			ReleaseScriptingObjects (0ms)
			CreateAndSetChildDomain (65ms)
		EndReloadAssembly (1771ms)
			LoadAssemblies (157ms)
			RebuildTransferFunctionScriptingTraits (0ms)
			SetupTypeCache (454ms)
			ReleaseScriptCaches (2ms)
			RebuildScriptCaches (94ms)
			SetupLoadedEditorAssemblies (954ms)
				LogAssemblyErrors (0ms)
				InitializePlatformSupportModulesInManaged (40ms)
				SetLoadedEditorAssemblies (1ms)
				RefreshPlugins (2ms)
				BeforeProcessingInitializeOnLoad (151ms)
				ProcessInitializeOnLoadAttributes (672ms)
				ProcessInitializeOnLoadMethodAttributes (77ms)
				AfterProcessingInitializeOnLoad (11ms)
				EditorAssembliesLoaded (0ms)
			ExecutionOrderSort2 (0ms)
			AwakeInstancesAfterBackupRestoration (18ms)
Platform modules already initialized, skipping
Refreshing native plugins compatible for Editor in 13.48 ms, found 7 plugins.
Preloading 0 native plugins for Editor in 0.00 ms.
Unloading 4399 Unused Serialized files (Serialized files now loaded: 0)
Unloading 72 unused Assets / (26.1 KB). Loaded Objects now: 4816.
Memory consumption went from 166.4 MB to 166.4 MB.
Total: 6.020000 ms (FindLiveObjects: 0.408100 ms CreateObjectMapping: 0.331800 ms MarkObjects: 5.206200 ms  DeleteObjects: 0.072100 ms)

AssetImportParameters requested are different than current active one (requested -> active):
  custom:video-decoder-ogg-theora: a1e56fd34408186e4bbccfd4996cb3dc -> 
  custom:container-muxer-webm: aa71ff27fc2769a1b78a27578f13a17b -> 
  custom:container-demuxer-webm: 4f35f7cbe854078d1ac9338744f61a02 -> 
  custom:video-encoder-webm-vp8: eb34c28f22e8b96e1ab97ce403110664 -> 
  custom:audio-encoder-webm-vorbis: bf7c407c2cedff20999df2af8eb42d56 -> 
  custom:framework-win-MediaFoundation: 216162199b28c13a410421893ffa2e32 -> 
  custom:container-demuxer-ogg: 62fdf1f143b41e24485cea50d1cbac27 -> 
  custom:video-decoder-webm-vp8: 9c59270c3fd7afecdb556c50c9e8de78 -> 
  custom:audio-decoder-ogg-vorbis: bf7c407c2cedff20999df2af8eb42d56 -> 
========================================================================
Received Prepare
Registering precompiled user dll's ...
Registered in 0.031158 seconds.
Begin MonoManager ReloadAssembly
Symbol file LoadedFromMemory doesn't match image C:\Users\kwanj\Documents\GitHub\CITS3200_14\app_version_1.1\Library\PackageCache\com.unity.visualscripting@1.7.8\Editor\VisualScripting.Core\Dependencies\DotNetZip\Unity.VisualScripting.IonicZip.dll
Symbol file LoadedFromMemory doesn't match image C:\Users\kwanj\Documents\GitHub\CITS3200_14\app_version_1.1\Library\PackageCache\com.unity.visualscripting@1.7.8\Editor\VisualScripting.Core\Dependencies\YamlDotNet\Unity.VisualScripting.YamlDotNet.dll
Native extension for WindowsStandalone target not found
Native extension for Android target not found
Refreshing native plugins compatible for Editor in 1.64 ms, found 7 plugins.
Preloading 0 native plugins for Editor in 0.00 ms.
Mono: successfully reloaded assembly
- Completed reload, in  2.796 seconds
Domain Reload Profiling:
	ReloadAssembly (2798ms)
		BeginReloadAssembly (263ms)
			ExecutionOrderSort (0ms)
			DisableScriptedObjects (19ms)
			BackupInstance (0ms)
			ReleaseScriptingObjects (0ms)
			CreateAndSetChildDomain (77ms)
		EndReloadAssembly (2300ms)
			LoadAssemblies (197ms)
			RebuildTransferFunctionScriptingTraits (0ms)
			SetupTypeCache (590ms)
			ReleaseScriptCaches (3ms)
			RebuildScriptCaches (110ms)
			SetupLoadedEditorAssemblies (1258ms)
				LogAssemblyErrors (0ms)
				InitializePlatformSupportModulesInManaged (44ms)
				SetLoadedEditorAssemblies (1ms)
				RefreshPlugins (2ms)
				BeforeProcessingInitializeOnLoad (198ms)
				ProcessInitializeOnLoadAttributes (887ms)
				ProcessInitializeOnLoadMethodAttributes (106ms)
				AfterProcessingInitializeOnLoad (19ms)
				EditorAssembliesLoaded (1ms)
			ExecutionOrderSort2 (0ms)
			AwakeInstancesAfterBackupRestoration (28ms)
Platform modules already initialized, skipping
Refreshing native plugins compatible for Editor in 15.14 ms, found 7 plugins.
Preloading 0 native plugins for Editor in 0.00 ms.
Unloading 4399 Unused Serialized files (Serialized files now loaded: 0)
Unloading 72 unused Assets / (26.1 KB). Loaded Objects now: 4819.
Memory consumption went from 166.4 MB to 166.4 MB.
Total: 7.510000 ms (FindLiveObjects: 0.518800 ms CreateObjectMapping: 0.453500 ms MarkObjects: 6.447500 ms  DeleteObjects: 0.088200 ms)

AssetImportParameters requested are different than current active one (requested -> active):
  custom:video-decoder-ogg-theora: a1e56fd34408186e4bbccfd4996cb3dc -> 
  custom:container-muxer-webm: aa71ff27fc2769a1b78a27578f13a17b -> 
  custom:container-demuxer-webm: 4f35f7cbe854078d1ac9338744f61a02 -> 
  custom:video-encoder-webm-vp8: eb34c28f22e8b96e1ab97ce403110664 -> 
  custom:audio-encoder-webm-vorbis: bf7c407c2cedff20999df2af8eb42d56 -> 
  custom:framework-win-MediaFoundation: 216162199b28c13a410421893ffa2e32 -> 
  custom:container-demuxer-ogg: 62fdf1f143b41e24485cea50d1cbac27 -> 
  custom:video-decoder-webm-vp8: 9c59270c3fd7afecdb556c50c9e8de78 -> 
  custom:audio-decoder-ogg-vorbis: bf7c407c2cedff20999df2af8eb42d56 -> 
